奇艺高清
凡人修仙传
本本联盟
华南师范大学图书馆
在线代理
伟大导演
youku
安徽合肥365房产网
哈萨克网址大全
IQ数码
推荐待机时间长的手机
满江红
光标下载
张国立的电视剧
吹暖花开性吧
怎么骂一个人不带脏字
百度一下
快播爽吧
118图库
qq老头像
聂磊
cf官网
无饶河，益慎职
怎么骂一个人不带脏字
暴力破解无线网络密码
12306.cn
傲视千雄
大唐小郎中
海口双岛幼儿园
王小丫
连连看
如图所示，水平传送带水平段长L=3m，两皮带轮半径均为r=
中国移动网上营业厅
人在囧途
梦幻打造熟练度
唐宫美人天下全集
满江红
pissing
www.june9.info@16
yunvxinjin
fdf
什么是高血压
剑圣出装lol
医院领导龙年新年贺词
直播吧
反恐精英
倾城之泪
女人阴帝
吾爱
海口双岛幼儿园
黄河鬼棺txt全集下载
男妓
邪龙逆天
长安b501报价
cf官网
两杠四星是什么军衔
问道鬼宠技能
开锁工具盗窃
stocking
亡灵
qq非主流情侣分组浪漫
baidu
新买的羽绒服要洗
柯南国语版全集优酷
狗狗书籍
vva手表
失恋33天下载
豪杰春香下载
pissing
张杰
qq飞车
笑傲江湖
三级猛片武则天
企业专利管理
傲视千雄
酷派d539
都市皇宫txt全集下载歪歪
金陵十三钗最新完整版
腊梅老桩价格
pissing
掌机游戏后宫
美女大全不穿衣17
考试大网站
qq校友
幼稚英文翻译
超能全才
长城哈弗h3
3d红蓝立体人体艺术
12306.cn
51
世界第一初恋小说
个性网
乐蜂网怎么样
电脑用HTC手机做猫
散仙世界
个性签名
张杰
cf官网
管理人员安全教育
二胡独奏彩云追月
clearaudio
lme铜
间谍迷城
分区魔术师
剑圣出装lol
异界之魔武流氓
计算机下载
拼拼网
日不落歌词
时光网
素女
舅舅生日祝福
帕奎奥
新版水浒传林冲娘子身边的丫鬟
嘴巴紫是心脏有问题
黑河电信网上营业厅
好看的高干文
体育个人总结
madio
西西外挂网
美女
禅境花园植物修改器
黑狐
十二大美女宽屏大图
最新电影
淘宝
魔域私服
首博韩美林展
聂磊
祁汉
用nero怎么刻录dvd
www.84aaa.com
土豆网
腾讯QQ好礼大赠送
第四色
舒淇绝版露
nga
美女未穿衣
毛远新
小说使劲我快丢了
极品ceo这里疼更新全集
剑魂觉醒加点
密爱
玛莎拉蒂总裁S
若隐若现内衣美女图片
狱中龙国语
电脑用HTC手机做猫
凰图腾全集
baidu
日本人体
vva手表
2012十二星座爱情运
支付宝
草榴网
b百度
两性图库
联通网上营业厅
魔动王国语版全集
baidu
stocking
百度
保时捷进气
企业名称测算
黑狐
工作总结
美国预言家预言中国
美女
索尼SR38高端商务笔记本电脑
新亮剑全集
推荐待机时间长的手机
张卫东
3d红蓝立体人体艺术
梦幻诛仙羽翼技能
何英离开越剧原因
求生之路1联机工具
修仙狂徒
舒淇绝版露
走油蹄髈做法
女人阴帝
武动乾坤
百度
pdf小说下载
梅州客家龙城游戏
北京江河幕墙招聘
晚娘2
魔动王国语版全集
海口双岛幼儿园
吉林四平市女副市长高京燕
《美人图
5173
宣化鑫光大刘洋视频
mc小u哈视频最新欣赏
铁甲钢拳
星尘传说
四大名捕重出江湖
检验科年度个人总结
汽车号码测吉凶
郁郁症
想念是会呼吸的痛
限售股解禁是什么意思
血战旗最新章节
一水硫酸锰
so
雪酷
修仙狂徒
网友见光是什么意思
桃花源记
clearaudio
黑河电信网上营业厅
企业专利管理
cf自动刷雷挂7
新亮剑21
QQ会员活动
天涯
女性尸体加工厂
take
pissing
辣椒网
金瓶梅
许巍最好听的歌
分区魔术师
显卡检测工具
斗破苍穹txt全集下载
庆余年
官道之戒sodu
office
av视频
武装歌词
意尔康钱包
新上门女婿全集
黑狐
brain
盈兴信贷
凰图腾全集
宣化鑫光大刘洋视频
永生33
www.95yin.com
问道鬼宠技能
人力资源
平清txt
梦三国怎么更新
天籁纸鸢的耽美小说
大众点评网
360
凰图腾1-30全集播放
91手机助手iphone版
翟鸿燊
http://www.xixiwg.com/
爸爸女儿是你的小浪穴亲妈
dnf天王争霸助威都领不到
快乐驿站赵本山
魔兽世界私服
腊梅老桩价格
元夜
三国杀
mp3
pdf书籍免费下载网站
爱拍
同学们在探究并联电路
新浪博客登录
深度联盟
一一影院
空速星痕
雪酷
腾讯QQ好礼大赠送
湖北政府网
5200
火影忍者漫画
剑圣出装lol
诺亚方舟
冬天干咳防治
中国移动
哪里有卖日本石猴
掌机游戏后宫txt下载
古典音乐大师
pdf书籍免费下载网站
xingjiaorentiyishu
幸福花园bl动漫耽美
H3PO4的溶液中，浓度
奶茶mm跳热舞露腋毛大图
中国移动
剑圣出装lol
毕加猪
霸王产品的前途
三国
土豆
大宋提刑官
异界之天龙降临
最后征战45集在线观看
字义解释砸
阿巴达电子书下载
张柏芝电脑丢失图片
我要自学网
伦理电影在线观看
电影区
异界之魔武流氓
草榴网
新浪读书vip破解
春暖花开性吧
千山暮雪全集
ww.百度
dnf官网
带着农场混一届
黑河电信网上营业厅
a67
wow.178.com
10MUSUME
xx
mp3
魔兽诛仙2.6攻略
快乐驿站赵本山
宣化鑫光大刘洋视频
成都全搜索
伟大导演
女人阴帝
修真败类
84AAA
命运长夜
9158虚拟视频
电子琴
怎么使用DNF外挂
掌机游戏后宫txt下载
爱情连连看歌曲
外国女性健美大图
中央5nba转播时间
依依
新亮剑21
pdf书籍免费下载网站
qq空间模块代码
9158虚拟视频
张卫东
宣化鑫光大刘洋视频
投稿実話
cydia闪退
推荐待机时间长的手机
明朝传奇
正云的照片
魍魉之匣
天与地
掌机游戏后宫txt下载
争产案
yk
http://2208262376.photo.qq.com
红姐图库
官神最新章节
小资女孩向前冲
西班牙男同志影片loglono
剑圣出装lol
混混小子江湖行
jj斗地主
有关朝鲜金正恩豪宅
舒淇绝版露
魔兽世界私服
修真败类
剑魂觉醒加点
mp3
pdf书籍免费下载网站
电视剧一个鬼子都不留在线观看
凰图腾
gsau
百度
联通iphone4s最新套餐
薛之荔
N9有实况足球吗
天天健康
伟大导演
2011秋冬围巾打法
《美人图
揭阳市黄丽建
新亮剑
家长通知书评语
国企分红概念
宣化鑫光大刘洋视频
非主流扣扣网名
三国之蜀汉我做主
刘艳峰
倾城之泪
www.ccc227.com
中央5nba转播时间
青春期2之青春失乐园10
黑狐在线观看
中国国际男模会所
德国萍聚网
叔叔的变身药水
卓君
rtyssy
郭德刚宋祖得
115网盘
苏教版一年级语文上册期末试卷
乐视网
芒果网
好莱坞大片科幻电影
新浪读书vip破解
百度输入
新亮剑全集
新亮剑铁血军魂1-40集下载
叔叔的变身药水
天与地
气度不凡的意思
帅印根
凰图腾电视剧50集观看
爸爸女儿是你的小浪穴亲妈
请你原谅我
www.baixing
anquye.com
我是特种兵
liuhecai
汤臣倍健胶原蛋白怎么样
九忍
投稿実話
多玩
vs三国兑换VIP
baishazhaoxing
武警汇报演示
棺材年终奖
符号大全
北京市西城区2008英语抽样测试答案
医道官途最新章节
qq字头像字体闪图片
优酷
农业银行
dell官网显卡驱动下载
QQ空间
晚娘2
求生之路1联机工具
国企分红概念
百姓
斗破苍穹
萨顶顶南昌演唱会
艺术美女
门
龙巡天下07
剑魂觉醒加点
最大胆的阴私艺术
官神最新章节
博士工资
绍兴中医院
人体艺术晨诗怡
AQVOX
qq电脑管家风云版
电子书
东成西就2011
宣化鑫光大刘洋视频
子宫内膜异位
人体艺术
哈尔滨金融学院
电脑用HTC手机做猫
河北福彩网
三星手机
mp3
争产案
宁夏经济频道
秦国安
2012诺亚方舟船票
伏玟晓
手机种类
苏州到舟山汽车票价
人体艺术
叔叔的变身药水
金陵十二钗在线观看
王妃十岁
豪杰春香
人体艺术
穿越小说txt下载
万凰之王
爸爸女儿是你的小浪穴亲妈
红警
anquye.com
www.2000sj.com
人体艺术
2012诺亚方舟船票
安全生产教育制度
三级猛片武则天在线观看
绘声绘影x4片头模板
pissing
人体艺术
天与地粤语
youtube
范式
苏教版一年级语文上册期末试卷
只是怕依赖你
广州市国家税务局
天与地
庇护讲的是什么
5173
泰安娱乐场所
人体艺术
美型妖精大混战62
qq字头像字体闪图片
人体艺术
雪酷动漫网
qq电脑管家风云版
人体艺术晨诗怡
我的99伴奏
筑龙网
团地妻的忧郁
幸福花园bl动漫耽美
联通营业员年终总结
舒淇绝版露
电影天堂迅雷下载
xp
人体艺术
liuhecai
爸爸女儿是你的小浪穴亲妈
珍爱
115网盘
766火线魔盒
国企分红概念
幸福花园bl动漫耽美
人体艺术
2012诺亚方舟船票
56女生视频
电视剧请你原谅我
91手机助手iphone版
泉州正骨医院肩周炎怎么治
红豆歌词
cf泡泡
周冬雨大尺度床照曝光
宠物情人
人体艺术
优酷
索尼爱立信w550c
itunes怎么用
甲方乙方
火影
qq电脑管家风云版
五行八卦风水图
舒淇绝版露
QQ
霸王经销的前景
mp3
一水硫酸锰
youtube.com中文
乐视
电影
家长通知书评语
蘑菇街
泰安娱乐场所
泰拉石武器9上10爆吗
无饶河，益慎职
龙门飞甲在那看
黑狐全集1一38电视剧下载
胎儿心脏发育不好能要吗
好莱坞大片科幻电影
大成网
什么是高血压
baidu
汽车号码测吉凶
穿越小说txt下载
永大食盐
龙女傲情
沈阳国际男模会所
我钩上了高中时的大胸女
天下聊
三国
AQVOX
美型妖精大混战63
周易2012十二生肖运势
领结婚证的程序
baidu
索尼爱立信w550c
金陵十二钗在线观看
张杰演唱会
百度
皇瑟yy
腊梅老桩价格
泰安娱乐场所
www.sss97.com
小米手机官网
百度
天海翼
123
新亮剑
宣化鑫光大刘洋视频
美人
科技名言警句
世纪佳缘
郭德纲于谦相声全集
新闻主播罗京和吕薇唱神话在中国文艺
“用爱雕琢心中的天使”
好莱坞大片科幻电影
帅印根
小学一年级学生评语
揭阳市黄丽建
baudu百度
qq电脑管家风云版
365.121.dvd.com
中国移动网上营业厅
洛阳
pissing
百宝箱
小米
日本袖珍石猴专卖
机锋
名门贵妻
本山快乐营小宋结婚
引起小儿（新生儿除外）脑膜炎常见的病原菌是
爸爸女儿是你的小浪穴亲妈
李连杰
郭德刚宋祖得
手机腾讯网wap
安桌游戏下载
凯泉集团有限公司
郭德纲于谦相声全集
www.anquye.com
蛮王柯南高清电影
www.sss97.com
非诚勿扰20111224
anquye.com
武警汇报演示
企业专利管理
贵州茅台家谱酒报价
失恋三十三天
北京市西城区2008英语抽样测试答案
永生
AQVOX
黄河鬼棺txt全集下载
搜狐
qq电脑管家风云版
凡客女士冬装显瘦毛呢
汾河流水哗啦啦
QQlook
安桌游戏下载
百度
黑狐电视剧31-38集
天与地
黄秋生
永大食盐
小米
日本袖珍石猴专卖
1616网址大全
爸爸女儿是你的小浪穴亲妈
口袋上帝的玩法
头发造型
逆光
原装进口美赞臣奶粉怎么样？
WLGen-tj-okcome注册机下载
山东大学
特价3.6米海竿套装
宝贝树
黑龙江电信网上营业厅
美人
西瓜电影网
白金卡兑换欢乐豆
中国工商银行
剑魂觉醒加点
金瓶梅
新版水浒传林冲娘子身边的丫鬟
长沙哪有米非司酮和米索前列醇买
引起小儿（新生儿除外）脑膜炎常见的病原菌是
无饶河，益慎职
龙门飞甲
美人天下
建设银行个人网上银行
2011年苍井空最新作品
桃花岛QVOD
www.youjizz.com
安桌游戏下载
苏教版一年级语文上册期末试卷
穿越小说txt下载网
属于你的我的初恋
为什么说抗日战争是神圣的民族战争
张卫东
斗破苍穹全文txt下载
掌机游戏后宫txt下载
深圳酒楼设备回收
肖艳琴
2012武汉理工
仙逆
金陵十三钗最新完整版
最大胆的阴私艺术
金陵十三钗电影全集
QQlook
穿越火线迎新风暴
四川电信公司
安全生产教育制度
电影网
早孕试纸最早什么时候用
美人天下
女人那话儿
洛阳天上人间夜总会
cf透视
海南一家亲全集
cf自动刷雷挂7
小说下载
t型热电偶线tt-t-300
林志玲
腊梅老桩价格
性吧
安桌游戏下载
幸福花园bl动漫耽美
头发造型
黑镜头
邮箱
两杠四星是什么级别
魔盒插件
山东乐拍电视购物
www;400499;com
668
1000元左右的K歌录音设备
蛮王柯南高清电影
肖艳琴
蛇山
求生之路1免steam补丁
镣铐生活小说
泉州电视台
迷人的危险歌曲链接
三民独中
男儿当自强歌词
门
火影
午夜凶铃
爸爸女儿是你的小浪穴亲妈
三星乐园手机软件下载
stocking
NOKIA
华中农业大学楚天学院
tianya
天空之城下载mp4
钻石价格查询
英语翻译
聚美优品
2011年12月草榴社区最新地
山东乐拍电视购物
朝鲜金正恩简历
男妓
qqtz
潮吹在线
赵奕然减肥法有用吗
美女
东方三侠国语
site:http://www.717555.com/rss.php?fid=2
人体艺术晨诗怡
天与地
美人电影
郭德纲于谦
永大食盐
情迷六月花
小资女孩向前冲的主题曲
超好听的一百个qq情侣网名
炫音
百度
龙之谷
张柏芝被多少人日过图
chunnuanhuakaixingkaifang
深圳大巴失控
魔兽世界sf
贵州茅台家谱酒报价
子弹上膛小说下载
华中农业大学楚天学院
长沙哪有米非司酮和米索前列醇买
花生长肥么
新亮剑优酷全集
调研报告格式
早孕试纸最早什么时候用
火影忍者全集国语版
汽车号码测吉凶
炫舞官网
地方高校
temper
首博韩美林展
光大银行信用卡积分兑换商城
8号线什么时候开通
新浪共享
www.ying.38com
武汉书记
黑狐电视剧全集
mp3
战魂降临2.8攻略
QQlook
亮剑
炫音
地中海贫血症状
金正恩顺利接班
圣水调教
非主流美女头像
ps软件官方免费下载
胡锦涛
子弹上膛小说下载
中国银行湘潭分行
男人帮
最大胆的阴私艺术
爱到我心碎
非主流扣扣网名
潮吹在线
宋时归
战魂降临2.8攻略
Dota最新地图
AQVOX
中国模特全透明无上装
长安悦cx20
高清
日本袖珍石猴专卖
容城在线
dnf连发
紫府仙缘
用白金卡换欢乐豆
开锁工具盗窃
揭阳市黄丽建
色妹电影在线
baidu-mini
小孩发烧39度怎么办
俏皮话集锦
魔兽冰封王座1.24e
劲舞团下载
战魂降临2.8攻略
最大胆的阴私艺术
蛇山和龟山的传说
163邮箱注册
我叫mt第五季
郎眼财经
功夫熊猫2
www.djawen..com
世纪佳缘
正云
开心一刻--雷人舞
湖南涟源黑社会
姐儿子叫什么
魔兽主题包
揭阳市黄丽建
校园浪漫生日技巧
mop.com
北京最好的皮肤病专科医院
网名
dnf连发
首博韩美林展
人体艺术
金正恩顺利接班
毒爱国语版
AQVOX
黑狐电视剧31-38集
甄嬛传在线观看
梦幻西游藏宝阁
企业专利工作管理办法
王一鸣侯高俊杰街舞
元旦祝福语
fatezero
被假醉的伯伯干
cf迎新风暴
西西游戏网
张柏芝被多少人日过图
小资女孩向前冲
四川电信公司
趣淘
全球最大随机视频
ady防屏蔽电影映画
世界第一初恋小说
人体艺术摄影
什么是高血压
12星座女孩的爱情死穴
个性签名
新亮剑
全职高手
神魔大陆羽蛇
爸爸女儿是你的小浪穴亲妈
远望(网王同人)
魔兽主题包
怎么骂一个人不带脏字
汽车号码测吉凶
youjizz
quod播放器
电脑用HTC手机做猫
msts模拟火车下载
dnf连发
搜索
博士工资
广铁集团
人体艺术
圣水调教
8号线什么时候开通
团地妻的忧郁
苏州到杭州动车
天龙八部
zgc在线
船震门
AQVOX
豆豆网
mp3歌曲
赵奕然减肥法有用吗
www.sss97.com
全职高手
搜索
正云
金陵十二钗在线观看
武动乾坤最新章节
baidu-mini
坦克世界涂装插件下载
新亮剑23集播放
水浒传
芒果网
快播电影
人体艺术
最大胆的阴私艺术
凤图腾结局在线观看
无锡美食团购网
新亮剑优酷全集
厦门市妇幼保健院
色狗论里三级
江山如此多娇无删节下载
杨幂写真电脑壁纸
陈允斌20101125
菏泽学院离火车站近吗
baidu-mini
最新变态私服
www.jjj222.com
绘声绘影x4片头模板
DUF
迎新会
nmtv蒙语
功夫熊猫2
国民政府迁都重庆
许昌红灯区
六四事件
共青团湖南省委
穿越小说txt下载
中药养生食谱
新疆和田暴徒图片
人体摄影图片
最新变态私服
中国模特全透明无上装
圣水调教
www.sss97.com
上海
喂奶姐
人体艺术
彼岸花开开彼岸意思
异界之无上道尊
中国移动
recover
天龙八部
性生活
环卫业务知识
调研报告格式范文
风雨双流星
夫君好无耻
蒲柳人家
影子系统
许昌红灯区
安桌游戏下载
pissing
最新西安黑灯舞厅
化脓性脑膜炎患儿治疗1周后全身症状明显好转，但前囟门又复隆起，头围渐大，惊厥，双眼下视，体温与脑脑脊液正常。可考虑为
后宫演员表
DUF
QQ会员特权
大柴神原车导航
baidu-mini
长途车进入女人
美人电影
cf迎新风暴
大哥电影网
舒淇和谁上过床
六四事件
2005年重庆聋哑盗窃团伙
人体摄影图片
DUF
樱心美这样的数学老师
人体艺术摄影
黑泉路钉子户
8号线什么时候开通
中国共产的党党员人数
赘婿
专利管理工作总结
功夫熊猫2
总裁爹地不好惹全本
张柏芝被多少人日过图
穿越小说txt下载
QQ会员特权
最大胆的阴私艺术
龙年运势
我的如意狼君全集21
新疆暴徒被击毙图片
赵奕然减肥法有用吗
布莱尔
快乐大本营
recover
政治经济学知识点总结
龙门飞甲
黑镜头
搜索
百里挑一主题歌是什么
钻石价格查询
眉山电信
好看的高干文
AQVOX
怎么骂一个人不带脏字
炼金术士
齐齐
我的如意狼君全集21
那些年
黑鸭子组合
快播电影网
手机种类
风雨双流星
海南师范大学校园美丽摄影照片
世界第一初恋小说阅读
人体艺术
宁夏担保公司高级管理人员任职资格试题
色狗论里三级
政治学
姚芊羽
工商银行广州银山支行的地址是多少
电影mp4格式下载
周易算命网2012年生肖
怎么骂一个人不带脏字
水墨佳人专柜正品
我是特种兵第二部
新月魅影
甄嬛传在线观看
baud百度一下
人体艺术套卡208大全
qq空间
新上门女婿全集
N81
2011年苍井空最新作品
发行央票是什么意思
海南师范大学校园美丽摄影照片
国家一级学会
中兴u880
美女来找茬
mp3歌曲
DFU
csol盗号木马下载
安居客
暴风影音
召唤技能升级燃文
绘声绘影x4片头模板
开心网
小沢
帕奎奥
美人电影
李丽珍演过哪些三影片
炼金术士
北京同志聊天室-北京男孩聊天室-北京同志会所-北京SM中年同志聊天室
威海JJ阿亮
海南师范大学校园美丽摄影照片
南宁人事考试网
快播电影
团地妻的忧郁
海派甜心
DFU
电脑用HTC手机做猫
诛仙之飞蓬
我用动易做了个网站,用了个仿SOHU的FLASH最新推荐图文信息标签.图片能正常显示,但是点击之后不能出现正常的页面(打开的网页为:http://article/ShowArticle.asp?ArticleID=10,中间漏掉了域名).请问这是什么原因?
奢侈香水批发
工作总结
求生之路联机steam
最新变态私服
孕妇大好另类视频
薛岳将军
桂林到北海火车
里程碑触屏
毒丝长袍
DFU
9999
南京的大学名单
百度一下
犯罪与文明
快播电影
安安游戏网
新浪
黄立行
酒神阴阳冕txt全集
美食大战老鼠
功夫熊猫2
人体艺术
雨林木风
神魔大陆羽蛇
看看吧电影网
舒美佰粥汇
快播电影
甄嬛传在线观看
伟大导演
旧希尔布莱德掉落
纹身弥勒佛男人
赵奕欢
chunnuanhuakaixingkaifang
我的如意狼君全集21
团地妻的忧郁
张杰演唱会
丽人特工组
quod播放器
厦门市妇幼保健院
什么叫预埋委托
126
9999
濮郡奕
东风风行菱智
中国电信四川公司招聘
百度
中文版3D狮子王3电影下载
国际资本市场与会计的关系
宜兴市长张立军简介
建伍木头
菏泽学院离火车站近吗
中国移动
公爵尤里斯卡片
qq飞车
艾弗森最精彩的比赛视频
久石让
岳阳市人口
世界第一初恋漫画
在线翻译英语
济南徐宗涛成员
影子系统
张开印散打ko视频
AQVOX
民事起诉书范本
湖南涟源黑社会
CF大米
身份证号码和姓名
地方高校
网上订火车票官网
我的如意狼君全集21
性生活影片
金正男为何不回朝鲜
佛山民校排名
春秋航空
武侠片电影
午夜电影频道
黄石房地产
申通快递
爱情睡醒了
百度
www.anquye.com
百度一下
张艺谋金陵十二钗电影
满汉全席电视剧
南宁地下金属探测器
联合利华旗下品牌
QQ好礼大赠送
浙江元瑞汽车
肉蒲团
扣扣影音
appcracker
龙门飞甲
80s3gp电影
优酷
轰趴
酒神阴阳冕txt全集
咱家那些事全集
海贼王528
美人电影
日志中怎么加链接
中国福建移动网上营业厅
欧盟简介
2005年重庆聋哑盗窃团伙
非常了得
动车事故
调研报告格式范文
怎么忽然就成了这样
安桌游戏下载
色
赵奕然减肥法有用吗
樱心美这样的数学老师
郑州网联
中国福建移动网上营业厅
爸爸女儿是你的小浪穴亲妈
android
遵义宅急快递公司的电话是多少
爱情睡醒了
诗词歌赋
我的如意狼君全集21
子宫内膜炎怎么检查
新闻主播罗京和吕薇唱神话
双人床条约
淘宝网
三级猛片武则天在线观看
加强专利管理
看看吧电影网
共青团湖南省委
孕妇大好另类视频
裸钻价格查询
故事会
甄嬛传在线观看
女王之刃诱惑图片
日志中怎么加链接
大胆人体艺术
北京同志聊天室-北京男孩聊天室-北京同志会所-北京SM中年同志聊天室
土豆
十三密杀令
旧希尔布莱德掉落
豆腐花的做法大全
故事会
美型妖精大混战64
园林设计说明书
84AAA
奶粉雅培最新事件
新疆袭警暴被击毙视频
火影忍者568
咱家那些事全集
地方高校
南通大学
android
qq界面透明皮肤制作
gamersky
太空看地球照片
雷人舞、开心一刻视频
永生
故事会
百度
123
召唤技能升级燃文
满汉全席电影
眉山电信
断喉弩全集
冬天衣服
商洛二手房
坦克世界涂装插件
qq2011官方下载
WOW大号给小号幻化
福利彩票双色球
非诚勿扰主题歌是什么
武装押运
北京同志聊天室-北京男孩聊天室-北京同志会所-北京SM中年同志聊天室
菏泽学院离火车站近吗
身份证号码和姓名
中国光大银行网上银行
X38-DS5
赞美领导的诗句
中文版3D狮子王3电影下载
天龙八部网名
天下
土豆
弹幕游戏
透明服装视频
新娘化妆合同
北京-成都-攀枝花
性生活给女性带来的好处
地方高校
精品人体艺术
南通大学
吸血鬼骑士中文
X片
appcracker
江山如此多娇全本下载
电脑用HTC手机做猫
dnf
遵义宅急快递公司的电话是多少
闹闹女巫店一周运势
我的如意狼君全集21
门
铁道部官网
CF大米
长春市招聘信息
ddr犬
甄嬛传在线观看
男人帮
nero7刻录dvd教程
愿望宝盒能开出宠物吗
环卫业务知识
黄秋生
联想V360A-IFI（拉菲红）多少钱
传奇蜈蚣洞未知暗殿怎么走
无可奈何花落去，似曾相识燕归来
同学选用了两个2.5V0.3A
越狱第一季高清版qvod
谭谈交通烟花头
天龙八部网名
3gp手机电影下载
cs透视
音乐论坛排行榜
日志中怎么加链接
新疆恐怖分子袭击武警图片
夸老婆的句子
聋哑车盗窃包钱
睾丸被蜜蜂蛰了怎么办
电脑用HTC手机做猫
aaa13.com
nouvelle
美人电影
iphone5上市时间
股静脉穿刺拔针后需压迫穿刺点
独立攻击卡片有哪些
海南省教育厅
舒美佰粥汇
为什么大陆孕妇要到香港产子
民事纠纷起诉书范文
炼金术士
优酷
女王之刃诱惑图片
园林设计说明书
冬天衣服
青海省省招标代理公司
志明与春娇
人体艺术摄影
怎么骂一个人不带脏字
叶子猪
樱心美这样的数学老师
快8游戏盒
为什么大陆孕妇要到香港产子
独立攻击卡片有哪些
美人电影
潦草影视
U880
MIAD524
少年花丛游
我的如意狼君全集21
天海翼
长途车进入女人
男妓
召唤技能升级燃文
独立攻击卡片有哪些
新上门女婿全集
龙门飞甲
国民政府迁都重庆
御龙在天
樱理惠
陈允斌201012
团地妻的忧郁
赌博机游戏
铁甲钢拳高清
赶集网
patient
越狱第一季高清版qvod
移动电源十大品牌
环卫业务知识
baid
MIAD524
手机批发
方跃
爱情睡醒了
十二五
nouvelle
新的一年
安全期
MIAD524
windows系统补丁下载
独立攻击卡片有哪些
s中关村
360仙剑情登录
天空之城下载01
三星i9100壁纸
刘备传修改器下载
佛山新湖酒店
古田县
nba
鹿鼎记
qq空间登录
非主流头像男生
杭州到舟山汽车时刻表
神魔大陆暮光之城
新浪微博
为什么大陆孕妇要到香港产子
扣扣影音
诗词歌赋
叔叔的变身药水
三级猛片武则天在线观看
xixiwgua
有关朝鲜金正恩豪宅
太空看地球夜景照片
大学政治经济学知识点
工商银行
中文版3D狮子王3电影下载
aaa13.com
聋哑车盗窃包钱
怎么网上看翡翠台
中国光大银行网上银行
有关国宝的战争片
pdf阅读器下载
华泰圣达菲质量怎么样
粤语
熊猫娃娃在哪
粉色百合香
金日成
快播
itunes官方下载
芒果网
中国研制的飞碟视频
人体摄影图片
天天向上20081031
苹果缤果工具
2012索兰托柴油版评价
扣扣影音
知己网-交友-遇见你
按摩器十大品牌
满秋
人体艺术
C504
腊梅老桩价格
七律
天天健康
回家的诱惑全集
就爱论坛
工商银行
8号线什么时候开通
人体艺术
工商银行广州银山支行的地址是多少
搜索
西西外挂网炫舞
暮光之城4
水岛枫
子宫内膜炎怎么检查
期货短线指标公式源码
会计年终总结范文
stocking
陕北清涧道情挂女人
17173
公园夜晚角落男女视频
激活码怎么得到
天空之城下载01
长途车进入女人
飞虎神鹰
棺材年终奖
人体艺术
都市赛车6数据包
六个月宝宝可以看电脑吗
趁年华
杭州到舟山汽车时刻表
身份证号码和姓名
百度
利用均线精准抓买卖点
黑狐在线观看
1000元左右的K歌录音设备
飞虎乐购富士康网站
电脑用HTC手机做猫
海南贵族学校
铁骨
chunnuanhuakaixingkaifang
风雨双流星
windows系统补丁下载
bdu百度一下
天上人间副总孙立霞
肯德基玩具萌小奇
陈允斌201012
联想V360A-IFI（拉菲红）多少钱
NIKE耐克
temper
新版水浒传林冲娘子身边的丫鬟
cf官网
顶级流氓
赞美领导的诗句
末世之丧尸传奇
七律
北京同志聊天室-北京男孩聊天室-北京同志会所-北京SM中年同志聊天室
长途车进入女人
sunporno
20万以下suv车型推荐
肾功能不全晚期可以一边做透析一边喝中药治疗吗
聋哑车盗窃包钱
团地妻的忧郁
飞虎乐购富士康网站
新浪微博
爱情睡醒了
官家
唯美诗句
豌豆荚
红警
cf月影
西西
热血江湖SF
baidu
张艺谋金陵十二钗电影
美人
世界历史纪录片
2011网络笑话大全
龙门飞甲
国际经济法与国际贸易惯例的区别和联系
天天健康
kx驱动
多特
宜兴市长张立军简介
美人
开心网
圣水调教
都市赛车6数据包
国际资本市场与会计的关系
小资女孩向前冲(邱泽/郭书瑶)（第19集）(中音中字)
cf月影
夜场男服装
娘娘不承欢
黑泉路钉子户
策恩黑加仑·伯骑士男士商务休闲皮鞋
中关村
绿帽子的由来
2011网络笑话大全
伤感网名
遵义宅急快递公司的电话是多少
汽车号码测吉凶
让男人骄傲的大鸟图
危险节奏下载
章映华
www.anquye.com
西藏红花面膜
期货短线指标公式源码
西安音乐学院首页
城市守望者
www.ying.38com
新亮剑
三级猛片武则天在线观看
绘声绘影x4免费模板
电影天堂
夏妍的秋天全集
龙门飞甲
海口市16路公交车
子宫内膜炎怎么检查
海南贵族学校
黑狐在线观看
怎么网上看翡翠台
小孩发烧39度怎么办
cctv5
化妆品推销活动开场白
南宁人事考试网
奶粉美赞成最新事件
q豆
樱心美
午夜剧场
金正恩简历
三国杀
思雨网
优酷
魏三最新小品
神魔大陆羽蛇
亮剑
蒙语歌曲
李春天的春天种子
www.xoy1.com
新亮剑
什么时候是排卵期
武警部队汇报表演
语文科组总结
我的如意狼君全集剧情介绍
都市赛车6数据包
人体摄影图片
086666.com
HAO123
qq空间
神雕侠侣古天乐版
喝菊花茶的作用
精品人体艺术
百度影音
百合
BDSM
南京大屠杀真实照片
子宫内膜炎怎么检查
金立手机
免费的品色堂
马和牛交配视频
宁夏经济频道
韩美林艺术馆
快播
南宁人事考试网
windows
环卫业务知识竞赛题
谷歌在线翻译
快播
CF魔
hj;6677;com
皮肤癌
网上订火车票官网
泡妞作弊器
直播吧
京珠高速70车连环相撞
去哪儿网机票查询
世界一初恋吉野千秋
人体艺术
2011网络笑话大全
昌吉市
黑泉路钉子户
世界历史纪录片
dnf男枪炮pk连招视频
签名
蓝拳怎么刷真野猪
坦克世界涂装插件
仙逆最新章节列表
2011国培计划
刘备传万能修改器下载
qq浪漫情侣分组
90后男生超拽个性头像
钱多多嫁人记1-35集
张国立的电视剧
668dyy
南京大屠杀真实照片
火星文符号
小沢
都市赛车6数据包
雷人舞、开心一刻视频
令我象花一样盛开
photoshop
斯宾诺莎
之子于归，
139邮箱
期货短线指标公式源码
dog
sishen
李春天的春天种子
周星驰电视连续剧
新疆7.5事件武警视频
企业简介怎么写
刘恺威不喜欢颖儿
公爵尤里斯卡片
系统集成工程师
色狼
iphone搜狗输入法
申请免费电子邮箱
肾功能不全晚期可以一边做透析一边喝中药治疗吗
快播电影
长安cx20
恶灵骑士快播下载
CF大米
预订火车票官网
陈思远喜欢伏玟晓
三星i9100壁纸包
济南徐宗涛成员
章映华
裸钻价格查询
便宜辅助免费版
百度ady
世界人体艺术鉴赏大典
恶灵骑士快播下载
大柴神原车导航
天天看视频播放器
同城交友找
qq分组
盛大官网
英语在线翻译
天上人间女经理孙立霞照片
ktv广告策划
youku
qq网名
百度一下张雨筱
贾乃亮演过的电视剧
雾都夜话
cf视频
快播电影
8888ye
EE44EE
总裁爹地不好惹全本
我和僵尸有个约会4
免费的品色堂
封号查询
www.anquye.com
www.jjj222.com
小资女孩向前冲郭书瑶
金陵十三钗
工作调动申请
联想V360A-IFI（拉菲红）多少钱
1293528090
淘宝登陆网
weibo。com
滕氏网
3D肉蒲团
二手车
骑摩托车海南旅游
广州的大学有哪些
妖精的尾巴108
最新西安黑灯舞厅
古田县
岳云鹏2011最新相声
活血化瘀的中药
www.47aaa.com
魔兽4.3增强萨满好还是元素萨满好？
神魔大陆
龙华花王宫在哪里？
百度
中国移动
陈思远喜欢伏玟晓
百度ady
厦门大学政治经济学知识点
那些年
化妆品推销活动开场白
黑泉路钉子户
快眼看书
http：//aq.qq.com/ss
二手车
广州的大学有哪些
cctv5在线直播
戴妃支持无损音乐播放吗
语文科组总结
揭阳走私案
魔兽4.3增强萨满好还是元素萨满好？
驾校一点通b2
涟源黑社会老大
城市守望者
甩蛋歌
求张筱雨个人视频作品
mb525都市赛车6数据包
人人网
水浒传
遵义宅急快递的电话是多少
刘备传万能修改器下载
全国生猪价格今日猪价
期货短线指标公式源码
SuperOneClick
拍拍
快播电影
新亮剑
3D肉蒲团
西瓜电影网
黑泉路钉子户
流氓老师周涛全文阅读
飘花电影网
猩猩影院
668dyy
独立双系统
百科全说201012陈允斌
工作调动申请
雷人舞、开心一刻视频
国际经济法与国际贸易惯例的区别和联系
安康公路局
哪个单位年终奖
最新西安黑灯舞厅
快播
放放电影
nga
大话2官网
申请免费电子邮箱
猎豹汽车
7k
江阴到杭州的汽车
优质老外
五菱宏光二手车报价
中国卫生人才网报名
女巫店一周运势12.28
qq
qiyi
百度一下
化妆品推销活动开场白
dog
3D肉蒲团
中国工商银行
策恩黑加仑·伯骑士男士商务休闲皮鞋
魔兽4.3增强萨满好还是元素萨满好？
总裁爹地不好惹全本
百科全说201012陈允斌
保时捷进气
梦幻诛仙羽翼技能
团圆电视剧刘士杰
愤怒复仇
人生至理名言
视女脱网2
张德兰所有歌曲
环卫业务知识竞赛
音频编辑软件
笑美女图片
qq头像
火观音
美爆美妆潮品店
魔兽4.3增强萨满好还是元素萨满好？
我和他-TXT
夸老婆的句子
雷人舞、开心一刻视频
qq飞车托道具教程
张治中将军子女
网游之射破苍穹下载
电脑桌面图片
www.65jjj.com
昌吉市9路车
DNF
园林设计说明书
肾功能不全晚期可以一边做透析一边喝中药治疗吗
皮衣专卖店
三星i9100手机壁纸
下女
总结报告
只要再看你一眼
夜场男
吉野千秋和羽鸟芳雪
西西外挂网炫舞
三级电影
优质老外
新亮剑2铁血军魂
大柴神原车导航
六种变化
dnf剑魂最好的光剑
快播电影
rentixiezhen
电视剧
驰为V2
聋哑车盗窃包钱
杭州到舟山汽车时刻表
百度
便宜辅助免费版
qq飞车托道具教程
肃杀的意思
小彬彬
苏宁电器官方网站
视女脱网2
长周期
cf透视
个人住房抵押贷款
avno1
8888ye
西西游戏网
龙猫
qq空间日志文字链接
同城交友找
5.01越狱cydia
美人天下
2011全国各市最低工资
魔兽4.3增强萨满好还是元素萨满好？
先退为进
qq空间
多特
化妆品推销活动开场白
很太吧动漫游戏官方网站
会声会影
四川色魔老师
法国透明无内衣时装模特秀
7kk7小游戏大全
生死四人组2秘籍
kaisa
cf挑战外挂下载
中彩网双色球走势图
沈阳市生活费
粤语
双色球
nba
全能奇才
雷人舞、开心一刻视频
中国期刊网
爱你十分泪七分
qq分组
适合期货交易指标源码
龙门飞甲
简慕华烈火雄心3第几集出现
mb525都市赛车6数据包
魔兽4.3增强萨满好还是元素萨满好？
戴妃支持无损音乐播放吗
绘声绘影x4免费模板
中国工商银行
视女脱网2
星河战队
龙华花王宫在哪里？
桃花戒指
qq飞车托道具教程
运势2011
HTC
甘肃电信
聋哑车盗窃包钱
团圆电视剧刘士杰
兄弟辅助
会所粗大男技师风采
百度
q宠大乐斗做菜外挂
家居生活镣铐篇
黑狐在线观看
快播
夜场衣服
黑狐在线观看
放放
长途车进入女人
mb525都市赛车6数据包
名侦探柯南国语版全集
wwe
7k7k小游戏
昌吉市9路车
qq皇冠是多少级
youwiyaxi
水浒传
贵州茅台家谱酒报价
运势2011
www.aaa.com
生活大爆炸
小彬彬电影
龙华花王宫在哪里？
问道
共青团湖南省委
75新疆暴徒被击毙视频
总结报告
pps
精算师
危险节奏下载
卫立煌
武极巅峰
日本击落中国歼10
mb525都市赛车6数据包
环卫业务知识竞赛试题
女人最常说的22句谎话
语文科组总结
涟源黑社会老大
一键ghost
sg97
精品人体艺术
夜场衣服
小波理论与时频分析方法
求生之路2秘籍
午夜剧场
cf月影
美丽心灵的永恒阳光
123网址之家
中文版3D狮子
卡农乐器厂
2011新款韩版女装皮草
佛山民校排名
怎样才能查出地中海贫血
what
英语词根词缀记忆大全
mmm111
黑狐
西西
柳岩素颜
炫舞怎么使用出山卡
CF自雷辅助怎么不自动进房间
蹲墙诱相公
迎接新的一年
家园论坛
我
粉色百合香
变速齿轮绿色版
馒头B
精算师
永恒之塔
rrmmm
色魔老师
柳岩素颜
龙门飞甲高清
wwe
滕氏女装官方网站
精品人体艺术
金贸文学网
2012大连考研考点查询
人体艺术
汽车号码测吉凶
蹲墙诱相公
金陵十三衩
铁道部张曙光近况
qq非主流情侣分组浪漫
Can
问道怎么开启守卫
当家的女人
夸老婆的句子
爱人
春暖
工商银行广州银山支行的地址是多少
适合期货交易指标源码
骑摩托车海南旅游
工作总结范文
李春天的春天种子
dj嗨嗨网
柳岩素颜
百度一下
rrmmm
人体艺术
蹲墙诱相公
周星驰电视连续剧
好天气网
情癫大圣
电脑桌面图片
拉手网
长途车进入女人
中国地形图高清中文版
u影
甜酸爷爷粤语版20
男妓
黑泉路钉子户
快播电影
王子
神魔大陆羽蛇
youku
赞美领导的诗句
团圆电视剧刘士杰
校园浪漫生日技巧
会所粗大男技师风采
东南菱悦V3CVT
dell驱动官方网站
托班音乐我是乖孩子教学反思
安洲2号
张筱雨视频纯下载
123
三国
fs2you怎么下载
很太吧动漫游戏官网
武林外传
砸车盗窃视频
公爵尤里斯卡片
爱人体
rrmmm
90后男生超拽个性头像
艾尔之光加点
中国研制的飞碟视频
大红人家园论坛
室间隔缺损术后出现二尖瓣脱垂
mind
赏析独倚望江楼
南宁人事考试网
天龙八部私服网
都昌在线
武林外传
pissing
武汉赶集网
j
泰安金钱柜ktv
e搜
增城家园
英雄联盟盒子
dnf
小沢
三级电影
最浪漫的情侣qq分组
www.zzqqq
潜伏
免费申请电子邮箱
喂奶姐
w
5173
樱理惠
六种变化
蹲墙诱相公
甜酸爷爷粤语版20
qq分组
诺基亚6300爆炸头主题元素免费下载
人骨拼图
学习C++的心得体会
诛仙私服
济南徐宗涛成员
邓肯奥尼尔谁历史地位高
中国地形图高清中文版
梦幻诛仙羽翼副技能
迷失北岸
2011香港搞笑电影粤语
土豆网电影
漂亮风景电脑桌面图片
蹲墙诱相公
西安运筹快印有限公司
国际歌歌词
QQ十三周年庆典之
CM7
黑狐在线观看
4胞胎孕妇大肚照片
cf月影
郭德刚宋祖得
qq空间克隆
西西外挂网
19909月15是什么星座啊？
东南菱悦V3CVT
cf迎新风暴
rrmmm
佛山民校排名
新浪微博
大乐透
人体艺术
2011网络笑话大全
百度
李丽珍演过哪些三影片
新亮剑23集播放
学习C++的心得体会
花美男拉面馆国语版
永恒之塔
帅印根
街舞小游戏
中国移动
英雄联盟点券比例
彩卷显影液
总结报告
丽柜镣铐视频
108将网页游戏
午夜剧场
工商
广告联盟
怎么用快播放大黄
龙华花王宫休闲中心
娜娜
qq
工商银行广州银山支行的地址
优酷
达人秀
黑狐
男妓
遵义宅
中学生教室内不雅视频疯传
杨幂的手机
支付宝
英雄联盟点券比例
076922996399
穿越火线下载
cf圣诞献礼美梦成真
睾丸有鸡蛋大吗
华为c8650游戏下载
nba
诺基亚6300爆炸头主题元素免费下载
stocking
新的一年
三客优
精品人体艺术
小儿生长发育顺序的规律。下列哪项正确
百度
粉色百合香
周星驰演的连续剧
6495
武极巅峰
女人那话儿
中学生教室内不雅视频疯传
奇艺高清
新浪微博
工商银行广州银山支行的地址
电视剧少年黄飞鸿
宝拉珍选
小彬彬电影
奶粉美赞成最新事件
浩方对战平台下载
2012年大众将上市新车
cf圣诞献礼美梦成真
神魔大陆羽蛇
2011sbs歌谣大战
德育重在身教
穿越火线下载
cq私服发布网
htc手机官网
百度
中学生教室内不雅视频疯传
教务管理
夸老婆的句子
黄立行
快播
[www.bo39.info]超級名模系列第22彈青山.avi.!mv
幻影神针全集
孟德斯鸠
朝鲜美女陪金正日睡觉视频
龙华花王宫休闲中心
收音机流网址
张开印散打ko视频
描写思念爱人的诗句
青蛙影音
主题下载免费
工商银行广州银山支行的地址
给我制作网名签名
甜酸爷爷全集
六种变化
魔兽火影忍者羁绊3.1蛤蟆仙人在哪
shashen
刘备传万能修改器下载
黄立行
道德电影
制药厂工作总结范文
皮肤癌
大胆人体艺术
武极巅峰
农牧偷匪
西西外f挂网
聚美优品
睡前吃番茄酱
2011年网络经典笑话
乌鲁木齐至昌吉班车
东南大学新校区
沈阳一个月生活费
新浪
cku
申请免费电子邮箱
步步高手机官网
英雄联盟点券比例
六种变化
皇姑区
睾丸有鸡蛋大吗
李先云
baidu
qqmvv
采药120
黑泉路钉子户
小孩发烧39度怎么办
宋慧乔和玄彬结婚图片
魔兽世界升40要多长时间
天与地粤语
新亮剑
百度贴吧
南宁2011职称评审结果
大货车车祸现场图
炫舞体验服外挂
校园浪漫生日技巧
张国立电视剧全集
东南大学新校区
永恒之塔
无饶河，益慎职
甜酸爷爷全集
优酷网
人体艺术
百度一下
mb525都市赛车6数据包
极速60秒高清在线观看
电脑光标下载
人生至理名言
~~酷宝影院
钻石价格查询
QQ十三周年庆典之
后来，旧欢如梦
SF魔域
快播
现在有什么免费加速器可以通过登陆器
stocking
推荐待机时间长的手机
少林武王
小儿生长发育顺序的规律。下列哪项正确
仁义礼智
百姓网
cku
护师年终工作总结
穿越火线官网
htc手机官网
3D肉蒲团
魔域桃源全集
美爆美妆潮品店
南国彩票
西西游戏网
39键康两性
护师年终工作总结
快播电影
qq游戏
新亮剑优酷全集
达人秀
三星i917怎么用熊猫看书
女巫店一周运势12.28
909影院
DNF
火观音
网游之射破苍穹下载
刘备传修改器下载
美人天下
女人与狗
谢霆锋
凤凰卫视午夜剧场
派多格宠物连锁
神探狄仁杰第二部
张翰
拍拍网
hao123
采药120
武极巅峰
5917
狠
怎样才能查出地中海贫血
炫舞体验服外挂
2011sbs歌谣大战
德育重在身教
美女QQ
民法通则
凤图腾大结局播放
九城谁是谁的妻
http://70.86.24.112/
砸车盗窃视频
手机搜狗输入法下载
海南海口有哪些儿童舞蹈学校
快播伦理
幻想曲通讯
中恒基数字监控
意大利凯撒皮衣男装
迅雷
黑狐
托班音乐我是乖孩子教学反思
护师年终工作总结
阿里巴巴
中国联通广西分公司2012年本地管线工程项目招标公告传输
4399
高铁高官张曙光的夫人
砸车盗窃视频
邓肯奥尼尔谁历史地位高
谢霆锋
新浪新手卡领取中心
学习C++的心得体会
上海
076922996399
钉子户占路8年被强拆
砸车盗窃视频
中演票务通
现在有什么免费加速器可以通过登陆器
索尼
NBA分析
www.899kxw.com
指环王
雷人舞、开心一刻视频
邓肯奥尼尔谁历史地位高
怎样才能查出地中海贫血
漂亮的姑娘就要嫁人啦
女巫店一周运势12.28
中国军队已秘密进入朝鲜
找富婆QQ
不扣钮的女孩
me525都市赛车6数据包
百度
小说下载
美女被骗上床的过程视频
人体艺术
IQ数码
www.47aaa.com
电驴天地英雄官网
黄秋生
巴黎世家女包加盟
电玩
大货车车祸现场图
德保论坛
海贼王
新浪微博
舒淇
np女主穿越兽人世界
卖伊朗千枚导弹和24架歼十
美爆美妆潮品店
美国预言家预言中国
金正恩简历
周星驰演的连续剧
朝鲜金正恩简历
小米
rrmmm
九城谁是谁的妻
盗墓笔记8大结局最新
2011sbs歌谣大战
优酷
武极巅峰
室间隔缺损术后出现二尖瓣脱垂
一夜未了情全部观看
shs文件
锦衣夜行
电视剧请你原谅我下载
sodu.org
小儿生长发育顺序的规律。下列哪项正确
海贼王
笑美女图片
fanyi
cf.qq
身份证上1990年9月15是什么星座啊？
奇幻贵公子
步步高手机官网
沈阳一个月生活费
漂亮风景电脑桌面图片
炫舞体验服外挂
汽车音乐
胡锦涛家人
家产
夏日的午后，牵着你的手
遵义宅
快播
赌博机游戏
www.47aaa.com
金陵十三钗完整版高清下载
人体艺术
甜酸爷爷全集
weibo
推荐待机时间长的手机
123
福岛五十勇士
张德兰
75新疆暴徒被击毙视频
SF魔域
cpu
武动乾坤
新浪聊天室
优酷
曹贼
网络收音机在线收听
河南玉米价格行情
大兵小将MKV
男妓陪富婆服务视频
炼金术士
白袜子
揭阳走私象牙案
中国工商银行
侠盗猎车罪恶都市秘籍大全
三星i917怎么用熊猫看书
无饶河，益慎职
黄河水利委员会公开招考网
校园营销策划方案
炼药宝典技能升级燃文
4399小游戏
七雄争霸
火影忍者图片雏田禁处
朝鲜金正日儿子金正恩简历
中华会计网校
神墓续集
weibo
stocking
男人怎么延时？平时注意什么？
人体艺术
快播
4399弹弹堂
快播
7788dy
youku
电脑网速怎么变快
Notable
xixiwg]
访问受限qq空间
斯科塞斯
小说下载
无饶河，益慎职
甜酸爷爷全集
神魔大陆官网
粤语
华山仙门
rrmmm
足恋
三客优
大货车车祸现场图
2WIRE路由器
深圳
人体艺术
；林俊杰新歌
艺术
qq炫舞下载
www.84aaa.com
梦幻西游
一键ghost
安徽师范大学
学习C++的心得体会
天珠变全文阅读
奶牛大战僵尸双人无敌版
百度
无饶河，益慎职
极品飞车9汉化补丁包
小白
丽柜镣铐视频
功夫熊猫2
月经期安全吗
dnf改背景
西安科技大学教务处
克制早泄的方法
凰图腾全集
soso音乐
六种变化
fs输出手法
龙组特工txt免费下载
pp
黑狐在线观看
团圆电视剧刘士杰电视剧真名是
优酷、
dnf官网
奔跨中文网
漂亮的姑娘就要嫁人啦歌词
4.3
人体艺术摄影
QQ??
搜狗音乐下载
诺基亚6300爆炸头主题元素免费下载
带有古诗的元旦短信
如何处理一些电脑小毛病
女主持露阴视频
甄门徒礼包激活码
十种魅力女人
39键康两性
派多格宠物连锁
cf挑战外挂下载
舒淇三级电影
电影奇谋妙计五福星
www.47aaa.com
山渐青
桑索女装官网
人体艺术
18980804777
宋慧乔和玄彬结婚图片
凰图腾全集
黑鸭子组合，摇篮曲
血战到底
网上那里可以放自己私密的日记
最能打动男人的一句话
四川美院分手门
刘备传修改器下载
事业单位工作调动程序
美女紧身衣尴尬瞬间
汽车音乐
女当众脱衣给男友喂奶
唐骏汽车
计算器
搜狗音乐下载
E都市福州
后宫社区
金正日葬礼举行
五亿大奖彩票真相
QQ分组
邓肯奥尼尔谁历史地位高
凡人修仙传
东方卫视
笑美女图片
贵阳五菱宏光二手车报价
倩女幽魂灵兽幻攻击
官家
TUBE
优酷网佳期如梦7
dnf黑钻称号
youwiyaxi
张掖市人民医院药剂科
魔兽世界
唐骏汽车
远古狂情
百度
格式工厂下载
stocking
西西外挂网
凰图腾全集
中国联通广西分公司2012年本地管线工程项目招标公告传输
彩卷显影液
小米手机官网
邓肯奥尼尔谁历史地位高
梦幻西游藏宝阁
黑狐在线观看
小说下载
名侦探柯南国语版全集
奇艺
酷狗2011免费下载
营口信息网
qq分组
快播电影
砸车盗窃视频
移动通话
仁义不施而攻守之势异也
郭德刚宋祖得
75新疆暴徒被击毙视频
三国之蜀汉我做主
山东师范大学学生处
身份证上9月15是什么星座啊？
凰图腾【1-大结局】
佛山民校排名
电影大决战辽沈战役
非诚勿扰20111225
美国预言家预言中国
优酷
靓车东南菱帅
魔盒
揭阳走私象牙案
黑沼泽掉落
4.3
好看的高干文
kukudm
cf圣诞许愿树活动每天几点更新？
奇迹魔剑士连击伤害公式
后宫社区
www.hdool.com
我们知道，声音在不同介质中传播速度不同，阅读表5
lol船长出装
葬身于车祸的女人
58同城
甜酸爷爷全集
刘备传修改器下载
名侦探柯南国语版全集
电视剧请你原谅我下载
遮天
坏蛋是怎样炼成的电影
狱锁狂龙1
霍思燕
dnf
酷狗2011免费下载
钉子户占路8年被强拆
研招网
小男孩的发型
boss
最浪漫的情侣qq分组
穿越网王女主很会街舞
电脑网速怎么变快
250摩托车跑车报价
准备元旦在西安玩几天租住在哪比较干净又划算
美爆美妆潮品网店
名侦探柯南国语版全集
近身保镖
qq家园电脑登陆
蹲墙诱相公
优美
玉溪低保范围
粤语
百姓网
斗破
宇宙星神
毛泽东追悼大会是什么时间
瑞纳保养费用
陕北清涧道情挂女人
apu
艾尔之光虚无锁3
玄幻小说下载
男妓和富婆视频照片
百度
黑狐在线观看
夜尿多
张普华
手机QQ飞信下载
汽车号码吉凶预测
管理学
三级电影
黑鸭子组合，摇篮曲
快播
城市达人qq号码
中国美赞臣奶粉有细菌吗
多玩盒子
东方卫视
学习C++的心得体会
房庆玉
神武化生坐骑
金鳞岂非池中物
7060
倩女幽魂灵兽幻攻击
ヤンキーソウル
鸿门宴在线观看
环卫知识竞赛活动方案
迅播
傻春下载
制药厂工作总结范文
cf圣诞许愿树活动每天几点更新？
建行
网上那里可以放自己私密的日记
上海福彩网
成都建筑资质代办
长途车进入女人
企业简介范文
新亮剑25集
腾讯首页
龙组特工txt免费下载
清晰詹姆斯十大盖帽
杜淳
亮剑
非洲女孩人体艺术
国门英雄
快播电影
汽车号码吉凶预测
名侦探柯南国语版全集
蹲墙诱相公
Notable
精武风云
google市场
中越自卫反击战老山
快播伦理
电影
55kkk
女巫店一周运势1228
武动乾坤
QQ十三周年庆典之
世界第一初恋全小说
273中国二手车交易网
围棋定式之后的变化
丽柜镣铐视频
海南师范大学校园照片
魔秀
黑狐在线观看
水晶dj网
jifeng
电视剧请你原谅我下载
电影网
格式工厂下载
蹲墙诱相公
IQ数码
星月神话歌词
4胞胎孕妇大肚照片
2011新城劲爆颁奖典礼
新亮剑全集
校园浪漫生日技巧
仁义不施而攻守之势异也
有索尼爱立信w550c
网络收音机收听
六种变化
林彪刺杀毛泽东视频
电影
佳佳人体
itunes
田野里的庄稼
白袜子
plateo
多普达手机官网
游侠
豆瓣
赵子琪骂路金波的前妻
电脑知识学习网
百姓网
139
百姓网
硬笔书法
河蟹湖工
诺基亚6300爆炸头主题元素免费下载
大连民族学院2012招生简章
玉溪低保范围
炼金术士
新亮剑
甜酸爷爷第二十集
华为c8650
功夫粤语版
凤凰城
蔡依林
清涧道情（陕北道情）传承人白明理
qq家园电脑登陆
我在炫舞上拜了个师傅他不玩了我离开
国际经济法与国际贸易惯例的区别和联系
baidu
胡锦涛夫人
开锁技术视频免费下载
e320
天天电影院
身份证上9月15是什么星座啊？
个性网
男人怎么延时？平时注意什么？
搜狗浏览器30版本
新疆暴徒被击毙图片
新商盟
号码百事通网上充值
学习C++的心得体会
小彬彬电影
华硕K41报价
装饰设计
温州吉品火锅
新亮剑全集
电视剧请你原谅我下载
QQ分组
团圆电视剧刘士杰电视剧真名是
鸿门宴在线观看
apu
绘声绘影x4免费模板
托班音乐我是乖孩子教学反思
牛头人酋长出装
鬼影实录
张掖市人民医院
SuperOneClick
新浪微博
马鞍山同济花园
是否有当归这个中药名
喜羊羊与灰太狼
田野里的庄稼
s视频聊天哪个好
5.01越狱cydia
美女紧身衣尴尬瞬间
百度一下首页
fanke
mc绿茶
开锁技术视频免费下载
蹲墙诱相公
hao123.com
鸿门宴在线观看
新亮剑全集
三级电影
二级建造师挂靠
爱让我们在一起
百度
餐饮网址
甜酸爷爷第二十集
www.156.cn
qq家园电脑登陆
新疆暴徒被击毙图片
名侦探柯南版国语版
诺基亚6300免费主题
伦理小说
学习C++的心得体会
落地请开手机在线观看
珠海住房公积金提取
蹲墙诱相公
管理学基础
龙门飞甲
火观音八国语言开场视频是哪找的
qq空间
色五月
cf最新挑战秒杀外挂
工作调动程序
nga
百度一下
人体艺术
新亮剑
武极巅峰纳兰御最新
少年英雄方世玉
拍拍网首页
亮剑
落地请开手机在线观看
大众将出新suv低于途观
吴越
地支
来不及说我爱你
中国美赞臣奶粉有细菌吗
婚姻保卫战电视剧全集
画壁
魔兽世界
3d开奖结果
工商银行
蹲墙诱相公
长周期
2345
靓车东南菱帅
黑狐在线观看
巴黎恋人国语高清版
后宫社区
我在炫舞上拜了个师傅他不玩了我离开
鸿门宴在线观看
国内真实车祸监控
驰为V2
管理学基础
佳佳人体
风云辅助免费版
坏蛋是怎样炼成的电影
11对战平台
电视剧断喉弩全集
大乐透
格挡点到几出眩晕
兽人美男后宫
白袜子
淫乐园
亮剑
最新好听游戏名字
新亮剑
好莱坞电影
那种解酒药最好
qq分组
蹲墙诱相公
人体艺术套卡208大全
什么时候是排卵期
蓝白慢摇吧
遮天
死亡笔记真人版
网上那里可以放自己私密的日记
岳云鹏
校园营销策划方案
鸿门宴在线观看
落地请开手机在线观看
tiyu
聊天室
刘备传修改器
牛郎俱乐部
小男孩的发型
内存条批发
qq网名英文
中华万年历
黑沼泽掉落
甜酸爷爷第二十集
by2吧
精品人体艺术
杀人犯
优质老外
牛头人酋长出装
推理之绊
恐怖电影排行榜
团购
长周期
赵本山2012春晚小品
宋慧乔和玄彬结婚图片
小资女孩向前冲
百度
火影忍着羁绊
色心色
nga
三星p1000
新开传奇
学习C++的心得体会
全国大学生英语竞赛
新亮剑
十七个国家默哀金正日
[www.bo39.info]超級名模系列第22彈青山.avi.!mv
内蒙古彩铃12530
永恒之塔
迅播
宇宙星神
cf外挂
名侦探柯南版国语版
无限之住人
快播下载
非洲女孩人体艺术
长途车进入女人
商洛二手房
6位qq号码注册王
草酸二元弱酸，草酸氢
tas绝对的声音
海澜之家
搜狗浏览器30版本
口碑网
天上人间副总孙立霞
桑索女装官网
男人怎么延时？平时注意什么？
工作调动程序
明朝那些事儿txt下载
人体艺术套卡208大全
欧弟
3D肉蒲团
东方卫视
大米与湿气
遮天
htc多普达手机官网
百度
长生不死
穿越火线迎新风暴
泉州论坛
男人怎么延时？平时注意什么？
杀神5200
凰图腾1-30集分集剧情介绍
itunes
优秀员工自荐书
www.ssscf.con
a
入学体检
易建聯
广西运管登陆系统
6警察杀人案
最佳拍档
4.3
网络收音机收听
梅毒的症状
电脑知识学习网
毛片
名侦探柯南版国语版
视屏聊天
男人怎么延时？平时注意什么？
越狱后有锁
温州吉品火锅在哪
杀神5200
武极巅峰纳兰御最新
东莞那里有气枪卖
短腿的反击61土豆
十进制加法计数器
快播
孔雀东南飞的思想内容艺术成就
stocking
tas绝对的声音
百度
恐怖电影排行榜2011前十名
梦三国
分组情侣专用
盗墓笔记下载
色多多
成都同志场所
园林设计说明书
cf月影
789fff
刘德华给谁一杯忘情水
会所粗大男技师风采
音乐风云榜
准备元旦在西安玩几天租住在哪比较干净又划算
男人怎么延时？平时注意什么？
iphone
百度一下
变形金刚3
qq邮箱
绘声绘影x4免费模板
2011世界搏击散打比赛
6.73下载
网上那里可以放自己私密的日记
东莞那里有气枪卖
百度一下
杀神5200
餐饮管理知识
古宝奇缘MKV
快播
精品人体艺术
脑鸣
十种魅力女人
a
柳岩素颜
大学生了没
米奇妙妙屋全集
百度
会声会影
官术
爱让我们在一起
youwiyaxi
沈阳我和女友住
诺基亚官网
草酸二元弱酸，草酸氢
最佳拍档
Q播放器
秘果
十进制加法计数器
http://www.nanawg.com/
tas绝对的声音
斗破
Q播放器
凤御万兽
快播官方下载
恐怖电影排行榜2011前十名
明朝那些事儿txt下载
暮光之城-吸血鬼
小男孩的发型
甜酸爷爷第二十集
风云辅助免费版
刘德华给谁一杯忘情水
落地请开手机在线观看
小米手机官网
福岛五十勇士
黑狐电视剧全集播放
www.fsvod.net
带有古诗的元旦短信
mc小月凤凰展翅
qq个性网
柳岩素颜
开锁技术骗子
Trouble
360
05s502图集
Accession
后宫社区
龙华花王宫休闲中心
个性纹身
KBSOU
byd
蒙牛
tas绝对的声音
快播
我在炫舞上拜了个师傅他不玩了我离开
西西外挂网
pp狗
you
cpu炼金术士
武当山庄
2011新城劲爆颁奖典礼
永恒之塔
苹果手机用的什么软件】
镜头看世界
淫乐园
上海福彩网
甘竹鲮鱼罐头
163
色狗电影在线
建设银行
小说吞噬星空
MIAD524
项目特征描述中单列是什么意思
恋空
cq私服发布网2001
wo99.com
新浪新手卡领取中心
刘德华给谁一杯忘情水
百度一下
超越极限魔法宝石
火车票余票查询
入学体检
明朝那些事儿txt下载
斗破
官神
贾乃亮
cpu炼金术士
三客优
十二五规划
新浪微博
号码百事通网上充值
事实性知识
交易日
数字五笔下载马晓光
低价真钻项链
涟源黑社会老大
佳佳人体
fqpark.info
快播
qq个性网
最漂亮的新娘发型
土豆网
海南师范大学美术系校园照片
快播网址
工作调动程序
揭阳走私象牙案
空间克隆
rar
连续剧排行
吉野千秋的场合
环卫工人业务知识竞赛抢答题
达人秀
www.anquye.com
groove
白银
新亮剑全集
WWW.19CCC
宇宙星神
有索尼爱立信w550c
操比
我在炫舞上拜了个师傅他不玩了我离开
名侦探柯南版国语版
www.ssscf.com
4胞胎孕妇大肚照片
国门英雄
刘备传修改器
香港六合彩
以退为进
格式工厂下载
中国达人秀第3季第7场
黑夜传说
君临卡盟
断喉弩
byd
相伴
帅印根
qq个性签名
HTC
爱立顺m19拆机图
凤御万兽
简慕华烈火雄心3第几集出现
手机支付
神墓
东南菱帅改装图片
分组情侣专用
古宝奇缘迅雷免费下载
机油网
东方卫视达人秀12月26
学习C++的心得体会
大胆人体艺术
小资女孩向前冲
让男人骄傲的大鸟图
摔跤
客户端目录
2011香港搞笑电影粤语
百度
很太吧动漫游戏官方网站
新亮剑全集
女主持露阴视频
qq个性签名
加油站
手机
凤御万兽
bd
陆惠元
qq网名英文
精品刺身破璃盘图片优酷
www.e-chinalife.com
杜兰特十佳球
dj
刘德华电影全集
QQ分组
拍拍网
东方卫视达人秀12月26
山东中医药大学学生工作处
anquye.com
医院
跑跑卡丁车龙行华夏之都市S1视频
水泥粉磨站
蜜桃成熟33d
两性线性生理图片
杀人犯
骐达
apu
我的美女跟班
免费小说下载网站
男人装杂志
怎么查在淘宝用了多少钱
中国铁道部订票
qq飞车师徒系统
君住长江尾
天天看高清影视v2.1
天上人间副总孙立霞
洗浴中心全套服务内容
风云辅助免费版
蹲墙诱相公
深圳大巴失控
新亮剑全集
大米与湿气
CCTV-6
have使役动词
www.756nn.com
蜜桃成熟33d
58同城
学习C++的心得体会
2011香港搞笑电影粤语
刘备传修改器
新疆暴徒被击毙图片
淫乐园
非主流图片
赵本山2012春晚小品
非洲女孩人体艺术
qq分组红太狼
VPN加速器
永恒之塔
http://www.bbkxw.com/
NBA
成都同志场所
哪吒电视剧
东华大学2012招生简章
水泥粉磨站
古宝奇缘MKV
4.3
金陵十三钗完整版在线观看
狮子王导航
英语词根词缀记忆大全
凰图腾23集剧情介绍
天龙八部sf发布网
htc
温州吉品火锅在哪
网络收音机收听
最强铸造师txt
官仙
南昌2105配件
新亮剑全集
脑鸣
凰图腾23集剧情介绍
蜜桃成熟33d
体育个人总结
老婆嘴大
网上那里可以放自己私密的日记
贵阳五菱宏光二手车报价
名侦探柯南版国语版
蹲墙诱相公
2011秋冬围巾打法
动车事故
张掖市甘州区运输管理
www.anquye.com
上海虹桥汽车站时刻表
中国人的真实收入
性知识教育电影
开锁技术骗子
制药厂工作总结范文
净空法师网站
东莞高压气枪专卖网
3366小游戏
一水硫酸锰
WWW.19CCC
cf迎新风暴
大明春
恭城
山东师范大学团委网站
操比
朝鲜在中国间谍网
传奇世界水上飘外挂
周星驰电影全集
明星手机
小男孩的发型
好看的现代耽美小说
最漂亮的新娘发型
766火线魔盒
贾乃亮
www.12306.cn网上订票
武极巅峰纳兰御最新
长鸡眼是怎么样的
贵阳五菱宏光二手车报价
桑索女装官网
邓肯奥尼尔谁历史地位高
男人帮
蹲墙诱相公
典型苯丙酮尿症的病因是由于肝脏缺乏
温州吉品火锅在哪
名侦探柯南版国语版
洗浴中心全套服务内容
张柏芝被多少人日过图
抗日奇侠全集1-35录像墦放
qq会员
qq空间
分组情侣专用
日本夜间娱乐节目
砸车盗窃视频
byd
玄彬和宋慧乔约会图片
狗狗
http
古宝奇缘MKV
新亮剑全集
18和谐
我的灿烂人生
啦啦啦德玛西亚第4集
名侦探柯南版国语版
八戒网
上海福彩网
穿越火线下载
黑社会电影列表
百度
长鸡眼是怎么样的
123网址之家
baidu
短腿的反击
快播电影
中国达人秀第3季第5场
杀人犯
qq飞车师徒系统奖励
支付宝
xixi
会所粗大男技师风采
2011香港搞笑电影粤语
火影忍者
车祸
成都同志场所
qq头像
俄罗斯红灯区特色服务
操比
聚美优品
牧马人
新浪
张掖市甘州区运输管理
给你生命给我爱大结局
传奇世界水上飘外挂
东南大学新校区
全国2011年10月自学考试环境与资源保护法学试题答案
中锋至上
李小龙
分手的惩罚
当今中国政府腐败无能
qq飞车
小三
新疆暴徒被击毙图片
蚌埠曹安琪
火影忍者
4胞胎孕妇大肚照片
花与蛇1-7
哪吒电视剧
曹操传万能修改器
空间克隆
黑狐电视剧全集播放
6210QQf飞信下载
byd
很太吧动漫游戏官方网站
开锁技术骗子
北京动物园
天津银行
啦啦啦德玛西亚第4集
驱动下载
赵晨池
np女主穿越兽人世界
攀枝花财政网
爱情连连看
运营商破解补丁
2011世界搏击散打比赛
火影忍者漫画
114
龙华花王宫地址
新亮剑全集
给你生命给我爱大结局
福建农林大学教务管理系统
短腿的反击
qq空间
砸车盗窃视频
哪吒电视剧
金正日死前就托孤和中国达成秘密协议
学习C++的心得体会
抓鱼游戏单机版
联通营业员年终总结
淫乐园
民生银行网上银行
颖儿刘恺威现场答问
党员带头致富工作总结
apu
金正日死前就托孤和中国达成秘密协议
入学体检
舒淇三级快播
美军攻打伊朗中国的态度
东华大学2012招生简章
中国建设银行E路护航网银安全检测工具
嫁我网
快乐大本营20111224
福岛五十勇士死没死
洗浴中心全套服务内容
很太吧动漫游戏官方网站
张柏芝被多少人日过图
909影院网址
甜甜戴镣铐做家务视频
研究生
人体艺术图片
pps
肏
初一班主任总结
风行
贝尔
两性线性生理图片
室间隔缺损术后出现完全性右束支传导阻滞
小三
齐鲁电视台
byd
05s502图集
终极幻想
仙逆
新亮剑全集
广东高速地图全图
舒淇三级快播
上海福彩网
88888xxx
东方卫视达人秀12月25
百度
金正日死前就托孤和中国达成秘密协议
索尼nex-5n照片效果
福建农林大学教务管理系统
广发银行
QQ会员特权
好看的高干文
开锁技术图解
全国大学生英语竞赛
qq电脑管家官方下载
dnf官网
皇图腾第21集
youku
火车票余票查询
空间克隆
小三
cku
公测网游
英语教师课堂用语
上海虹桥汽车站时刻表
胡锦涛儿子
np女主穿越兽人世界
古宝奇缘MKV
蹲墙诱相公
qq头像
4胞胎孕妇大肚照片
VPN加速器
僵尸之脱衣舞娘
唐骏
爱丽舍
俄罗斯红灯区特色服务
日本夜间娱乐节目
火星文转换器带符号
成都同志场所
支付宝登陆
新亮剑在线观看
百度
仁义不施而攻守之势异也
小三
byd
大胆人体艺术
中国达人秀第3季第5场
给你生命给我爱大结局
梦幻西游
今天惠普全球财富杂志排名
体育个人总结
我市某镇的一种特产由于运输原因，长期只能在当地销售，当地政府对
辽宁人事
909影院
菩提瑜伽
ubantu
四川自考信息查询
武动乾坤
仁义不施而攻守之势异也
淫
只是怕依赖你
美女模特人体艺术
碧水湾温泉度假村
吞噬星空
lol船长出装
围棋定式详解3.3
大胆美女人体艺术
武动乾坤
cf透视
毛线长裙
nana
遮天最新章节
找谜语
一键ghost
wwe
张杰成都演唱会完整版
乐钓网
抗日奇侠全集1-35录像墦放
会所粗大男技师风采
淘宝绿色衣服
国内真实车祸监控
yy五项是什么
优酷
跑跑视频
小三
电视剧后宫甄嬛传剧情介绍
qq炫舞外挂自动跳下载
周星驰电影全集
新亮剑全集
耽美小说网址
希望你快乐网王同人
轻型肺炎与重型肺炎的主要区别点
溜溜的情歌歌词
短腿的反击
社会调查研究法
baidu
绝世小攻歌词
www.ccb.com
qq邮箱
蹲墙诱相公
秘果
内存条批发
管理学基本知识
日本充娃娃真人视频演
吞噬星空
非主流图片
4胞胎孕妇大肚照片
爱的色放
东方卫视达人秀12月25
环卫工人业务知识竞赛抢答题
成都同志场所
抚顺小吃
会所粗大男技师风采
佳期如梦之今生今世
十进制加法计数器
www.samsungapps.com
WWW.VANCL.COM
stocking
分组情侣一对
珠海住房公积金提取
男性人体使用手册图片
遮天最新章节
凰图腾1-50全集播放
少林武王全集
唯美诗句
给你生命给我爱大结局
爱立顺m19拆机图
cf星期五
51
步步惊心下载
成都电子警察违章查询
小男孩的发型
家园守卫战外挂
人体艺术图片
周星驰电影全集
55PPP
新片下载
在那找KX驱动
cf月影
南昌扬州浴城
李先念是张国焘的人吗
鸿门宴在线观看
一水硫酸锰
环卫工人业务知识竞赛抢答题
最终幻想
汽车音乐论坛
舒淇的三级有那些
午夜dj
电视剧
人体艺术摄影
化妆品推销开场白
2011年制药厂工作总结
网王原来我很呆
ABS防抱死制动系统
清风dj
site:http://www.999270.com/
金贸文学网
全省群众文化艺术优秀论文评选
baidusao
个性网
南勇的老婆
蚌埠曹安琪
建设银行信用卡中心
会所粗大男技师风采
碧水湾温泉度假村
环卫工人业务知识竞赛抢答题
少林武王全集
声波放大器
男性人体使用手册图片
遮天最新章节
跑跑视频
涟源黑社会老大
www.5c5c5c.com
连续剧排行榜
气势磅礴的开场音乐
成都电子警察违章查询
byd
一个色狼网站
沈阳我和女友住
十进制加法计数器
腾讯2011庆典大礼包，双重大礼送到家
蹲墙诱相公
宋慧乔玄彬为什么分手
支付宝
古宝奇缘MKV
baidu
护眼引擎怎样关闭
ubuntu
社会调查研究法
艾尔之光虚无疾走
昆山福兰德
英语教师课堂用语
新亮剑全集下载
男性人体使用手册图片
byd
英国HB童装
先锋电子
荣格
日本裸男为女生上生理课图
穆桂英挂帅
凡人修仙传最新章节
中英翻译
三星手机
唯美诗句个性签名
蹲墙诱相公
宇宙星神52集
爱立顺m19使用感受
今天惠普全球财富杂志排名
刘思思
非主流图片
抚顺百姓网
抗日奇侠全集1-35录像墦放
新车磨合期车速
会所粗大男技师风采
快播新亮剑1-35集qvod
uy777
6210QQf飞信下载
火星文转换器带符号
上海虹桥汽车站时刻表
QQ华夏蜘蛛天赋
男性人体使用手册图片
从零开始txt全集下载
遮天最新章节
easou.com
zhouyuan
百姓网
cf官网
qq个性签名
尼康5100电池副厂
凤凰网
蹲墙诱相公
一水硫酸锰
环卫工人业务知识竞赛抢答题
宁波客运中心时刻表
www.anquye.com
psp游戏下载
昌吉至共青团的班车
7k7k小游戏
初三化学式
新亮剑
科比平生40佳球视频
3岁小男孩发型
热血传奇
九阳绝脉
cq私服发布网无英雄
苏三
iphone4
身份证大全
舒淇的电影
女主持露阴视频
忍者村大战3.18
红色论坛
山丹丹花开红艳艳djwuqu
化妆品推销开场白
百度
www.ccb.com/sh
mmment.111
分组情侣一对
黑狐电视剧全集播放
byd
离开你我哭了DJ
魔法禁书目录小说全集下载
longzhigu
奇米影视
qq安全中心
e
上海虹桥汽车站时刻表
火星文转换器带符号
深圳会展中心
www.5c5c5c.com
医学教育网
美女模特人体艺术
昌吉至共青团的班车
百度一下
湛江中国城视频
春咲和津实
吞噬星空
全彩乱母
张杰成都演唱会
平陆二手车交易市场
人体艺术
气势磅礴的开场音乐
尼康5100电池副厂
生日浪漫点子
stocking
凰图腾23集剧情介绍
cf月影官网
蹲墙诱相公
site:http://www.999270.com/
身份证大全
淘宝
湖南台凰图腾
山丹丹花开红艳艳djwuqu
NGA
战地之王
环卫工人业务知识竞赛抢答题
棺材年终奖
佛山哪所民校好
联通营业员年终总结
mc小月凤凰展翅空间连接
163邮箱登陆
爱在旅途
铁拳
余姚奥斯卡影院
cf月影官网
神圣巨龙魔法师
圆通
喜羊羊与灰太狼下载
iphone4怎么下载软件
元旦图片大全
张杰成都演唱会完整版
培青素
dnf封号查询
东莞塘厦电信4M网线多少钱
巴音郭楞公安交警网
如何点亮小白大作战图标
百度一下
阳酝希
张柏芝被多少人日过图
叶子眉
恐怖片
私募基金
穆桂英挂帅
肌研怎么样
淘宝男装绿色
春咲和津实
联通网上营业厅
广告
stocking
byd
泸西县永宁乡信息
吐鲁番盆地阅读短文及答案
仁义之人
咒怨
新亮剑全集下载
www.anquye.com
site:http://www.999270.com/
征途217173玄兽卡
车展
湖北师范学院2011年艺术生分数线
x西西
内存条批发
百度
请你原谅我全集
竞彩
yy外宣器
南理工
uy777怎么进不去了
万事胜意
上海
笔下文学
毛线长裙
yy上麦名片照片
分组情侣一对
系统重装
鼠标右键反应慢
黑狐在线观看
优酷
遮天
dfu模式刷机
博士老师工资
初一班主任总结
新亮剑全集下载
e
疯狂医神
伦理资源网
化妆品推销开场白
4.3勇气换征服
社会调查研究法
雷峰塔和雷峰夕照
红十梦
家园守卫战外挂刷营地
2011年制药厂工作总结
会所粗大男技师风采
环卫工人业务知识竞赛抢答题
国内真实车祸监控
仁义之人
潇湘书院
武则天三级全集
京东
身份证大全
我的女儿是花儿大结局
LB网
耽美小说网址
平陆二手车交易市场
爱立顺m19使用感受
非主流头像
cf体验服火凤
CDMA
roll
颜震
华晶科技
聚划算
新亮剑
社会调查研究法
10万元的好车推荐
huangse
公务员工作调动程序
春咲和津实网盘
西西游戏网
非你莫属20111210
高清古宝奇缘
西游傲剑官网
下列哪项不是肾病综合征的并发症
官方下载
杀人犯
冒牌天神
6920295
生活大爆炸主角
寒假家长通知书
系统重装
空间克隆
霸君夜奴
两轮新车磨合期车速
王羲之的作品
爱必信音箱
色导航
爱立顺m19使用感受
簿熙来当总理
国门英雄
后宫甄嬛传高清全集
火影忍者漫画
十胞胎孕妇大肚照
凰图腾彩蝶的结局
cf星期五
喜爱夜蒲
仁义之人
民乐一中
Lenovo
www.wymfu.com
红色警戒3中文版
闪灵战士高清版下载
sgml
意尔康钱包
特码王
一水硫酸锰
安卓手机又QQ餐厅助手软件吗？
女人喂奶期会怀
Lenovo
服装企业简介范文
家居生活镣铐篇
边缘追击
2011香港搞笑电影粤语
旅游部门个人工作总结
天珠变下载
cf官网
俺去也.com
roll
名侦探柯南1-600土豆
"在我是一种惊异和悲哀"作用
最后的99天
先进集体评选标准
360安全卫士下载
上海虹桥火车站时刻表及票价
武器附魔惊羽
狗狗智商
sgml
人工学院
耽美小说网址
长途车进入女人
广告联盟里所填写的网站
公务员工作调动程序
寒假家长通知书
byd
贾乃亮
风行视频播放器下载
请你原谅我剧情
登录woool.com激活区服（1区—132区，除88区）后，登陆游戏领取年终奖元宝
青春失乐园
火星文转换器带符号
www.5c5c5c.com
雪人骑士出装
金桥贷款可靠吗
刚小希乳白诱惑
毛线长裙
日本充气仿真娃娃全露视频
cx300
最新泰剧虐剧
cf星期五
使命召唤5第14期视频
女人喂奶期会怀
分组情侣一对
断喉弩
非常6+1
加强渠道掌控
仙逆
stocking
爱立顺m19使用感受
凰图腾
EI检索号的含义
伦理电影
东方卫视达人秀12月25
魔法禁书目录小说全集下载
sgml
qq空间伤感网名
郑州男模会所
蹲墙诱相公
qq空间
双色球
颖儿刘恺威现场答问
西西外挂网
从零开始txt全集下载
2011香港搞笑电影粤语
风图腾剧情介绍
中国移动网上充值
youku
雪人骑士出装
广东省中医院
人工学院
钱多多的婚事35
非你莫属20111210
taobao
刚小希乳白诱惑
uy777怎么进不去了
360安全卫士下载
老死不相往来
结婚小游戏大全
AV小色女
春咲和津实网盘
6920295
火星文转换器带符号
人体艺术图片
蹲墙诱相公
百度
安卓手机又QQ餐厅助手软件吗？
街头篮球
警察杀人案
黑玫瑰
91手机助手官网
佳佳人体
马场大亨
女生遭四名男子
水泥粉磨站
百度一下
cx300
微信
恋爱暴君3
王之玉石像有什么作用
MV
xuejingxiongxin
个性网
crown鞋v01009
贺敬之的诗回延安
广东省中医院
cf星期五
刘思思
斗破苍穹紫研与萧炎
离开你我哭了DJ
电影天堂
卵巢肿瘤三项
冒牌天神
3岁小男孩发型
先锋电子
红色高棉
三国
穆桂英挂帅
吞噬星空
北京爱书
分区工具win7
电影天堂
i漫画
我也是花15
干露露唐山大地震片段
55kkk
红灯区快播
燃文
华晶科技
红色警戒3中文版
武器附魔惊羽
英国HB童装
ebank.spdb.com.cn
女人喂奶期会怀
169gd
斗破苍穹紫研与萧炎
百度
女主持露阴视频
2011年制药厂工作总结
世界上最贵的车多少钱
平陆二手车交易市场
QQ爱歌词
猪猪影视
最新泰剧虐剧
黑狐
人到四十
永生
cf官网
近亲结婚的名人
人体艺术
牲之图
cntv中国网络电视台
百度
草榴
冒牌天神
碧水湾温泉度假村
搜房网成都
闪灵战士高清版下载
分组情侣一对
新浪微博
公务员工作调动程序
斗破苍穹之赛亚传奇
侬本多情
许昌红灯区
凰图腾彩蝶当嫔妃
武林风2011年12月17日
家居生活镣铐篇
荼蘼花开
金山毒霸
表现关怀的音乐
百d
电子邮箱
长城汽车哈弗
生活大爆炸主角
基督教
直播吧
聚划算
人体艺术
真实的婚外情视频
WWW.WXBXX.COM
DJ采蘑菇的小姑娘
安卓邪恶美女游戏
百姓网
www.anquye.com
延吉百姓信息网
胎儿心脏发育不好能要吗
十胞胎孕妇大肚照
东莞出租屋转让信息
www.5ccuu.con
百度一下
爱必信音箱
遮天最新章节
飞天舞
东莞高压气枪专卖网
蓝钻cf礼包领取
大块头汽车有哪些？
"在我是一种惊异和悲哀"作用
神界危机4.6加强版隐藏人物
坦克世界
简慕华烈火雄心3第几集出现
天主教
qq语音美女变声器
广州市小学生学籍号多少位数
泸西县永宁乡信息
baidu
nba
神武坐骑技能选择
电影下载
平陆二手车交易市场
起点
簿熙来当总理
3岁小男孩发型
张柏芝被多少人日过图
百度
深喉
年末家长通知书的建议和意见
东莞高压气枪专卖网
最新泰剧虐剧
培青素
翻译器
空间家族
龙门飞甲
家园守卫战外挂刷营地
雨后小故事全集下载
请你原谅我剧情
全聋哑人窃贼砸车盗窃
狗狗
帝国时代
春咲和津实网盘
beyongd演唱会1991
永生全文阅读
中国美赞臣奶粉有细菌吗
后院三国布局图
计算氧化铁中铁元素的质量分数
安卓手机又QQ餐厅助手软件吗？
大学物理实验
中国最新战机歼十四
人工学院
东方卫视达人秀12月25
古龙小说全集
山东会所技师照片
人体艺术图片
李连杰
中国福利彩票双色球28
江湖奇案全集
ABS防抱死制动系统
kama
百度一下
baidu
天天向上
习近平
十胞胎孕妇大肚照
神武坐骑技能选择
新尚网
家居生活镣铐篇
郭艾伦女友
雪之女皇国语版全集
我和僵尸有个约会2
唯美诗句个性签名
后院三国布局图
古装电影国语版
有关朝鲜金正恩豪宅
台海危机
草榴
灵魂战车1在线观看
pvd
舒淇的电影
人工学院
WWW.WXBXX.COM
百度
火车票学生票预订
电视剧女人四十剧情简介
空间家族
遮天
今夜私语微博
生日浪漫点子
贾乃亮
东方卫视达人秀12月25
国门英雄
清涧道情（陕北道情）传承人白明理
菲华网
罗湖汽车站图片
大量贩卖日本袖珍石猴
查找关于两性的资料
小小忍者
想加盟宠物店哪个好
大学物理实验
爱情连连看
桐华步步惊心
有关朝鲜金正恩豪宅
东莞高压气枪专卖网
文趣吧
卵巢肿瘤标志物三项
计算氧化铁中铁元素的质量分数
汤唯
豚鼠
搜狗输入法MJ皮肤
河南五建待遇
名品户外论坛
平陆二手车交易市场
优酷
颜震
体育个人总结
www.17500.cn
我的宝贝公主伊莎贝拉
后院三国外挂
后院三国防御图
记忆女神的女儿们
有关朝鲜金正恩豪宅
3岁小男孩发型
空间家族
家园守卫战外挂刷营地
征途217173新手卡
研学论坛
女王之刃诱惑图片
我的超级异能
中国福利彩票双色球28
引燃者之戒
给你生命给我爱大结局
计算氧化铁中铁元素的质量分数
碧水湾温泉度假村
发酵家族
驴肉火烧
水泥粉磨站
英语访谈
郑州网联
杭州小三
火影忍者中文网
西西游戏网
危险总裁
鑫光大刘洋
斗破苍穹萧炎的异火
115提取
常香玉豫剧大祭桩全场
黄石团城山新楼盘
计算氧化铁中铁元素的质量分数
新亮剑1-35集快播
大唐女将樊梨花全集在线观看
驰为v2支不支持3g网卡
xixi
传闻中的七公主
中国历代王朝军事实力
NBA
腾讯视频
N45
360安全卫士
byd
人工学院下载
翻译器
朴信阳吧
暗夜情魔
滨州学院
同城交友
空间克隆
后院三国外挂
酷狗2011免费下载
贾乃亮
少年花丛游txt全集下载
黑狐在线观看32
抚顺小吃
新浪微博
三国志
sodu
分区工具win7
dnf加力量的宝珠大全
性知识教育电影
深圳华强北电子市场
火车票学生票预订
婴儿用品
帝国时代3
玩尽杀绝4迅雷下载
新亮剑
遮天
恋爱暴君动漫ova3
原来是美男韩版
棺材年终奖
民乐一中同学录
中国歼十六战机
男柔道堆属性有用吗
蹲墙诱相公
dfu模式刷机
人工学院下载
快播
668
www.5c5c5c.com
华晶科技
小米
百度
新片下载
罗湖汽车站图片
分组情侣一对
霸道人生TXT下载
youku
许巍最好听的歌
百度
周立波
cf迎新风暴
清宫生男生女表
www.84aaa.com
天龙新长头
高清古宝奇缘下载
旺旺
武动乾坤
舒淇的电影
泰安休闲场所
二十人一起玩的游戏
cf官网
宁波江东招聘餐饮服务员
世界上最贵的车多少钱
yuca论坛
走自己的路,追自己的梦有什么特别的含义
自然堂的睡眠膜
家产电视剧在线观看
后院三国外挂
蓝钻cf礼包领取
QQ
穆桂英挂帅电视剧
酷狗2011免费下载
Adobe
速派奇电动车官方网站
156S
百度贴吧
风行下载
民国投机者
人体艺术图片
北京化工大学北方学院
sunporno
x西西
黑狐
生猪价格走势2012预测
俞佳
土豆网电视剧
引用bl漫画博客
有没有人把你爱得像颗钻石
简单外挂
www.anquye.com
yuca论坛
春咲和津实网盘
餐饮管理知识
杀人犯
dfu模式刷机
制药厂员工工作总结
javascript:puton('1018288','u','53','0','0','0','0','0','0','0','0','','869')
春宴
新亮剑
武动乾坤
123
走自己的路,追自己的梦有什么特别的含义
棺材年终奖
方跃壮语
翻译
宁波客运中心时刻表
蹲墙诱相公
黑狐在线观看32
广州市小学生学籍号多少位数
引用bl漫画博客
花美男拉面馆
最新中国幸福指数排名
苍井空
相册回收站
英雄联盟牛头人酋长神装
穆桂英挂帅
鲁迅美术学院2012招生简章
凡人修仙传
免费诺顿电脑优化大师
第一放映室伦理
免费下载水调头歌
动物世界配种狗
吞噬星空
男妓和富婆视频照片
玄幻小说
速派奇电动车官方网站
分区工具win7
2012年龙年新年祝福语
深喉
蹲墙诱相公
湖北师范学院2011艺术分数线
DNF斯卡迪女王的亲笔信
雪之女皇国语版全集
日本袖珍猴
3gp
武动乾坤
word
翻译器
SODU
JK触发器
多玩
家园守卫战罗德港攻略
qq空间
桐华步步惊心
永生520
广州市国家税务局
天蚕神功
qq续费
帝国时代3
05s502图集
天天都想见到你广场舞
西西
劲舞团私服多开
童壹库官方网站
春咲和津实网盘
人体艺术
同城交友
QQ炫舞外挂
中国旅游业"十二五"发展规划
南昌洗浴按摩
刘恺威和颖儿的照片
英雄联盟牛头人酋长神装
男人版天鹅舞
性生活影片
yingyushiting
有没有人把你爱得像颗钻石
鼠标右键反应慢
公务员工作调动程序
分组情侣一对
南昌洗浴按摩
鑫光大刘洋
波肖门尾图库
曹丕陌上桑
广州高楼图片
高清古宝奇缘下载
蓝钻cf礼包领取
走自己的路,追自己的梦有什么特别的含义
罗湖汽车站图片
www.84aaa.com
检验科年度个人总结
高手破了干露露的空间
www.allsunlips.com
英雄诗句个性签名
Adobe
湖南移动网上
头像
湖北师范学院2011艺术分数线
qq空间
徐子淇八字面相
优酷
百度
后院三国外挂
深喉
火车票学生票预订
stocking
百度影音
两轮助力车新车磨合期车速
聚划算
凤图腾剧情分集介绍
7k7k小游戏
d3dx9_42.dll
医院
谁有外国黄页网站网址
恋爱暴君ova3
JK触发器
快乐大本营20111224
毛泽东南行与林彪集团视频
全能奇才
黄石团城山新楼盘
手机游戏
我可能不会爱你
登录woool.com激活区服（1区—132区，除88区）后，登陆游戏领取年终奖元宝
充气仿真娃娃叫声试听
建设银行
希金斯怎么评价丁俊晖
www.999i.info
JK触发器
爱情连连看女嘉宾资料
赌侠大战拉斯维加斯
酷狗2011免费下载
北京化工大学北方学院
cf最新挑战秒杀外挂
日本袖珍猴
计算氧化铁中铁元素的质量分数
site:http://www.hjdsb.com/
康福中国6.0中文版
劲舞团私服多开
多键连发
分手的惩罚
成都兼职网
水泥粉磨站效果图
黑狐在线观看
凤凰展翅空间连接
失血过多吃什么比较补
伤心太平洋伴奏
scully
KUAIBOZIYUANGUANLIZHAN
开心网
百度
人体大脑图片解剖
360
中国航母三次试航最新消息
俺去也
全能奇才
纸玫瑰的折法
28ktv.com
华泰
PPT转PDF
酷狗2011免费下载
最新古装电视剧排行榜
泰安休闲
佛山哪所民校好
免费诺顿电脑优化大师
日本袖珍猴
只是怕依赖你
人工学院下载
忍者羁绊3.1
上海
爱情连连看女嘉宾资料
宁波江东招聘餐饮服务员
控制滚动速度代码
5.0dfu模式刷机
快乐驿站
分手的惩罚
皋兰三中一女生被群殴
南勇到底贪污多少钱
中国福利彩票3d双色球
天地寂寥山雨歇，几生修得到梅花什么意思
星座彼氏
002127股吧
伪政府
翻译器
电影下载
快播资源管理站
餐饮服务语言
台版色戒案
温州吉品火锅
美女骑兵
哲科
新疆艺术学院
赵本山2012春晚小品
爱立顺m19
穆桂英挂帅
唐诗名句
女烈
经济技术签证单
尹晶喜图片
回家的诱惑全集
全能奇才
爱必信音箱
中国歼20战机在世界排名
太极拳
工作调动申请
红河州泸西县房价
五年级数学上册教研总结
10Mbps
东莞出租屋转让信息
新课程实施情况总结
我也是花15
魔法禁书目录小说全集下载
菩提树下全集在线观看
黑老大服毒自杀
手机三国杀单机有配音版
英雄萨姆3
蒙牛
中国进口俄罗斯核潜艇
郭德纲
洛奇英雄传FS厉害还是镰刀厉害
7060手机电影mp4下载
万年历查询
广州火车东站
腾讯QQ十三周年抽奖活动-获奖通知
百度贴吧
金诃仁青常觉
身份证号码大全
忍者羁绊3.1
唐诗名句
水泥粉磨站效果图
危险总裁死女人还敢跑
人工学院下载
坦克世界
后院三国外挂
引燃者之戒
上海福彩中心
穆桂英挂帅
优酷
大胆人体艺术
金陵十三钗
acome
2009全国独立学院综合实力20强
华晶科技
死神
iphone安装搜狗输入法
www.yahoo.cn
两轮助力车新车磨合期车速
表现关怀的音乐
天天看视频播放器
皮皮色狼网
日本最色动漫
jj1jj
国内真实车祸监控
自然堂的睡眠膜
38JJJ
QQ会员特权
qq头像
金钱.谋杀.爱情TXT
中国历代王朝军事实力
dota视频站
系统重装
大乐透走势图
p920
成都同志
yingyushiting
计算氧化铁中铁元素的质量分数
3d双彩
死亡笔记真人版
川岛和津实的电影
全能奇才
空间克隆
上海福彩中心
白发怎么治疗
普朗克常数测定实验
女烈
12生肖顺序数字表2011
baidu
穆桂英挂帅
中国旅游业"十二五"发展规划
u9
人工学院下载
38JJJ
一品红娘
快播资源管理站
颔
小说阅读网
X战警3BD国语
高清古宝奇缘下载
新亮剑全集
计算氧化铁中铁元素的质量分数
金钱.谋杀.爱情TXT
许昌红灯区
刚小希乳白诱惑
www.84aaa.com
起点
人体艺术
西西游戏网
湖北师范学院2011艺术生文化
qq炫舞外挂自动跳舞
仙逆最新章节
冰雪加速1.41下载
满城挖
伦理电影
奇艺高清
颜震
天地寂寥山雨歇，几生修得到梅花什么意思
有没有关于何家劲专题节目
菩提树下全集在线观看
儿子与母亲不正当关系
长城汽车哈弗
批发诸葛弩
虎山行
诱惑女生大图
QQ会员特权
烽火儿女情电视剧全集
长沙民政职业技术学院
神话
管理学基础知识免费下载
Geforce
360安全卫士
最新歌曲
中通快递
天下3不小心进入副本怎么出来
38JJJ
www.11baidusao.com
仙逆最新章节
哈尔滨万达影讯
cf大米下载
人体蜈蚣
免费下载杀毒软件360下载
王菲的水调头歌
完整傣族舞教学分解动作视频
酷狗2011免费下载
2012元旦祝福语
色
那些年
川岛和津实的电影
抽样调查法
qq头像
多键连发
许昌红灯区
www.12306.cn网上订票
fisting
明朝传奇
功夫熊猫2
感伤的个性签名
元旦图片大全
沈阳国际男模会所
东流影院限制分级70页
wan50
踩裙门
不是因为寂寞才想你歌词
3g2q过云20
性生活影片
全能奇才
银行内控案防工作汇报
acome
2012大连考研考场查询
NBA
wan50
水泥粉磨站效果图
人体大脑图片解剖
麦可思研究院撰写的《2010年中国大学生就业报告》
十胞胎孕妇大肚照
许昌红灯区
管理学基础知识点
5-15万元家用车型推荐
失血过多吃什么比较补
北京西站地铁线路图
《一无所有》高铁版
cf大米
东莞气枪
www.47aaa.com
色日本动漫图片
qq炫舞外挂自动跳舞
暮光之城大结局
小三逼死原配
多键连发
争产案
av
身份证号码和姓名
海南海口有哪些儿童舞蹈学校
360安全卫士下载
初中语文新课程实施情况总结
武林外传全集
日本av
养猪前景如何2012年
百度
桐华步步惊心
落秋
刚小希乳白诱惑
炼药技能升级燃文
检验科年度个人总结
百度
007皇家赌场
十二月出生的人会是怎样的呢
cf大米
WWW.AAA13.COM
白手出引燃者之戒
银龙鱼
快播资源管理站
av
火车票学生票预订官网
民事纠纷起诉书范文
fisting
百度一下
麦可思研究院撰写的《2010年中国大学生就业报告》
2012索兰托柴油版好还是汽油版好
国际经济法期末考试卷
财付通
新亮剑21——35
qq情侣分组设计幸福的
990991
泸西县永宁乡信息
吞噬星空
英语视听
客户端目录
皋兰三中一女生被群殴
Adobe
分手的惩罚
水泥粉磨站效果图
oem
大胆人体艺术
百度一下
长城汽车哈弗
奥迪q1最新报价及图片
火影忍者
Q播放器
多键连发
战律星云
国内真实车祸监控
金正日死了朝鲜人为什么哭
靠墙的女生qq头像
凯立德导航仪升级
东莞气枪
在线漫画
危险总裁
抗日奇侠全集1-35视频播放
五年级数学上册教研总结
长途车进入女人
58同城交友
www.aa319.com
涟源黑社会老大
疯狂医神
百度
加勒比海酒吧
刷钻管家
东莞清溪出租屋转让
word
快播大黄
简简单单
海贼王
林彪刺杀毛泽东视频
谁能百里挑一赵梓皓视频
WWW.AAA13.COM
天蚕变第一部
5.0.1dfu模式刷机
黑狐电视剧全集播放
163
12生肖顺序数字表2011
身份证号码和姓名
手机游戏下载
色日本动漫图片
中国旅游业"十二五"发展规划
中国联通广西分公司2012年本地管线工程项目招标公告
2011新疆暴力事件图片
女王之刃诱惑图片
武林外传全集
Anais
体育个人总结
电脑网速怎么变快
爱立顺m19
袁术结局
春秋航空
让子弹飞
九刃
小s第三胎大肚照
许昌红灯区
爱酷2.1版
魔兽世界sf
西西
古装电影国语版
东莞气枪
武则天三级全集
wanben
襄阳同城游戏
麻仓忧
av
qq音乐克隆
百度
让女友感动落泪的生日
眼睛发炎怎么办
威海聋哑人盗窃
吴京电影
吉姆
长春市招聘信息
诱惑女生大图
白手出引燃者之戒
MIAD-524
抽样调查法
太极拳
银行内控案防工作汇报
三星p1000
56女生视频
初吻女生要回应么
有没有关于何家劲专题节目
长城哈弗车suv质量
死亡笔记真人版
吴京电影全集
2011世界搏击散打比赛
帝国时代3
三级猛片武则天
hao123.com
http://xd4my.com/
MIAD-524
中国哪些行业是灰色收入
长城哈弗车suv质量
仙逆最新章节
先锋电子
管理学基础知识点
扣扣
QQ会员特权
快播大黄
qq三国军团大练兵
CPR的除颤电压
PPT转PDF
爱的供养歌词
低价打鸟气枪货到付款
南开大学滨海学院
冰雪加速1.41下载
新亮剑
婴儿用品
武林外传全集
魔兽世界sf
管理学基础知识点
2012年龙年新年祝福语
威海聋哑人盗窃
借东西的小人阿莉埃蒂镜头
九刃
开心网
佛山哪所民校好
ps
连州
警察杀人案
快播大黄
qq三国军团大练兵
巴萨梅西身价
烽火网
特价3.6米海竿套装
征途217173公测特权新手卡
管理学基础知识点
天津女找男一夜
www.47aaa.com
d3dx9_24.dll
nana
干露露
胎儿心脏发育不好能要吗
天津征婚网站
微信下载
文殊师利发愿经
卡布基诺
工作调动申请
普朗克常数测定实验
毛片
最新超级大乐透走势图
qq空间
倾世皇妃电视剧全集
生孩子真人分娩的过程图
色狐
管理学基础知识点
蹲墙诱相公全文阅读
烽火儿女情电视剧全集
最新古装穿越电视剧
快播大黄
qq空间
中国哪些行业是灰色收入
屄
三星i9100
lj张柏芝照门艳全集
仙逆最新章节
女王之刃诱惑图片
天津女找男一夜
迅播
张建斌
疯狂医神
c1驾驶证模拟考试
王子影院qvod
小说
小班快乐的跳跳糖教学反思
乖乖宠宠物
仁爱初一英语期末试卷
十三朵玫瑰女烈博客
神艺缘女烈视频
心动时刻
电影《奸十出击》
中国移动网上营业厅
寻色戒完整版在线观看
充气仿真娃娃视频叫声
新亮剑全集
38军军长被拘禁
下腹疼痛是怎么回事
女王之刃诱惑图片
凰图腾
麦可思研究院撰写的《2010年中国大学生就业报告》
九刃
吐鲁番盆地阅读短文及答案
甩饼歌里的埋汰自己的是谁？
fisting
rpm包安装
ppnba
小s第三胎大肚照
可爱的网名
凰图腾1到50集
初中语文新课程实施情况总结
吴京电影
曹丕陌上桑
罗湖汽车站图片
新亮剑25集
成都二手房搜房网
麦可思研究院撰写的《2010年中国大学生就业报告》
5.0.1完美越狱教程
have
吴京电影
快播资源管理站
神艺缘女烈视频
桐华续的步步惊心结局
洛奇英雄传怎样经验多
789
二级建筑师挂靠
新亮剑
306卫士下载
人体大脑图片解剖
情侣头像
05s502图集
82mcc导航
孙过庭书谱
92a与92l
前夫的迷情
X战警3BD国语
新亮剑25集
天津女找男一夜
黑狐电视剧全集优酷网
全能奇才
喂奶姐
快播电影红色机尾(全集)
蹲墙诱相公全文阅读
中信银行白金卡有多少额度
天津金逸影城影讯
铁达尼号
Gay
男人版天鹅舞
从安庆到滨州有直达火车吗
小说阅读网
baidu
特价3.6米海竿套装
太阳的新娘
初吻女生要回应么
簿熙来的儿子李望知
锂电池电解液
青春期2青春失乐园
qq三国军团大练兵
傲剑官网
新亮剑25集
dnf怎么玩体验服
38军军长被拘禁
警察杀人案
征途217173公测特权新手卡
电视剧女人四十剧情简介
500万彩票网
金陵十三钗下载
志高一匹冷暖高调
靠墙的女生qq头像
coreldraw
初吻女生要回应么
VPN加速器
水泥粉磨站
156S
电视剧下载
qq空间
曹丕陌上桑
月影
扬州驾校
www.62hh.com
吴京电影
寒假
十三朵玫瑰女烈博客
日本袖珍猴养殖场
新亮剑25集
156S
新浪微博
让女友感动落泪的生日
体彩超级大乐透走势图
神艺缘女烈视频
电影
珠海住房公积金提取
炼金术士
簿熙来的儿子李望知
Gay
武则天三级全集
徐子淇八字面相
最新歌曲
明朝传奇
喜爱夜蒲在线看
www.tc5178.com
黑狐电视剧全集播放
快眼看书
广州家乐食品有限公司招聘
2012大连考研考场查询
女王之刃诱惑图片
CF的游戏截图电脑上没我的文档在电脑那个盘找
加勒比海酒吧
靠墙的女生qq头像
梦三国
华晶altek
梦幻39级能攒多少经验
360安全卫士
阿里巴巴批发网
网上订票流程
96台海危机全解密
前世泰山娃娃
最高的女模特
中央10台
jdbbx
吴京电影
元旦图片大全
乐视
肺结核症状
lj张柏芝照门艳全集
魔兽世界sf
电影下载
胎儿心脏发育不好能要吗
2011年个人所得税税率表
蹲墙诱相公全文阅读
92a与92l
itunes官方下载
深喉
麦可思研究院撰写的《2010年中国大学生就业报告》
冰雪加速外挂
驴肉火烧
2007版autocad下载
色动态QQ
特价3.6米海竿套装
在线刷钻
虎山行
感伤的个性签名
Anais
非洲原始部落
路德教
全球随机在线视频
神艺缘女烈视频
百度一下
百度
海南海口有哪些儿童舞蹈学校
西西助手
Gay
《7天可瘦3～5公斤的减肥法
疯狂医神txt全文下载
三国志英杰传
龙门飞甲
中国强硬警告日本插手南海
立新唯一
水泥粉磨站环评
电视剧女人四十剧情简介
从安庆到滨州有直达火车吗
www;400499;com
麦可思研究院撰写的《2010年中国大学生就业报告》
上海虹桥火车站时刻表及票价
两轮助力车磨合期
dwsj动物世界狗配种
女王之刃诱惑图片
天津女找男一夜
CF
百度知道
东京热种子
htc手机游戏
百度
《喜爱夜蒲》迅雷免费下载
百度
找富婆qq号在线的
2012索兰托柴油版好还是汽油版好
虎山行
天津女找男一夜
黄金岛官方下载
计算机机试的评分方法
爱情公寓3
樱桃和车厘子对比图片
爱立顺m19
Gay
护国大将军
仁爱初一英语期末试卷
俺去也只要记得输入就能找到家
管理学
女王之刃诱惑图片
加勒比海酒吧
12生肖特码数字顺序
bl高h耽美动画在线
那种解酒药最好
异界流氓天尊
fisting
涟源黑社会老大
小孩晚上做噩梦是怎么了？
九刃
jj
天安门大屠杀
狂暴女烈酷狱熬刑
画皮
凯迪拉克
泡芙小组第二季
闹洞房-新娘太娇艳竟被
我爱火星
综漫+综影)妖精的诱惑
清涧道情（陕北道情）传承人白明理
火车票学生票预订官网
荣威750
17173
伦理资源站
魔兽世界sf
蹲墙诱相公全文阅读
谜语答案
nba录像
cf体验服火凤
靠墙的女生qq头像
天津女找男一夜
山东会所技师照片
05s502图集
好想与世隔绝
珍爱
鼠标检测工具
百度
麻仓忧
我的超级异能
家居生活镣铐篇
广州购物网站
大团结
女王之刃诱惑图片
肉蒲团
360
国际经济法期末考试卷
7k7k小游戏
itunes官方下载
锂电池电解液
火影
苦斋记赏析
渤海银行小额贷款
动漫频道
58同城交友
洋人
两轮助力车磨合期
九游9game
伦理资源站
天津女找男一夜
孤岛惊魂2中文版下载
anais
佛山市三水区到山东省济宁市路线
聚宝盆店铺管理系统
中信银行白金卡有多少额度
奇志大兵
人鼠之间用量换算
6胞胎孕妇图
qq163
MIAD-524
cntv
西方妓女性服务全过程
www,90qvod.com
www.5dgz.com
迅雷
小说下载
大团结
火车票预订网
车祸
鲁豫有约
百度一下
淘宝
颜震
月经结束第一天性生活会怀孕吗
梦幻39级能攒多少经验
搞师傅
吃的是草挤出是奶
金正日
神话电视剧
文艺网站
俺去也只要记得输入就能找到家
htc手机游戏
在线刷钻
超清爱情公寓3gp
爱问
飞利浦1150剃须刀
名侦探柯南国语版600
谜语答案
2012元旦qq图片大全
xixi
烽火儿女情电视剧全集
新浪爱问
美国大树吉他
人体艺术
dnf
五笔练习
冰雪加速外挂
最新歌曲
女王之刃诱惑图片
金陵十三钗下载
小说阅读网言情小说
天津女找男一夜
百度新亮剑全集播放
中兴v880电子书下载
宫2
开心网001
俺去也只要记得输入就能找到家
新亮剑
肖雄的女儿
qq网名
大周
《妾本余孽》作者:水灵动(1
神雕侠侣小说
头像
电影下载
好123
大团结
男柔道堆属性测试
特警出击国语高清
吴京电影全集国语高清
李美琪
钱多多的婚事35
九刃
诅咒禁区之门1.3
驾校一点通
迪尔皮卡怎么样
7k7k小游戏大全
秘果
习近平
鬼故事
人体艺术
俺去也只要记得输入就能找到家
腾讯QQ十三周年抽奖活动-获奖通知
htc手机游戏
红色高棉
坦克世界
房东专偷女人内衣视频
炼药技能升级燃文
女王之刃诱惑图片
致命请柬下载
mg6
中国幸福指数高的城市
深喉
bl高h耽美动画在线
X战警3BD国语
植物大战僵尸
猛鬼狐狸精
体育个人总结
木槿花西月锦绣
大学生购物
MIAD-524
建设银行
dnf官网
中华英才网
qq网名
鬼故事
天蚕变第一部
一品红娘
tpzt.hnqczgcctv
清涧道情（陕北道情）传承人白明理
人工学院下载
朝鲜美女陪金正日睡觉视频
个性签名
全世界陪我终结txt下载
天安门大屠杀
电影天堂
水泥粉磨站环评
麦可思研究院撰写的《2010年中国大学生就业报告》
九刃
51JOG
三星p1000
光顾天上人间不堪入目(图)
团圆电视剧刘士杰
真心话大冒险的问题
6胞胎孕妇图
八字旺夫
三星gt-i8150报价
御宇多年求不得
呼哨的意思
优酷
五年级数学上册教研总结
A93
jj1jj
广东省人民医院
百度
只是怕依赖你
武则天三级全集
月影
《喜爱夜蒲》迅雷免费下载
2012款大众朗逸图
黎明之前在线观看
仁爱初一英语期末试卷
集成电路热分析的国内外研究进展
qq三国军团大练兵
游戏蚂蚁千亿星辰
麦可思研究院撰写的《2010年中国大学生就业报告》
非洲女孩人体艺术
《限制级婚姻》作者:Jass
伦理资源站
吴卓羲
马原必背重点
超拽情侣网名
姜苏
cf官网
wanben
计算氧化铁中铁元素的质量分数
咸阳
东莞清溪出租屋转让
什么时候是排卵期
非主流靠墙唯美头像
www.33eee.com
广东省人民医院
月影
女王之刃诱惑图片
寻色戒完整版在线观看
百度
百度文库
鬼故事
感伤的个性签名
越南将领土偷偷的还给中国
人体艺术
baidu
聚宝盆店铺管理系统
htc
百度一下
新亮剑25集
颔
梦幻39级能攒多少经验
山东中医药大学学生工作处党课考试
cq私服发布网无英雄
新浪邮箱
团圆电视剧刘士杰
佛山市三水区到山东省济宁市路线
新上门女婿
TXT
西西游戏网
qq九仙
四川大学
何韵诗
anais
武则天三级全集
美图秀秀
星定式
新上门女婿
dnf小游戏2.7无敌版
南昌国尊男士健生会所
假如不曾如此堕落TXT
狂战加点
12月30日电视剧新亮剑25、26集
已知三角形ABC中
日本袖珍猴养殖场
上海虹桥火车站时刻表及票价
女王之刃诱惑图片
优酷
393919.c0m
龙门飞甲
p8下载
吞噬星空
金瓶梅
终结者
雪之女皇国语全集在线观看
cq私服发布网无英雄
天津市
《喜爱夜蒲》迅雷免费下载
九阳豆浆机全部型号
凰图腾
假如不曾如此堕落TXT
tclc32f220
吞噬星空
女主持露点
今何在
anais
腾讯QQ十三周年抽奖活动-获奖通知
pdanet
日本袖珍猴养殖场
高H小说
鸡泽五粮50度金樽单品一瓶
三星i9103对比苹果4
九阳豆浆机全部型号
木槿花西月锦绣
爱立顺m19
世界各个时期国家疆域
新亮剑2铁血军魂
人体艺术
八字旺夫
《限制级婚姻》作者:Jass
吞噬星空
山东会所技师照片
最新歌曲
三星i9103对比苹果4
全世界陪我终结txt下载
超h耽美bl动画在线
亚当
上海团购网
超拽情侣网名
特价3.6米海竿套装
咸阳
www.5dgz.com
集成电路热分析的国内外研究进展
五行八卦风水图
黑道特种兵
素颜歌词
凤御万兽大结局
吞噬星空全集下载
微博
离歌3
美发师网名
百度
大胆人体
全球免费随机视频
咸阳
www.63kxw.com
吞噬星空全集下载
胎儿心脏发育不好能要吗
www.hao123.com
计算氧化铁中铁元素的质量分数
东莞清溪出租屋转让
大胆人体
精武堂
郑州大学
武动乾坤
电视剧黑狐剧情分集介绍
植物大战僵尸中文版
多玩
江门幼儿师范学校
第四色男人
腾讯QQ十三周年抽奖活动-获奖通知
谜语答案
石刑
百度
日产
爱因斯坦的故事
鬼故事
txt电子书免费下载
夏妍的秋天全集
恰同学少年
死神156
会所粗大男技师风采
新疆暴徒被击毙图片
鑫光大刘洋
如图，已知∠BAC=30°，AP平分∠BAC
黑道特种兵
烽火儿女情全集
在线刷钻
电玩巴士
团圆电视剧刘士杰
夫妻生活用嘴做视频
鬼故事
计算氧化铁中铁元素的质量分数
龙门飞甲
不认输——赫连娜职场蜕变计
桌面背景图片
西西
一气呵成的意思
火车票学生票预订官网
爱立顺m19
天地寂寥山雨歇，几生修得到梅花什么意思
裸婚时代全集
yy下载
日本袖珍猴养殖场
黑客dnf公开号大全
太平洋
猛鬼狐狸精
中信银行白金卡有多少额度
www.hao123.com
奇米影视
锁侠
胎儿心脏发育不好能要吗
周星驰
广东省人民医院
黑狐电视剧全集播放
美图秀秀在线
三亚让露营吗
星定式
张柏芝被多少人日过图
六和塔
bbez
p8下载
吞噬星空
凰图腾
在线漫画
393919.c0m
真人示范女性用避孕套
最新韩国红地毯女星八字奶
三集片
终结者
人工学院下载地址
同学录
张杰成都演唱会
汽车音乐论坛
天津塘沽
帝国时代2秘籍
神武反制宠需要什么技能
二重劫﹕残情猎爱TXT
常温常压下，清水吸收空气中混有的氨且混合气流量为4000的填料吸收塔的课程设计范例
CPA
进入dfu模式
91手机助手官网
温州吉品火锅
猛鬼狐狸精
团圆电视剧刘士杰
吞噬星空
禾润坊强力祛痘膏
H漫画
张震讲鬼故事全集
偷袭珍珠港电影下载
抚顺小吃
检验科年度个人总结
今何在
火影忍者
TNT
重庆美女
驴肉火烧
坦克世界
木槿花西月锦绣
午夜剧场
男生励志网名大全2011
雾都夜话全部视频
名侦探柯南国语版600
百度
重庆美女
H漫画
qvod播放器下载
黑客dnf公开号大全
壹周立波秀
剑神重生下载
www.c700.com
汽车音乐论坛
ktv不堪入目女人照
人体艺术
微信下载
吞噬星空
星定式
彩钢
2011扫黄图片
左耳
支付宝
肯德基宅急送菜单
钱多多的婚事35
免费小说下载网站
小孩晚上做噩梦是怎么了？
新永不瞑目
qq炫舞外挂自动跳舞
不认输——赫连娜职场蜕变计
摄像机闪存和硬盘的优缺点
邱泽
联通营业员个人总结
黑客dnf公开号大全
日本袖珍猴养殖场
北京台2012年春晚什么时间播出
冰雪加速外挂
男为悦己者穷
告别2011年迎接2012年龙年新年祝福语
火车票学生票预订官网
计算氧化铁中铁元素的质量分数
个性网名
修真界败类燃文
中国哪些行业是灰色收入
垃圾处理方法
雪之女皇国语版全集
征途2官网
赌侠
记忆助手
失恋33天
雷霆咆哮出装
新永不瞑目
红星美凯龙
acome
免费算命推算个人八字吉凶，今年流年吉凶，适合的职业、方向等等，邵长文老师
qq情侣分组设计爱你
斐济
大学英语精读预备级课后答案
二重劫﹕残情猎爱TXT
死神来了4
朝鲜金正日儿子金正恩简历
byd
浅表性胃炎吃什么中成药
名侦探柯南国语版600
胎儿心脏发育不好能要吗
梦幻39级能攒多少经验
计算氧化铁中铁元素的质量分数
十二月出生的人会是怎样的呢
炼药技能升级燃文
毛骗第二季
火影忍者
淫
唐伯虎点秋香
site:http://61.178.83.54:7001/sjpt/main/main.jsp?
中信银行白金卡有多少额度
天地寂寥山雨歇，几生修得到梅花什么意思
凰图腾
郑和
进入dfu模式
淘宝
393919.c0m
a67手机电影
大学计算机基础机试的评分标准
美女公寓淫乐窝
cf视频
图片
2012赴泰国曲阜师范
photoshop
黑客dnf公开号大全
天翼
女友
最新google搜索引擎
永恒之塔
c1驾驶证模拟考试
名侦探柯南1-600高清
铁达尼号
搞笑动漫推荐
韩国人大陆招妓全集
365hddvd
国泰
永远爱你的qq情侣分组
panjinglian
NBA2K11谁的扣篮最霸气
优酷
心动时刻网址
滑稽人物
无人监考的好处
网址大全
梦幻39级能攒多少经验
公开身份证号码
女孩人体艺术
雪之女皇国语版全集
北京志高一匹冷暖高调专卖
大学计算机基础机试的评分标准
禁忌高h类小说
bl高h耽美动画在线
菩提美人
美女公寓淫乐窝
关于远程学习者的特征分析
不认输——赫连娜职场蜕变计
全球免费随机视频
火影忍者
新亮剑
手机小说下载
女烈
NBA2K11谁的扣篮最霸气
羊城通学生卡办理
中国农业银行
猛鬼狐狸精林正英主演
谷歌搜索
三级作品全集
九刃
林正英无敌僵尸王
百宝箱
北京台2012年春晚什么时间播出
龙门飞甲
dnf
拉手网
黑客dnf公开号大全
红姐彩色统一图库
裸婚时代全集
天津塘沽
遮天
2012索兰托柴油版好还是汽油版好
男生励志网名大全2011
cf迎新风暴
张柏芝
驴肉火烧
河北科技大学
女烈
qq空间
bl高h耽美动画在线
王力宏
tclc32f220
byd
两轮助力车磨合期车速是
动画片
喂奶姐
NBA2K11谁的扣篮最霸气
84居
大学英语精读预备级课后答案
电极过程动力学导论
小米手机官网
爱聊语音聊天室
魔域：远古狮皇
浙江省东阳市虎鹿镇农村信用合作联社
电脑中
九刃
公测网游
法莱渔具价格
香港粤语电影
无双乱舞7.9隐藏
坦克世界
团圆电视剧刘士杰
汕头市金平区八年级第一学期数学试卷
ying销国学大师
快播搜
奔驰
百度一下
电影
六爻占卜
《媚骨之姿》作者:贡茶(11
05iii
那英高峰近况
会所粗大男技师风采
iso5.0.1如何设置9宫输入法
张杰成都演唱会现场直
NBA2K11谁的扣篮最霸气
公测网游
容博TXT
南京公交线路查询
byd
炫舞怎么空座
qq安全管家
跑跑卡丁车龙行华夏之都市s1组队跑法
零点看书网
唐伯虎点秋香下载
壹周立波秀
情感态度与价值观
诺基亚1010
龙门飞甲
圈套
电影下载
悬崖第3集
WANGMING
冰雪加速器免费下载
guy
麻仓忧
霹雳同人
凯立德导航仪升级
梅花集团招聘
最新google搜索引擎
谷歌搜索
会所粗大男技师风采
夏妍的秋天全集
九华山庄官网
极品王妃玩古代
x战警下载
吞噬星空
baidu
关于远程学习者的特征分析
天干，丁火
炼金术士
天津塘沽
傲神传
中国哪些行业是灰色收入
人人
公开身份证号码
三星19寸液晶显示器报价
Gay
Midi文件
唐诗名句
12306.cn
日本一个节目是脱美女衣服
基督教网站
HLIP
采蘑菇的小姑娘舞蹈
焦碳标准
惠普考试答案
美图秀秀在线使用
《媚骨之姿》作者:贡茶(11
双色球走势图
美女公寓淫乐窝
stocking
2345网址导航设为主页
宁波客运中心站
韩国人大陆招妓全集
淘宝网
夏妍的秋天全集
茜茜辅助官网
谷歌搜索
步步高i518主题下载
康熙来了20111212期
搜同
高考数学
暮光之城大结局
FREE家族
腾讯QQ十三周年抽奖活动-获奖通知
汕头市金平区八年级第一学期数学试卷
凰图腾
12306.cn
抚顺小吃
谜语答案
by2经纪人
三国杀
涟源黑社会老大
习近平夫人
爱立顺m19论坛
VK
无人监考的好处
女主持露点
快播资源管理站
tclc32f220
慈利一中美女
七雄争霸官网
为什么说“四面都还是严冬的肃杀。。。。
2345网址导航设为主页
常温常压下，清水吸收空气中混有的氨且混合气流量为4000的填料吸收塔的课程设计范例
夏妍的秋天全集
三亚让露营吗
玩植物大战僵尸中文版
纯阳真仙
s永恒之塔
制药厂员工工作总结
002127股吧
rpm包安装
连发百宝箱
qq头像
汽车cd格式
不认输——赫连娜职场蜕变计
赌侠
分组情侣大全2011幸福
Midi文件
爱情小说
警察杀人案
大胆人体艺术
全世界陪我终结txt下载
好看的电视剧
林正英无敌僵尸王
魔域：远古狮皇
西西游戏网
小资女孩向前冲
永生最新章节
跑跑卡丁车龙行华夏之都市s1组队跑法
放羊的星星
電脳侵犯
炫舞怎么空座
12306.cn
壹周立波秀
赛失马焉知非福
西安58同城
胎儿心脏发育不好能要吗
iso5.0.1如何设置9宫输入法
未见君子，我心悲伤TXT
63jjj
最近出现不明飞行物
天天都想见到你广场舞
桌面背景图片
九刃礼包领取
注册表
炼药技能升级燃文
dnf堆属性测试
国际经济法期末考试卷
星座运势
hao123
常温常压下，清水吸收空气中混有的氨的填料吸收塔的课程设计范例
玩植物大战僵尸中文版
法莱渔具价格
爱情大魔咒歌词
死哥攻略
dnf连发程序下载
幸运之门双色球预测
韩国人大陆招妓全集
電脳侵犯
慈利一中美女
sipai
中信信用卡白金卡额度
iphone官网
浙江省东阳市虎鹿镇农村信用合作联社
九刃礼包领取
仁爱初一英语上册试卷
www.tudou.com
神鬼剑士
转角遇到爱
搞师傅
Gay
张柏芝
9BB
汽车音乐论坛
朴信阳吧
dnf封号查询
大东海瑞海豪庭海景公寓
《河北学刊》
渤海银行
汕头市金平区八年级第一学期数学试卷
卓博人才网
怎么让车子移库
黑毒2之如来神掌
天津塘沽
徐州至商丘
2011扫黄图片
泸西县永宁乡信息
金陵十三钗在线观看
鬼故事
天海翼
新上门女婿
禾润坊强力祛痘膏
棺材年终奖
科鲁兹
情定爱情海全集
万佳购物会员中心
东东外挂网
清涧道情（陕北道情）传承人白明理
动物肝脏能吃吗
成都大叶黄杨价格
好大夫在线
日语输入法下载
panjinglian
永恒之塔火神武器属性
7711
中信信用卡白金卡额度
cf自瞄外挂
bl高h耽美动画在线
北京市重大办
stocking
两轮助力车磨合期车速是
爱在何方
x西西游戏网
2011年个人所得税税率表
凰图腾全集
新开私服
尼康5100高清摄像多大
天地寂寥山雨歇，几生修得到梅花什么意思
唐诗名句
谜语答案大全
滑盖的原理
电信
广告联盟里所填写的网站
吞噬星空
腾讯QQ十三周年抽奖活动-获奖通知
福岛核泄漏最新消息
九刃礼包领取
使命召唤5第15期视频
辽宁移动
朴信阳吧
壹周立波秀2010全集
爱情小说
棺材年终奖
韩国人大陆招妓全集
電脳侵犯
EPA
新浪足球天下
遮天
qvod播放器下载
张柏芝被多少人日过图
为什么说“四面都还是严冬的肃杀。。。。
最后的99天剧情介绍
印度电影武力女主角叫什么
dongdong
盛大传奇客户端
盛大传奇
htc
Gay
電脳侵犯
baidu
yy语音下载
仙逆
中国地形图
cf自瞄外挂
纯阳真仙
真心话大冒险的问题
umiko1320.51.com
金钻润颜、金钻柔雾、金钻靓白、金钻修颜哪个好
超拽情侣网名
清涧道情（陕北道情）传承人白明理
xingjiaorentiyishu
十八和谐
全世界陪我终结txt下载
坏蛋是怎样在的坏蛋是怎样炼成的》网络影视剧
动漫图片
吴京电影全集国语高清
游戏名
女生初吻怎么吻
张柏芝被多少人日过图
残雪家族
中国地形图
赌侠
日本石猴养殖场
www.ccb.com
site:http://www.177ktv.com/ChatRoom.do
风水罗盘图
将爱情进行到底
51job
雾都夜话全部视频
色戒
youku
谜语答案大全
网名大全
2012索兰托柴油版好还是汽油版好
qq空间
电子科技大学
2011扫黄图片
全裸下阴写真
深圳阳光医院
成都大叶黄杨价格
全球免费随机视频
游戏名
大和号战列舰电影下载
修神
聚宝盆店铺管理系统
9BB
禁忌高h类小说
广州市国家税务局
动漫图片
麻仓忧
中穆网
电脑黑屏
电影
为什么说“四面都还是严冬的肃杀。。。。
酒吧美女热舞
yy语音下载
会所粗大男技师风采
禁忌高h类小说
ps教程
百度
张杰成都演唱会现场直
西西外挂
残雪家族
冰雪加速器免费下载
四川移动网上移动营业厅
什么时候是最容易怀孕
麻仓忧
今何在作品集下载
5-15万元家用车型推荐
猫咪书屋
悬崖第3集
qq九仙官网
电脑主题下载
小说
跑跑卡丁车龙行华夏之都市s1组队跑法
纸黄金
禁忌高h类小说
百度
我爱我家
android
剑神重生
清涧道情（陕北道情）传承人白明理
神鬼剑士
争产案
国际经济法期末考试卷
蝴蝶谷
唯美图片
炼药技能升级燃文
空间
百度
刘玉堂最后一个生产队
腾讯客服电话人工服务
stocking
奇志大兵
midi文件下载
baidu
天津师范大学
包头援交价格
快播下载
张柏芝被多少人日过图
植物大战僵尸第二部小游戏
4399
人工学院下载地址
体育个人总结
生又何欢，死又何哀？其始而本无生；非徒无生也，而本无形；非徒无形也。
色动态QQ
不认输——赫连娜职场蜕变计
cntv
个人劳务所得税税率表
网游小说
金老师
桂林旅游攻略
噪音性耳聋工伤鉴定
广安电信
管理学原理是一门什么课程
一兆韦德健身
朝鲜金正日儿子金正恩简历
345fff
数码宝贝国语版第2部
植物大战僵尸中文版在线玩
一一向前冲剧情
1hhhh
辽宁移动网上营业厅
电视剧网
爱情大魔咒歌词
艳
快播女王征服马
58同城交友
全裸下阴写真
金陵十三钗完整版在线观看
成都大叶黄杨价格
迎接新的一年
大胆人体艺术
tianyudi
培青素
人体艺术
炼药技能升级燃文
魔域私服
百度文库首页
HK纯音空间专用QQ527727348
金陵十三钗
nyyh
惠普考试答案
仁爱初一英语上册试卷
中国竟有两架歼20试飞
腾讯QQ十三周年抽奖活动-获奖通知
stocking
x西西游戏网
百度一下
itools
新亮剑21——35
洛杉矶之战
硅石矿石特征
外贸业务员实习报告
大赢家
韩国人大陆招妓全集
黑狐电视剧在线观看
浪漫心形qq分组
美图秀秀在线
色动态QQ
诺基亚X2刷机
麻仓忧
panjinglian
咱家那些事全集
炫舞官网
电影天堂
姜薯的功效
qq网名
绿玉双媲貅吊坠价格
Gay
艳
免费算命推算个人八字吉凶，今年流年吉凶，适合的职业、方向等等，邵长文老师
sipai
植物大战僵尸中文版在线玩
会所粗大男技师风采
动物肝脏能吃吗
爱上查美乐
黑玫瑰电视剧
汕头市金平区八年级第一学期数学试卷
劲舞闪电
嘟嘟牛下载
诺基亚1010
新疆袭警暴被击毙视频
壹周立波秀2010全集
植物大战僵尸中文版在线玩
小说txt
聚宝盆店铺管理系统
2012元旦qq图片大全
志同论坛
新亮剑全集
特码王
九聊下载
仁智油服上市最新消息
126邮箱登陆
清涧道情（陕北道情）传承人白明理
包头援交价格
电脑定时关机设置
itunes
凡人修仙传最新章节
大胆妹艺术
成都大叶黄杨价格
18岁以上美女游戏
植物大战僵尸中文版在线玩
海上牧云记
朴信阳吧
上海虹桥到南京汽车时刻表及票价
风行游戏
我想说爱你不顾一切
加勒比海酒吧招牌
钟丽缇
2011张杰成都演唱会直播
工口漫画
刘玉堂最后一个生产队
元旦祝福语大全
海贼王530集
小说txt
风水罗盘图
女生初吻怎么吻
海南三亚快车最新时刻表
真心话大冒险的问题
狗狗书籍
韩国人大陆招妓全集
我的军阀生涯
2011最新电影
洛杉矶之战
我可能不会爱你
快播搜索
欢子
美女
军情直播间
cf外挂
我的军阀生涯
色动态QQ
凰图腾全集在线观看
女友
海南三亚快车最新时刻表
电脑定时关机设置
新还珠格格电视剧全集
英雄联盟输出最高的英雄
我是特种兵全集
天翼决外挂
天蚕变第一部
nga
qq个性签名
www.84aaa.com
植物大战僵尸中文版在线玩
汕头市金平区八年级第一学期数学试卷
法莱渔具价格
新疆和田暴徒图片
天津北方创业小额贷款公司
头像
金钻润颜、金钻柔雾、金钻靓白、金钻修颜哪个好
洛杉矶之战
郭德刚宋祖得
美国十次啦
就是色
自然密码巨型狮子大战
火
壹周立波秀2010集全集
感人的爱情电影
黑狐电视剧在线观看
人工学院中文版下载
城市猎人
修神
元旦贺卡祝福语生意客户
签名
一夜未了情被删片段
柯南国语版全集400-600优酷
大胆妹艺术
植物大战僵尸中文版在线玩
耽美小说
新亮剑21——35
345fff
让男人痴迷不悔的女人
常青TXT
人工学院中文版下载
会所粗大男技师风采
凤凰卫视
习武之人切记仁者无敌
全裸下阴写真
金山打字通
qq163
dj嗨嗨网
怎样将尾注放在参考文献前
检验科年度个人总结
163网易同学录
甄爱馥现
网名大全
福岛核泄漏最新消息
金陵十三钗完整版在线观看
珍惜歌词
原装进口车买那辆最值
全本异界小说txt下载
我的军阀生涯
男生喜欢内红皮腰带
海上牧云记
qq个性签名
伤心的理由
刘玉堂最后一个生产队
大胆妹艺术
tclc32f220
10万元的好车推荐
十八和谐
2012元旦qq图片大全
海派甜心第二部全集
男的发型图片
流星雨
百姓网
包头援交价格
玫瑰情人网、
绿玉双媲貅吊坠价格
stocking
安卓美女软件
法莱渔具价格
天蚕变第一部
我国保险业发展现状
黑客dnf公开号大全
斗破苍穹百度
羽田夕夏
他人之妻～美尻妻3連翻
www.hao123.com
武汉天气
qq三国70到哪升级
让男人痴迷不悔的女人
聊斋艳谭之玉女心经
浪漫心形qq分组
太原地图
sodu小说搜索
朴信阳图片
5178视频
金钻润颜、金钻柔雾、金钻靓白、金钻修颜哪个好
海航天天快递
永恒之塔火神武器属性
挡不住的风情人体艺术
工口漫画
金正日真实死亡原因
人工学院中文版下载
裸夜淫魔简介
全裸下阴写真
天珠变
黑客dnf公开号大全
广告联盟里所填写的网站
马自达3星骋
地下城暗号类型B在哪个图
动物qq色的表情列表
元旦贺卡祝福语生意客户
电影下载
http://act.vip.qq.com/game/check_in/
[AVI/1.37GB]The+Interns+实习生+(絕色女同)
殖装最新章节
金正日真实死亡原因
为所有爱执着的痛
简单百宝箱
百度翻译在线翻译
stocking
金钱帮
天蚕变第一部
ｗｗｗ．８４ａａａ．ｃｏｍ
印度电影武力女主角
妖魔道全集
免费刷跑跑卡丁车游戏币
百度
www.47aaa.com
春暖花开性吧
巴黎宝贝
麻仓优
十七个国家默哀金正日
惠普家用笔记本主流娱乐平台对应产品线是
七星彩走势图
志同论坛
宝拉珍选
头像
常青TXT
中金在线
2012年最值得买的suv
植物大战僵尸中文版10
乐视网
天蚕变第一部
大胆妹艺术
qq个性签名
色导航
taobao
男生喜欢内红皮腰带
JK触发器
动物qq色的表情列表
金钱帮
很纯很暧昧
耽美小说
www.szzfgjj.com
火影忍者星星动漫
3iiii
谜语答案大全
中国军备竞赛拖垮印度
汕头市金平区八年级第一学期数学试卷
爱情大魔咒歌词
2345
百炼成妖
ｗｗｗ．８４ａａａ．ｃｏｍ
韩国人大陆招妓全集
女孩冲冲冲
殖装最新章节
tingting
百度
色导航
365房产网
斐济
《河北学刊》
蹲墙诱相公全文阅读
谷歌免费翻译
黑狐全集
新亮剑
检验科年度个人总结
舜意锂电车电池
吹头发蓬松教学视频
三国志11威力加强版
王力宏
qq秀
nba直播吧
色导航
最经典赞美人的话
4.3
武动乾坤
qq旋舞高手挂
迅播影院
excel四舍五入结果是111E.11
新疆队外援马丁简介
诺基亚1010
www.zhibo8.com
去哪儿
张柏芝陈文媛阿娇色
洛奇
HK纯音空间专用QQ527727348
完整版
侠客傲剑
paipai
cf
植村秀怎么样
洛奇
中国工商银行
植物大战僵尸中文版10
猛鬼狐狸精林正英主演
新还珠格格电视剧全集
猩猩影院
武动乾坤sodu
罪恶都市秘籍
小王刚
关于远程学习者的特征分析
草榴社区
那些年我们一起追的女孩电影完整版
辽宁移动网上营业厅
仁爱初一英语上册试卷
分手个性签名
挡不住的风情人体艺术
问道新版本
辽宁移动网上营业厅
个性签名
银龙鱼
三客优
涟源黑社会老大
奇米影视
qq个性签名
南理工教务处
抚顺小吃
宝马5系国产价格
为所有爱执着的痛
大胆妹艺术
小品连队速写背景音乐
钱多多的婚事大结局第35集
g13b发动机怎么样
excel四舍五入结果是111E。11
寻找女人面相痣图和图解
仙逆
新亮剑
WWW.AAA13.COM
qvod播放器下载
天蚕土豆照片
李弘基演过的电视剧
南理工教务处
网站资料泄露
嘎哇下载
吹头发蓬松教学视频
HK纯音空间专用QQ527727348
杭州强生咨询
海航
中国最感人的爱情电影
李连杰2011最新电影
蹲墙诱相公全文阅读
仙逆
孙露图片
尸蟞
大话西游3
奇志大兵
金钻润颜、金钻柔雾、金钻靓白、金钻修颜哪个好
钱多多的婚事大结局第35集
什么陷的素饺子好吃
人工学院中文版下载
朝鲜美女陪金正日睡觉视频
天天干
吹头发蓬松教学视频
天与地全集
头像
谷歌免费翻译
5178视频
www.c700.com.
今何在
李连杰2011最新电影
差不多先生
罪恶都市秘籍
剑神重生下载
宝马
goole
麻仓优
太原地图
百度一下
蹲墙诱相公全文阅读
天蚕土豆照片
奇志大兵
分区工具win7
cq私服发布网1.85
日本东京银座图片
百度
www.xunlei.com
优酷网佳期如梦8
成都《我是谁》视频
咱家那些事全集播放
百度一下
73aaa
火观音八国语言开场视频是哪找的
2012年期待的13款车
cf外挂
炫舞名字
我怀念的歌词
人体艺术摄影
贵阳团购
人工学院中文版下载
耽美小说
官魂
日语输入法下载
影影绰绰的意思
qq号申请
深喉
广告联盟里所填写的网站
85SSS
差不多先生
吴婷资料
搞师傅
嘎哇下载
失恋33天电影在线观看
www.91vs.com
天龙八部82版全集观看
蕾丝美女
小说txt
极品戒指
狂战加点
黑狐电视剧在线观看
stocking
km是什么意思
Gay
耽美bl动画纤细的爱
张柏芝陈文媛阿娇色
word
dnf70暴风眼堆属性
g13b发动机怎么样
何处可以看请你原谅我
英汉互译在线翻译
搜狗音乐
张柏芝陈文媛阿娇色
吹头发蓬松教学视频
les
炫舞名字
qq空间音乐克隆
qq个性签名
黑
天安门事件
cq私服发布网1.85
李国修
5173游戏交易平台
鸡精好还是味精好
qq浪漫情侣分组
site:http://www.yyy17.com/
关于婴儿期的划分,以下哪项是正确的
腾讯视频
4399
悬枯兰
qvod电影
开博尔k355i网络设置
jinshennbaobiao
草榴社区
霹雳布袋戏同人小说
蹲墙诱相公全文阅读
鑫光大刘洋
高明瑶
迅雷网盘
张柏芝被多少人日过图
stocking
堕落的灿烂-TXT
男的发型图片
李弘基绯闻
电影下载
买车注意事项
金陵十三钗
尼康L120论坛
搜狗音乐
飞升任务
花开春暖
pdanet
人体艺术
检验科年度个人总结
赵雪莹
华强北手机报价单
蹲墙诱相公全文阅读
电脑黑屏
中国最感人的爱情电影
快播搜
倾城之泪
文殊菩萨十大愿
没删剪版(3d肉蒲团)电影
人体艺术
搞笑第八套广播体操视频
htc
http://igame.qq.com/act/ava.shtml
周公解梦梦见别人结婚
色小说
蓝色家族
文殊菩萨十大愿
金陵十三钗
"http://www.yyy17.com/"
2012元旦qq图片大全
道琼斯
青春期2青春失乐园高清完整版
dnf女漫游刷图加点
龙门飞甲高清迅雷下载
宝马
名侦探柯南1-600高清
吴京电影全集国语黑拳
蹲墙诱相公全文阅读
ems查询
电子书下载txt免费下载全集
我和僵尸有个约会3
张柏芝被多少人日过图
中等难度谜语答案大全
河北联合大学
163网易同学录
人体艺术
蕾丝美女
全本异界小说txt下载
2012春运火车票预售期
文殊菩萨十大愿
www.365dy.com
人体艺术
妓女的下面
炫舞名字大全
喜剧鬼片电影大全艳鬼
引用bl漫画博客
2011张杰成都演唱会直播
童话歌词
金陵十三钗
汽车租赁合同范本
中国建设银行
金陵十三钗
美女二人麻将小游戏
计算器
挡不住的风情人体艺术
抚顺小吃
17173
库狗
龙门飞甲高清迅雷下载
bbez
龙门飞甲
检验科年度个人总结
图片
"http://www.yyy17.com/"
剑魔独孤求败
体育个人总结
张柏芝陈文媛阿娇色
湖南溆怀高速公路19合同段通过精细管理确保桥涵工程质量
天龙八部82版全集观看
海南三亚快车最新时刻表
断喉弩
炫舞名字大全
倾城之泪
凤凰卫视
朴信阳图片
近身保镖
文殊菩萨十大愿
潘倩倩
毛主席追悼大会现场实况
胎儿心脏发育不好能要吗
龙门飞甲高清
高清古宝奇缘下载
培青素
htc
1993恐龙快打下载
凤图腾
人体艺术
怎样将尾注放在参考文献前
最新网页游戏
新疆袭警暴被击毙视频
学生会卫生部个人工作总结
QQ
征途2歪歪下载
海南三亚快车最新时刻表
史上最色老婆的经典语录
草榴社区
【原创】醉烟雨
文殊菩萨十大愿
兵之枪
七色花
家园守卫战辅助
库狗
体育个人总结
心动时刻网址
陕西汉中旅游景点
我的征途是星辰大海
聚宝盆店铺管理系统
qq空间
争产案　（郭晶晶受牵连）
风起青萍TXT
通用官网
宝拉珍选
美丽密令粤语
命运交响曲
2012元旦qq图片大全
天安门事件
名侦探柯南1-600高清
发现4对比兰德酷路泽
人体艺术图片
雪豹
青春期2青春失乐园高清完整版
qq个性签名
中国联通网卡查询
传奇私服
2043.mp3
10万元的好车推荐
网站资料泄露
凰图腾全集50
4399游戏盒
火车票网上订票
cq私服发布网1.85
湖南溆怀高速公路19合同段通过精细管理确保桥涵工程质量
海贼王530集
真爱找麻烦
差不多先生
excel四舍五入结果有没有带E的
百度
河间驴肉火烧加盟费用
工口漫画在线
宝贝之家
那些年我们一起追的女孩电影完整版
疯狂的程序员下载
暴力摩托下载
胎儿心脏发育不好能要吗
血便
特码王
新亮剑
黑狐电视剧在线观看
王力宏
凰图腾全集
日语罗马拼音输入法
差不多先生
雾都夜话全部视频
2012山东鲁能引援名单
百度登陆
凤图腾
火观音八国语言开场视频是哪找的
侠盗猎车下载官方网站
网址大全
关于远程学习者的特征分析
新浪微博
冰封王座秘籍大全
年代秀20111223高清
禾润坊强力祛痘膏
电视剧浦江叙事
吞噬星空
包头援交价格
stocking
尼康L120论坛
吹风造型
穿越霹雳布袋戏同人
腾讯QQ
龙巡天下08
中国移动
西西外挂网
吞噬星空全文阅读
优酷
名侦探柯南国语版
重口味屎尿电影
冰封王座秘籍大全
总裁爹地不好惹全本
大话西游2坐骑任务
cf透视
新亮剑25集
图片
百度
伦理qovd
ORA-01110:
黑狐
文殊菩萨十二大愿
Gay
htc
制药厂员工工作总结结尾
g13b发动机怎么样
贺敬之
000609
ps下载
中国移动辽宁网上营业厅
最新网页游戏
人体亿术
两轮助力车磨合期车速是
国际新闻
金陵十三钗最新完整版
皮皮影视
youku
ORA-01110:
人体艺术
人工学院中文版下载
www.987669.con
中国移动
，借助投融资平台，加大资金的投入力度
再回到从前
七界传说txt全集下载
佳缘
男生适合什么色的腰带
新亮剑
河间驴肉火烧加盟费用
铁道部
真实女人死亡图片
色
by2整容失败破相图片
怪侠欧阳德在线观看
CSOL金骑收回了?
龙门飞甲高清
人体艺术
俺去也
新浪微博
林峰
西北农林科技大学
新亮剑
DNF达达是什么
草榴社区
不败TXT
精灵十三钗
中国移动辽宁网上营业厅
北极
古灵精探b
通用电气
三集片
争产案
cf视频
疯狂的程序员下载
人体艺术
ps下载
成都兼职网
工口漫画在线
文殊菩萨十二大愿
stocking
百度一下
qq浪漫情侣分组
超级黄金手
西西
2012元旦qq签名
2012春运火车票预售期
倔强
凰图腾在线观看
人体艺术
张筱雨人体艺术摄影
5178视频
非凡
河间驴肉火烧加盟费用
itunes
我见过你微笑没摸过你羽毛
悬崖第3集
伦理qovd
by2整容失败破相图片
g13b发动机怎么样
文殊菩萨十二大愿
黑道特种兵2txt全集
温家宝
qq飞车
人体艺术
猩球崛起
快乐大本营韩sj-m
天龙八部82版全集观看
成都火车试机贩卖冰毒到南京
快播资源搜索
包不篮球
baidu
电影天堂
65jjj
肾功能不全晚期可以一边做透析一边喝中药治疗吗
段丽阳
倔强歌词
两轮助力车磨合期车速是
迷茫的爱dj
朝歌城合过区没
sdganda
淘宝网商城
性吧网址
SD敢达卡碧尼
pc
中囯铁合金在
文殊菩萨十二大愿
洛奇
玩过女主持的官员
huangshituanchengshanfangdichan
qq三国200步
张筱雨人体艺术摄影
中国平安银行
天龙八部82版全集观看
背景图片
娇兰润颜和修颜哪个好
cq私服发布网1.85
百度
驾校
hihidy.com
诺基亚1010
国美电器
伊朗拒不弃核要求中国出兵
网游之剑魔独孤
囚爱撒旦
陈思远喜欢伏玟晓
抗美援朝毛泽东不让粟裕去
涟源黑社会老大
我国的贫困人口
色
男人裤头上的分泌物
2011年度十佳发动机
血洗唐人街
清宫生男生女表
赶集
为什么我打不伦理网页
食用菌药品
胎儿心脏发育不好能要吗
快乐大本营韩sj-m
竹筷子生产过程视频
广州市国家税务局
超碰
网址大全
玛莎拉蒂suv
检验科个人总结范文
麻仓优
北京甘家口附近住宿
有声小说
dnf枪手帝国时装代码
连连看外挂
菩提树下电视剧全集53
乐视网
cq私服发布网1.85
制药厂员工工作总结结尾
莎朗斯通
日本东京银座图片
优酷
玛莎拉蒂suv
为什么我打不伦理网页
g13b发动机怎么样
dnf枪手帝国时装代码
ORA-01110:
新亮剑
凰图腾演员表
同方股份k线分析
胎儿心脏发育不好能要吗
武动乾坤
长城哈弗车suv质量
怪侠欧阳德在线观看
小白图标点亮
玛莎拉蒂suv
包头援交价格
古墓奇缘
美国十次
冠希
qq浪漫情侣分组
胡军的老婆
七色花
斐济旅游费用
xixi
黑道特种兵下载
性生活影片
国模奥雷
三亚让露营吗
辽阳百姓网
易贷网
4.3惩戒骑pve输出手法
凰图腾演员表
迅雷
3366在线小游戏
pdanet
年终总结
木字旁的字有哪些
温州警方公布乐清钱云会案现场勘查照片(图)
pdanet
朴信阳图片
CSOL金骑收回了?
金陵十三钗最新完整版
黑狐在线观看
工口漫画在线观看
日本东京银座图片
盛大在线
金陵十三钗快播
2043.mp3
安妮宝贝博客
2012元旦qq签名
shenyangwowo
热血三国名将
身份证号码
百度
黑狐电视剧在线观看
renren
重口味屎尿电影
电影下载
新亮剑25
竹筷子生产过程视频
全世界陪我终结txt下载
娇兰润颜和修颜哪个好
凰图腾演员表
美女辣舞视频
2012火车票学生票
真实女人死亡图片
香港六合彩
什么是叠词
法莱渔具
天书奇谈
龙巡天下08
汉字
上海市职业能力考试院
遮天燃文
三星gt-i8150报价
九华山庄温泉
疯狂的程序员txt全集下载
DNF各职业觉醒宣传片
再回到从前
百度
电视剧
新亮剑
童星
木字旁的字有哪些
多特
龙门飞甲高清迅雷下载
www.yyq1220.com
英雄联盟输出最高的英雄
上海虹桥到南京汽车时刻表及票价
菱电冷却塔
恢复的Excel
陈强台球视频
怪侠欧阳德全集
招财树要多少钱
camera
万春楼
三亚海阔天空小区
凤图腾
a67手机电影
电视剧
总裁爹地不好惹全本
得不到的就更加爱
年代秀20111223观看
梅花集团招聘
天空软件
国模奥雷
黑狐电视剧全集优酷网
迅雷看看
青春期2完整版
十大坑爹小游戏
上海新路达集团
三国
出口业务员的工作内容
洛奇英雄传
优酷网
娇兰润颜和修颜哪个好
电影天堂迅雷下载
服装术语解释
倾城之泪电影完整版
风云争霸
怪侠欧阳德全集
唯美图片
360安全
G10软件下载
网址大全
毒霸
非主流个性签名
三国志11威力加强版
上海市职业能力考试院
84.aaa.com
金正日死了朝鲜人为什么哭
遮天txt下载
2043.mp3
广州市国家税务局网
单机游戏
电视剧下载
法莱渔具官方网站
sgml
活色生香TXT
我
阿里通
qq农牧偷匪
凰图腾全集在线观看快播
黑狐电视剧全集优酷网
老百姓为什么怀念毛泽东
非主流头像
上海火车票网上订票
神魔大陆官网
360安全
外国女性健美大图
龙巡天下08
天龙八部82版全集观看
新亮剑
盛大手机密保
搞笑第八套广播体操视频
空间
龙门飞甲qvod
新疆暴徒被击毙图片
风云争霸
中国邮政国内普通包裹查询
金正恩简历
吉他指法
site:http://www.avdvd30.net/
www17yyy.con
西部院线
凤图腾剧情介绍
年代秀20111223观看
猎聘网
毛泽东的十个儿女现在照片
左耳
移动88元套餐
色堂心动时刻
天翼决外挂
温柔的背叛
1179822004
劲舞商城
金陵十三钗快播
双色球
为什么我打不伦理网页
腾讯QQ
百度
麻仓优
昭通榛子的种植技术
天
最简单领带打法图解
白眉大侠评书
工口漫画在线观看
易胜博
56女生视频
凤图腾剧情介绍
晋江原创网
测你能征服多少男人
学生会卫生部个人工作总结
天运7号国际海鲜自助餐厅
本山快乐营赵四小沈阳下载
psCG画教程
秦时明月3
剑侠情缘
小乔关羽全裸
baidu
百度
新亮剑
姜薯的功效
工口漫画在线观看
年终总结
baidu
百度一下
天龙八部82版全集观看
夺宝幸运星55集下载
midi文件下载
彩铃下载
g1论坛
电影
四大名捕
新开传奇私服发布网
制药厂员工工作总结结尾
钟丽缇晚娘无删版播放
怪侠欧阳德全集
土豆
昆仑奴
大众途观1.4t新车价格
电影天堂
刘德华黑帮片
彩铃下载
转角遇到爱
书香电子书下载txt免费下载
东营信息刚聊天室
幻想影院
何处可以看请你原谅我
dnf枪手帝国时装代码
三国
伤感日志
新亮剑
撕开她的衣服
西北农林科技大学
黑狐演员吴婷资料
剑侠情缘
金瓶梅
寻龙夺宝
福彩3d
MIAD-524
仙逆
成都兼职网
工作总结结尾范文
PLUMES
jj1jj
香港六合彩
江苏同志网
胭脂扣剧情介绍
第四色
cumt
元旦放假安排
白度
江门幼儿师范学校
长治手机号
非一般纳税人每月开收购发票有要求吗
工口漫画网站
电视剧
恢复的Excel
1993恐龙快打下载
亲密敌人高清迅雷下载
新亮剑25集
非主流图片
苹果
藏宝阁
张柏芝电脑丢失图片
panjinglian
快播下载
2011国剧庆典柳岩舞蹈视屏
我国的贫困人口
新不了情张靓颖
谁能百里挑一20111229
伦理
仙逆
www
四川大学
百度
北京甘家口附近住宿
免费刷跑跑卡丁车游戏币
法莱渔具官方网站
黑道贵族公主校园小说
性生活
火车票网上订票官网
最常见电路
悬崖电视剧第3集播放
"site:http://www.kaqima.com/index.html"
陈思远喜欢伏玟晓
凰图腾在线观看
山丹丹花开红艳艳排舞
看女
have实义动词
亲密敌人高清迅雷下载
QQ团购图标
有什么工口漫画网站
四川大学
刘德华黑帮片
凰图腾全集在线观看快播
寻龙夺宝
新亮剑
迅雷
ok158
赌神2
快眼看书
日本歌舞伎图片
p6dd
ｗｗｗ．ａｎｑｕｙｅ．ｃｏｎ
诚通网盘
西西助手
qqqcf.com
cf官网
孕妇开膛破肚另类视频
大昌丰田
dnf枪手帝国套改天2
国际新闻
播放软件
姜薯的功效
iphone4
亲密敌人高清迅雷下载
卡卡西的真面目
龙门飞甲高清
小豆丁大问题
朝鲜金永南简历
pdanet
得不到的就更加爱
谁能百里挑一20111229
huangshituanchengshanfangdichan
手机软件
七色花的故事
蚌埠租房信息
金山网盘
有什么工口漫画网站
伊朗拒不弃核要求中国出兵
第四色
娇兰润颜和修颜哪个好
世界二十四错觉视图
腾讯QQ
刘德华黑帮片
小豆丁大问题
fanr
最浪漫的情侣qq分组
耽美小说网址
新浪
网址大全
性
胡军的老婆
天运7号国际海鲜自助餐厅
新亮剑25
领带打法图解
凤图腾剧情介绍
海贼王国语版全集
义庄txt
河间驴肉火烧加盟费用
ok158
the
武动乾坤最新章节
伦理qovd
7k7k小游戏
中国建设银行积分兑换
异世宝典技能升级燃文
txt电子书免费下载
dnf枪手帝国套改天2
火车票网上订票预售期
代理
聊天室
myhabit
手机软件
x战警1
qq个性签名
好日子纯音乐
年代秀刘德华在线观看
亲密敌人高清迅雷下载
性生活
大唐女将樊犁花
sanjipian
名侦探柯南国语版1-600
闯关东
玛莎拉蒂suv
腾讯QQ
pdanet
2012山东鲁能引援名单
gooluo.com
有去贫困山区的
jl474ql发动机
dota
爱是你我
2012索兰托柴油版好还是汽油版好
通用电气
dnf挂
黑狐演员吴婷资料
qq空间留言代码爱情
北妹皇后
SG3525管脚图
鼎盛王朝
七雄争霸
重口味屎尿电影
段丽阳17岁的照片
在水一方
有声小说杨家将
大胆人体艺术
快枪手电影迅雷下载
羽田夕夏
新亮剑
唯美图片
歌曲伴奏
联盟盒子
好看的小说
彝族歌曲
新亮剑快播看全集
魔神战记
春运火车票预售期
歼11b战斗机试飞视频
妖香之剑
李小龙传奇全集
国宝文物四方连邮票
谁能百里挑一20111229
菱电冷却塔
桐华对步步惊心评论
2345网址导航设为主页
老外
黄小说
10010网上营业厅
梦三国下载
梦幻官网
雨爱歌词
2010新年快乐
歌曲伴奏
世界二十四错觉视图
教育评论
baidu
全有影院
有关水资源问题的论文
凤图腾剧情介绍25
新亮剑25集
MEITUXI9UXIU
人人影视
侃侃
郑州一模
重口味屎尿电影
抚顺南站小吃
黑客dnf盗号网站大全
山丹丹花开红艳艳排舞
凌晨晚餐
英超宝贝露西
最新中国军事世界排名
5178视频
仙鸿路
冒险岛
包头援交价格
斯柯达昊锐最新报价
薛丁山与樊梨花
cf挑战外挂下载
恢复的Excel
qq空间
唯美图片
金陵十三钗快播qvod
性价比最高的进口suv
毛小平
P与E的关系
总裁的小甜心
dnf千手罗汉刷图加点
冒险岛
小小忍者
ｗｗｗ．ａｎｑｕｙｅ．ｃｏｎ
快枪手电影迅雷下载
新亮剑铁血军魂1-40集
虚拟机的使用图文
教尊
法莱渔具官方网站
黑狐电视剧全集播放
三国杀
17k
伦理qovd
中国福利彩票
cf官网
高考数学教练
老外
热血三国名将
百度
再回到从前
白山天气预报
爱的主打歌歌词
qq网名
伦理qovd
豆瓣电影
双视影院
新亮剑
传奇续章
中国进口俄罗斯核潜艇
cf第一身法酒
水性铝粉漆
metamorphosis
点燃炭
百度一下
qvod资源
总裁的小甜心
吉他指法
蜜桃成熟33d
世界二十四错觉视图
龙巡天下08
有什么工口漫画网站
59
iphone官网
网名
腾讯QQ
人到四十第38集
恶灵骑士2
SG3525管脚图
65jjj
羽田夕夏
成神最新章节
汽车报价
疯狂的程序员下载
官魂
最常见电路
有去贫困山区的
华强北手机报价单
宣化鑫光大刘洋
20万左右suv谁性价比最高
边城汉子
x战警1
唯美图片
公测网游
电信定制版I889
BT工厂
包头援交价格
歌曲链接
kj
新亮剑奇艺25在线观看
凌晨晚餐
腾讯QQ
重口味屎尿电影
bbs.33bird.com
爱情保卫战浙江卫视
三国志11威力加强版
cydia闪退
aion闪钻兑换
http://www.xixiwg.com/
kan300
优酷
跑跑卡丁车外挂
金正日逝世真实原因
MIAD-524
浅表性胃炎吃什么中成药
midi文件下载
古惑仔全集洪兴三少
得不到的永远是最好的
龙门飞甲高清
重生下载
深圳同志
WWW.HHH258.C60
全球免费随机视频
艾尔之光虚无和元素
flash
百度一下
会所粗大男技师风采
腾讯QQ
刘德华黑帮片
中国移动江苏
侵占公司财产罪
上古世纪公测时间
恶灵骑士2
羽田夕夏
纯羊肉陷饺子
支付宝
唯美图片
百科全说
白秋练电影
qq空间音乐克隆
沈阳万象城汉拿山团购
再回到从前
三国志11威力加强版
人体艺术
谁能百里挑一20111229
电影生人勿近邪花在线看
Gay
翻译在线
黑糖群侠传全集
优酷电影
灵魂战车2
性
西西外挂网
鸿蒙教尊
最新胡主席保镖写真
山丹丹花开红艳艳排舞
上海
来信砍
qq空间
最热门音乐
支付宝
c1驾驶证模拟考试2011
异世宝典技能升级燃文
金庸小说全集
会所粗大男技师风采
色堂心动时刻
厦门海沧汽车租赁
腾讯QQ
唯品会折扣网
"site:http://www.kaqima.com/index.html"
关于知青的电视剧
qq空间音乐克隆
联盟盒子
吉林四平市女副市长高京燕
ps下载
洛奇英雄传
热血三国名将
重口味屎尿电影
小乔关羽全裸
死神剧场版
快播纯净版
日本人体
pingliwang
龙游天下3龙巡天下
工口漫画
人体艺术
厦门海沧汽车租赁
iphone4
10万元的好车推荐
新婚之夜
富士S2900使用说明书
浅表性胃炎吃什么中成药
山西鸿德獒园
洪荒之玄龟逍遥录
《英雄萨姆3》秘籍
疯狂的程序员txt全集下载
夏尔美
人到四十第38集
dnf千手罗汉刷图加点
买新款PASST
胡歌最新电视剧
jl474ql发动机
快播搜索
baidu
结婚闹洞房
死神剧场版
x战警1
差不多先生
迎接新的一年
百度创业商机网
I
上海
拳皇97风云再起
SG3525管脚图
女人最想被抚摸的部位
三级小说
dnf千手罗汉刷图加点
林正英
中药沙
韩国人在大陆招
侠盗猎车4官方下载
中国军队是否做好战争准备
qq转换器火星文带符号
神剑问情2
v880论坛
韩国人在大陆招
西方妓女性服务全过程
小月风的反应
老外
qvod资源
支付宝
cctv
西西外挂网
草柳社社区2011年12月
百度一下
中国建设银行积分兑换
qq文件中转站在哪
av图
新亮剑奇艺25在线观看
植村秀官网
分析行业一般特征的主要内容中
白秋练电影
nba分析网
麦考林
风速
淘宝网女装
多特软件下载
新开传奇私服发布网
快播
爱你别哭剧情
俺去也
黑狐电视剧全集播放
pdanet
播放器下载
DNF各职业觉醒宣传片
百度一下
爱情保卫战浙江卫视
10万元的好车推荐
酷狗2010
qq网名
山西鸿德獒园
伦理qovd
火影忍者
青春期2完整版
百度
那些年我们一起追过的女孩
拳皇kof格斗火之舞3dH动画
广告联盟里所填写的网站
美景图片
刘德华电影
游戏排行榜前十名网络游戏
宝莱坞生死恋
宇宙星神大结局
www.5dgz.com
金山网盘
生又何欢，死又何哀？其始而本无生；非徒无生也，而本无形；非徒无形也。
黑客dnf盗号网站大全
黑狐在线观看
银龙鱼
123
中国移动营业厅
彩画堂
饶雪漫
英超宝贝露西
浙江飞机坠毁起火爆炸
metamorphosis
比例再保险
dnf千手罗汉刷图加点
恶灵骑士2
拳皇97风云再起下载中文版
凌晨晚餐
20人游戏
TXT
MIAD-524
伦理qovd
重力矫正
65jjj
关于知青的电视剧
MIAD-524
dnf千手罗汉刷图加点
世界二十四错觉视图
全职奶爸
fc模拟器下载地址
亮剑2铁血军魂全集
龙井说唱
优酷
包头援交价格
朝鲜金正日儿子金正恩简历
那些年我们一起追过的女孩
玉女心经
凌晨晚餐
火影忍者462集视频在线观看
伦理qovd
梦三国外挂
百度一下
比例再保险
魔神战记
鸡逼电影在线
青春期1
百度
黑狐电视剧全集播放
MIAD-524
绝代双骄
央行下调存贷款利率
寒假有去贫困山区的
日本三大神社
帅同社区
魔王奶爸
重口味屎尿电影
imgLink{$AutoID}="{$InstallDir}{$Field(0,GetUrl,Article,1)}"
伦理qovd
MIAD-524
倾城之泪电影完整版
TXT
5353K
网页qq登陆
qq网名
钦州
10010网上营业厅
白秋练电影
平板
伦理qovd
无线连接主机和显示器
新疆喀什暴力事件真相
黑狐在线观看
变身偶像公主全集
www.26uuu.com
王润滋
遮天txt下载
女生脸红男生上瘾的游戏
火线
同方股份股票分析
百度一下
最新电影
88aaa,com
新亮剑
地下城与勇士拥有特殊力量的剑士
蜜室
贺敬之的诗
重力矫正
酒店风云
凌晨晚餐
www.9x2x.com
新不了情张靓颖
中国农业银行
王润滋
倾城之泪电影完整版
湖南工程学院好不好
钦州
十八和谐综合广场论坛
连连看外挂
2011新款passt
百度一下
优酷网电视剧
bdu百度一下
2012春运火车票预售期
得不到的永远是最好的
蜜室
毛骗
nba历届状元(图)
重口味屎尿电影
7060手机电影
火影忍者462集视频在线观看
农村信用社96596
黑客dnf盗号网站大全
www.2caipiao
包头援交价格
baidu
计数器下载
baidu
三国志11威力加强版
什么东西能化痰
梅花集团招聘
遮天
三级小说
西安招教考试网
百度一下
围城
青春期1完整版
www.9x2x.com
www.haodf.com
原道n90
嫦娥二号月球照片
汽车音乐论坛
baidu
天与地禁播的真正原因
蜜室
老外
货到付款的衣服
孙燕姿
CF的游戏截图电脑没我的文档在哪里找
当当
警察杀人案
温家宝夫人
黑狐电视剧全集播放快
血洗唐人街
e校通管理规定
I
江苏体育频道在线直播
偶像剧排行榜
梅花
免费刷跑跑卡丁车游戏币
84.aaa.com
用点燃碳睡觉
建设银行
MEITUXIUXIU
重生花果山txt下载
酷狗2011免费下载
婚礼主题
经典语句搞笑人生感悟
点解阿sir系阿sir
97.sao
人体艺术
www.26uuu.com
www.9x2x.com
北京残奥会开幕式NBC
倒霉熊全集下载地址
天星娱乐有限公司
作文
《【泡沫之夏同人】茉莉花开
google
快播纯净版
重力矫正
医院
替代医学
叶童赵雅芝帝女花全集
十八和谐
iFunBox
Gay
头像
亮剑
联想7205墨盒错误
WPS
密码之争
美国脱衣舞夜总会视频
青娱乐
老外
陈坤老婆儿子
我的如意狼君
倾城之泪电影完整版
杭州到重庆合川的火车票
肾功能不全晚期可以一边做透析一边喝中药治疗吗
兰州移动88元套餐
龙年贺词
腾讯军事
长春市招聘信息
工作总结结尾范文
人体艺术
印度一集片
蜜桃成熟时33d
包头援交价格
变身男女
张柏芝被多少人日过图
南屏晚钟什么地方
2012年天津火车票学生票预定网站
侠盗猎车4下载
嘿
机械师
英菲尼迪fx35和宝马x5对比
韩国人在大陆招
金陵十三钗最新完整版
baidu
原道N90支持OFFICE吗
qq浪漫情侣分组
TXT
Gay
蜜桃成熟时33d
www.5dgz.com
创建AAC版本
声卡驱动下载
江苏体育频道在线直播
丁丁地图
三傻大闹好莱坞
新商盟
dnf酒馆深渊爆什么
女生脸红男生上瘾的游戏
英超宝贝露西
58免费影院
美女搞笑色视频
联想7205墨盒错误
抗抑郁食物
体育个人总结
安卓
最新中国军事世界排名
Gay
网址大全
七龙珠z
金币抽奖秘诀
fm2012
第四色
三级小说
原装进口车买那辆最值
传奇续章
88aaa,com
网络接收器
担保公司年度工作总结
疯狂的程序员txt全集
天气预报
凰图腾演员表图片
金瓶梅
杜威女友身份曝光
联想7205墨盒错误
海贼王
baidu
约西普·库泽
传奇续章
亲密敌人高清迅雷下载
张柏芝被多少人日过图
淘宝
十八和谐广场最新
魅族m8
php新闻发布图片
北京车辆过户需要多少钱
韩国人大陆招妓全集
javascript:window.top.space_additem(1,15116,0,80,0,0,93);
描写梅花的诗句
架子鼓midi文件下载
体育直播
蜜桃成熟时33d
机械师
飞龙门甲高清电影下载
5353K
好看的图片
关于水资源的论文
好日子高手社区
周冰清电视剧
体育个人总结
火车票预订网
公司印章模板
飞龙门甲高清电影下载
有多少男人戴绿帽子
山西鸿德獒园
javascript:window.top.space_additem(1,15116,0,80,0,0,93);
pdanet
伦理qovd
QQ签名祈祷
[www.ff84.com]金陵十三钗第1集.rmvb.!mv
百度一下
小月风的反应
法轮功
联想7205墨盒错误
于都半班戏
球探比分
不忠诱罪2
最高的梦想
嘿奔奔国语全集
天龙八部
优酷网电视剧
宜信
伦理qovd
佩鲁斯和王者那个刷图好
沈阳万象城汉拿山团购
古惑仔全集
新亮剑全集
上海计算机一级成绩查询
三毛从军记
七律
年终工作总结
包头援交价格
沫落
TXT
女生脸红男生上瘾的游戏
钻石奇迹
伦理qovd
性生活频率多少最健康
是什么人在怀念毛泽东时代
天龙八部
得不到的永远是最好的
水之城卡桥
杭州到重庆合川的火车票
婚礼主题
htc
伦理qovd
www.renren.com
桃花源记
北部湾
SG3525管脚图
e校通管理规定
2012索兰托柴油版好还是汽油版好
新亮剑全集
紫府仙缘
快播
太平洋汽车网
机械师
三字成语
男性人体使用手册图片
3d真实驾车游戏
网易
原道N90支持OFFICE吗
许巍
百度
罪恶都市
南屏晚钟怎么样
重生花果山下载
天龙SF
2345
制药厂工作总结结尾范文
分手信
神剑问情2
新亮剑
吉他谱
使劲
迅雷电影下载网
最新电影
义庄txt
QQ华夏游戏加速器下载
于都半班戏
张柏芝被多少人日过图
十八和谐综合广场
菩提树下什么时候上映？
包头援交价格
征途2淮阳古道藏宝图
黑道特种兵下载
htc
鬼吹灯(全)
折磨尤娜真人版小游戏
qq空间
电影
金正日遗体告别仪式全过程
百度
约西普·库泽
a
2012山东鲁能引援名单
儋州市政务网
htc
紫府仙缘
新亮剑1-35集
南屏晚钟怎么样
www.kkvcd.com
Sometimes
www.baidu.com
佩鲁斯和王者那个刷图好
qq英雄杀
人体艺术
名侦探柯南国语1-500
翻唱雪人
baidu
一一向前冲剧情
site:http://www.999270.com/
机械师
再回到从前
qq背景透明软件
猩球崛起在线观看
长裙
popo
龙门飞甲高清完整电影
pdanet
ebank.spdb.com.cn
北京中软融鑫计算机系统工程有限公司
同方股份股票分析
最大的性开放俱乐部
达人秀千年等一回舞蹈
个性签名
陇西至杭州火车票订购
天下3可以绑定几颗神石
谁能百里挑一20111129
二手房
少年阿宾
济源市长何雄简历
火车票提前几天预售
aimanhua
山川老尸
新亮剑全集
新PASST分期付款
央行2011年下调利率
山西鸿德獒园
十八和谐
北京移动
义庄txt
梅林传奇第五季
亲密敌人高清迅雷下载
弹劾
baidu
你一定不知道我这样想过。英文翻译
买车注意事项
sodu小说
下阴写真
新疆恐怖分子袭击武警图片
火影忍者漫画
css面板
快播
家乡的小河
DNF凯丽的测试任务奖励
云同
天与地
360游戏中心
天龙SF
标书
车祸
第四色
于都半班戏
羽田夕夏
上海计算机一级成绩查询
万妖之祖
转角遇到爱
sanjipian
天下3可以绑定几颗神石
bl动画纤细的爱02
奔奔动画片国语
成都兼职网
丹寨
CF的游戏截图电脑没我的文档在哪里找
雪豹在线观看
123
黑狐电视剧全集播放快
地图
嫦娥二号月球照片
关于水资源的论文
百宝箱下载
毛泽东的十个儿女现在照片
仙逆
薛丁山国语全集
真实女人死亡图片
www.uy000.com
Eternal
谷歌
黑客dnf盗号记事本网站
1.95刺影传奇合击私服
http://115.com/file/e6rm7mg4
使劲
美女发型图
双色球
iphone4怎么同步视频
抚顺好吃的地方
胡歌
约西普·库泽
php新闻发布图片
仙逆
上海莱星文化艺术策划有限公司网站注册号
车祸
瘦腰的最快方法小偏方
农村信用社96596
我和僵尸有个约会4
怎么让男人离不开你
名侦探柯南土豆1-500
海南省三亚到海口汽快车多长时间
义庄txt
仙逆
春暖花开性吧
宇宙星神大结局
沈阳万象城汉拿山团购
家乡的小河
学前班家长会老师发言稿
DNF凯丽的测试任务奖励
恢复的Excel
还珠格格之人儿何处归
千王之王2000
2012年天津火车票学生票预定网站
俺去也
模特肖像合同
广州市国家税务局网
bl动画纤细的爱02
新植物大战僵尸年度版
会动的静物图
冒险岛
云海影院
反叛的鲁鲁修.遗失的色彩电脑能玩吗
孕妇开膛破肚另类视频
恶灵骑士2
CF的游戏截图电脑没我的文档在哪里找
qq背景透明软件
速腾
克隆qq空间
混凝土与结构课程设计心得体会
驾校一点通
猩球崛起在线观看
新疆东突视频
绮梦仙缘
英语
手机java触屏游戏免费下载
亲密敌人迅雷下载种子
百度
北京移动
新亮剑1-35集
下阴写真
酒精肝症状
广州市国家税务局网
快播纯净版下载
新闻联播
龙门飞甲高清完整电影
宝格丽戒指
淘宝网女装
虚拟机的使用图文
精子的检查
大宅门影评
beybey
魔铁
nba分析网
厦门马拉松2012
国模奥雷
老农夫导航
张柏芝被多少人日过图
新编计算机应用基础
飞龙门甲高清电影下载
有多少男人戴绿帽子
美国十次啦唐人社
迅雷电影下载
魅族m8
典韦
最大的性开放俱乐部
公司印章在线制作
网吧吧员倒班
翻唱雪人
全职奶爸
天翼3g无线上网卡
簿熙来的儿子李望知
电信网上营业厅
二手车上牌费用
东风日产骊威发动机
qq背景透明软件
谁能百里挑一20111229
可爱手机信息铃声
香港六合彩
担保公司年度工作总结
优酷
范思哲
新亮剑全集
什么是词语搭配
狼羊物语
魔兽显血工具
2011国剧庆典柳岩舞蹈视屏
怪诞心理学
使劲
义庄txt
快播孙倩
制药厂工作总结结尾范文
新亮剑1-35集
黑狐电视剧快播下载
去哪儿机票网
极速天使qvod
新疆东突视频
电影倾城之泪在线观看
十八和谐
英雄萨姆3秘籍不能用
竹筷子生产设备
我的如意狼君高清粤语
谁能百里挑一20111229
美女搞笑色视频
伤心太平洋伴奏
发现生活新味
库狗
快播孙倩
羽田夕夏
WWW、RRMMM、COM
家乡的小河
ww.3y8y.com
屄
交换空间
qq头像
我和僵尸有个约会
百度
四字成语
我的如意狼君
谷歌地图
土豆网
3d字谜
大话3网页版
名侦探柯南土豆1-500
折磨尤娜真人版小游戏
麻仓优
超级黄金手
u影
转角遇到爱
工作总结结尾范文
www.26uuu.com
七律
jiaoshishidezichabaogao
长春市招聘信息
17500
http://x7777777.com/bbs/
马月华
谁能百里挑一20111229
年终工作总结
ww.3y8y.com
体育个人总结
我的如意狼君高清粤语
厦门马拉松2012
怪诞心理学
闯关东
满清十大醋刑观看
吉他教学
天龙私服下载
123
r人体艺术写真
快播纯净版下载
极品黑店
www.jjmv.net
羽田夕夏
新浪微博
神剑问情2
iPhone费城市长
www.ccb.com
曲线行驶技巧
电视剧
十八和谐综合广场
2012山东鲁能转会
dnf漫游刷图加点
新亮剑全集
动脉导管未闭X线检查哪项不正确
伦理qovd
bl动画纤细的爱02
广州有什么适合孩子玩的地方
年度总结报告
最新电影
哆啦A梦全集下载地址
东风日产骊威发动机
百度一下
十八和谐综合广场
创建AAC版本
佩鲁斯和王者那个刷图好
金陵十三钗最新完整版
电子书下载网站推荐
宝格丽戒指
乌鸡汤怎么炖
CF
ak47突击步枪
麻辣宝贝
三级小说
工作总结结尾范文
丰田兰德酷路泽
上海莱星文化艺术策划有限公司网站注册号
乙肝大三阳治疗方法
qq空间
后宫甄嬛传
哆啦A梦全集下载地址
名侦探柯南土豆417
德洲电锯
下阴写真
柳州特产网
电影
出名的钢琴曲
极品黑店
中兴安卓系统880
女人你只是工具
宝格丽戒指
交通银行
快播孙倩
看透爱情看透你广场舞
长沙电影城
谁能百里挑一20111229
伦理qovd
php新闻发布图片
新亮剑
大漠高墙高清版全集
我是特种兵全集
那些年我们一起追的女孩电影完整版
长春兼职招聘信息
快播孙倩
蓝精灵迅雷下载
血洗唐人街
永不磨灭的番号主演
年度总结报告
淘宝今日特价秒杀
51
电脑便签软件
CF的游戏截图电脑没我的文档在哪里找
觉中杂说
广东农村信用社
谁能百里挑一20111229
星辰变外挂自动挂机升级免费版
蘑菇街
电影
下阴写真
bl动画纤细的爱02
情侣网名大全2011
电视剧黑狐全集快播
第四色
qq飞车落日海港1.53
时尚频道
井柏然裸身照
cf
欢迎劲舞商城
新亮剑1-35集播放
超感人90后励志微电影
我的如意狼君高清粤语
www.mfavzy.com
天与地
青山绿水红日子全集
车票
4.3
电脑便签软件
白秋练电影
麻辣宝贝
lmnwyyan
太原新PASST分期付款
棉花糖舞蹈
TXT
通用x500怎么使用
qq浪漫情侣分组
百度
ps有错误影响大吗
看德刚
黑客dnf盗号记事本网站
梅林传奇第五季
天龙八部
lmnwyyan
乌鸡汤怎么炖
双色球2011153开奖结果
我的如意狼君高清粤语
神上身
华军软件园
宝格丽戒指
欢迎劲舞商城
天与地为什么被禁
QQ华夏游戏加速器下载
腾讯QQ
刘洋和前女友视频
贺长生
龙门飞甲完整电影播放
带着游戏穿越
背景图片
精子的检查
qq网名
三国粤语版
有声小说网
大内密探零零狗
人体亿术
李望知
年终总结报告范文
跑跑卡丁车小恶魔外挂
凯立德导航
羽田夕夏
怎么破解压缩文件的密码
无法识别的usb设备
极品黑店
性生活频率多少最健康
桂林到阳朔的游船
张柏芝被多少人日过图
汩汩
mail.qq.com
最新快播纯净按装版
魔兽显血工具
新婚之夜
ecl
沈阳万象城汉拿山团购
快播爽吧
腾讯QQ
qq分组
我的如意郎君高清粤语
qq头像
pdanet
宣化鑫光大刘洋图片
baidu
精子的检查
内分泌失调
pay.sdo.com
2011国剧庆典柳岩舞蹈视屏
黑客dnf盗号记事本网站
大内密探零零狗
宝格丽戒指
小说
爱的色放
泰国清迈花博会
人体艺术图片
典字组词
金枝玉叶全集在线观看
v880开swap
俺去也
驴评网
无法识别的usb设备
DNF各职业觉醒宣传片
神器
神剑问情2
成都兼职地带
珍爱网
dnf官网金
伦理电影
天天向上20081031
Sometimes
干露露
细数娱乐圈十大贫民富翁
羽田夕夏
大胆妹艺术
奥特曼
哈尔滨到铁力的客车
强心脏20111227中字
贺长生
推荐通话时间长的手机
夫妻性技巧
优酷
qq浪漫情侣分组
新编计算机应用基础吉林大学出版社
新亮剑
个性签名网
a
优酷
WWW、RRMMM、COM
真田春香与小孩qvod
21cn
劲舞团私服多开工具
怎样扎头发好看还简单
萧山19楼
5173游戏交易平台
电子书下载网站推荐
ledegaga
韩国最新3D网游排行
大胆妹艺术
快播孙倩有声
3gp手机电影下载
贺长生
百度
123网址之家
杭州著名小吃
瑟银兄弟会交炽热之核
http://027bbs.net/dispbbs.php?boardid=59&id=118490&page=1
U880
大周皇族
魔鬼天使评价
法证先锋3
地团网南昌
河南一区观星台最牛的号是
欢迎劲舞商城
李孝利最近新闻
刘洋和前女友视频
爱上查美乐全集
安利纽崔莱*排毒养颜软胶囊
血洗唐人街
bl动画纤细的爱
腾讯QQ
qq空间
WWW、RRMMM、COM
招财树十字绣
电影《金陵十三钗》完整版纪录片
北京最好的皮肤病专科医院
美女图最新章节
pp飞车下载
于都半班戏
美女图最新章节
皇图腾
火车票网上订票
极品飞车
奥特曼
http://x7777777.com/bbs/
郑源演唱会
沈阳万象城汉拿山团购
快播电影网
美女图最新章节
偏光镜品牌排名
第四色
baidu
爱情睡醒了
天堂1官网
内存条价格
动脉导管未闭X线检查哪项不正确
贺长生
metamorphosis
羽田夕夏
鬼吹灯(全)
毛线长裙
抗抑郁食物
山西鸿德獒园
11152期大乐透开奖结果
av
QQ农牧餐三合一
二七路网站
qq空间
藍雨
叶童赵雅芝帝女花全集
青山绿水红日子视频
单位年终工作总结范文
驾校一点通
57k
怎么破解压缩文件的密码
倾城之泪hd高清完整版
电影
诺基亚
关于远程学习者的特征分析
地下110
招财树十字绣
酒吧现场喊麦
医道官途最新章节
通用x500使用说明
dota复仇之魂
200次师门任务
正常血压
请你原谅我
新亮剑25
马鞍山事故
台湾政论节目2011视频
神剑问情2补丁
杨柳湾影院
天天向上20081031
DNF各职业觉醒宣传片
搞笑第八套广播体操视频
江苏体育wwe
不忠诱罪2
古宝奇缘
恐怖鬼片
广汽传祺gs5价格
贺长生
美国派4集体露营观看
qq网名
长治联通
qq空间
鬼吹灯(全)
v880开swap
有多少男人戴绿帽子
HTCG10手机系统自带软件怎么删除？
优酷
三级小说
伦理qovd
直销安利
单位年终工作总结范文
大航海家4
沈阳万象城滑冰团购
qq空间
神上身
3d贴吧
DNF那些支线任务有SP奖励
网络接收器
山西鸿德獒园
久游劲舞商城
cf透视
驾校一点通
宣化鑫光大刘洋视频
优酷网视频犯错
双色球走势图
迅雷看看
乙肝大三阳能办健康证吗
伦理qovd
英汉互译
七律
觉中杂说
dnf17173视频站
好123网址之家
163
123
WWW、RRMMM、COM
天与地为什么被禁
深圳天龙大道dj
国际油价与国内油价对比
动脉导管未闭X线检查哪项不正确
Melody
那些年
43ddd
鬼吹灯(全)
下调存准率是什么意思
骏网
中国城dj嗨房
师兄撞鬼
dnf17173视频站
那些年我们一起追的女孩电影完整版
毛泽东被刘少奇架空
伦理qovd
qq头像
baidu
韩国最新3D网游排行
精子的检查看那个科
苏宁电器
wwwhhh258.con
搞笑电影
竹筷子生产过程视频
WWW、RRMMM、COM
太过爱你
www.baidu.com
新婚之夜
雅虎
新开传奇私服发布网1.95
02kkk
倾城之泪hd高清完整版
nba
dota卖国贼
伦理qovd
不育不育医院现在有在线的
朴海镇喜欢江铠同
美女图小说
俄罗斯最新核潜艇
www.38jjj.com
喷嚏网
皇图腾
www.131aaa.com
老外
三角形全等典型练习题
银龙鱼怎么辨别雌雄
www.mixrnb.con
CF的游戏截图电脑没我的文档在哪里找
给情人的一封情书
篮球火
中国电信
马月华
桂林到阳朔的游船
9158虚拟视频
火车票学生票网上预订
抗抑郁食物
射击类游戏
沈阳微微婚纱
2011最新yy马甲格式
沈阳万象城滑冰团购
百度
导演与女演员的性关系
3D动画EVA凌波丽
反叛的鲁鲁修.遗失的色彩电脑能玩吗
电影
2012春运火车票12月29号几点可以买到9号的票
www.26uuu.com
伦理qovd
腾讯视频
永恒之塔官网
www.76xy.com
挑战拉斯维加斯
钱多多嫁人记
dota卖国贼
贺长生
qq伤感分组
网址导航
被错杀的15只股票
美女搞笑色视频
cf迎新风暴
第四色
香奈儿美甲
WWW、RRMMM、COM
上海莱星文化艺术策划有限公司网站注册号
遮天最新章节
最恐怖电影
羽田夕夏
网游小说
劲舞团私服多开工具
爱情睡醒了全集
三国志11威力加强版
手机java触屏游戏免费下载
关于远程学习者的特征分析
最恐怖电影
新亮剑25集播放
baidu
海南省三亚到海口汽快车多长时间
银龙鱼怎么辨别雌雄
qq浪漫情侣分组
给情人的一封情书
You
免费同城艳遇交友
好友印象
魔兽地图
www.xxxxxo.com
黄金瞳
古宝奇缘
国模奥雷
东流限制
猛鬼狐狸精林正英主演
法证先锋3
新还珠格格搞笑花絮
毛泽东的十个儿女现在照片
沈阳万象城滑冰团购
cf迎新风暴
遮天最新章节列表
球爱情缘
死神
如意郎君高清粤语全集
裸婚时代全集在线观看
www.38jjj.com
迅雷看看
仙剑奇侠传三
东莞清溪出租屋转让
火车票预订提前几天
WWW、RRMMM、COM
2011安徽政法干警体检
蒋中挺最后五套题
43ddd
劲舞团私服多开工具
恒大
腾讯QQ欢乐送抽奖活动
老外
天堂1
ss
爱你九周半
关于远程学习者的特征分析
itunes
咸阳58同城
分期付款买车
甬温线动车事故
杉原杏璃
插翅难逃
excel中重复怎么筛选
篮球经理
贺长生最新章节
云南女官员陪领导睡
华同
latex
黄金瞳
伦理qovd
稀饭辅助官网
河工论坛
WWW、RRMMM、COM
达人秀千年等一回舞蹈
2012款哈佛h5四驱手动档欧风版乌鲁木齐的售价多少钱？
百度一下
书香
动脉导管未闭X线检查哪项不正确
袁善腊
呱呱
时尚频道msn
青春期1
伦理qovd
劲舞团私服多开工具
win7麦克风
真田春香合集
抗抑郁食物
银龙鱼怎么辨别雌雄
瑶瑶不穿衣
青春期1mp4下载
iphone4s何时在中国上市
抗大
二手车交易市场
机动战士游戏下载
老外
WWW、RRMMM、COM
金甲战士全集
武侠小说下载
中药沙仁
2012春运火车票12月29号几点可以买到9号的票
吞噬星空
54271
爱人
钟丽缇晚娘无删版播放
哥几个走着
sam
张柏芝被多少人日过图
locking教学
玉蒲团3d
大海战
真田春香合集
天与地为什么被禁
最恐怖电影
快播爽吧
邮箱：
baidu
qidian
忘记支付宝账号怎么办
北京舞蹈学院中国舞考级
qq分组
qtalk
炼狱天使
皇图腾
http;//www.jsyks.com/mnks.asp
药师补肾汤谱
西西游戏网
UBB
dnf盗号记事本广西2的
艾尔之光蜥蜴人战士
中兴安卓系统880移动
王刚讲故事
白明理
itunes
50888流行音乐排行榜
宝马越野视频
flying
第四色
冬季毛线长裙
www.26uuu.com
excel中重复怎么筛选
360
考驾照
杉原杏璃
qq空间
劲舞团私服多开工具
又见白娘子
qq交友平台
qq音速
符号网名
仙剑奇侠传三
新亮剑
巴州都市信息报
冬季毛线长裙
三级小说
中药沙仁
lol盒子
糗事百科
标志308
神剑问情2补丁
伦理qovd
免费算命推算个人八字吉凶，今年流年吉凶，适合的职业、方向等等，邵长文老师
54271
生活大爆炸
龙年贺词
电子书下载txt免费下载
小三dj
淘宝今日特价秒杀
回家的qq个性签名
360浏览器
内分泌失调
猴头菇的功效
百度团购
七律
mc涩涩
qq浪漫情侣分组
达人秀第三季第三场完整版
河南高考教育网
chocolate
血洗唐人街
美军攻打伊朗中国的态度
起点
qq空间
大话3密保
电信定制版I889
棉花糖舞蹈
CCTV新闻联播
5233游戏下载
太早歌词
球爱情缘
个人简历
关于70年代参军的电视剧
二手车大车
u880功能图解
使命召唤6攻略
张建尧的擦鞋吧
《哥妹情缘》高安vs格格
干露露
屄
招财树十字绣
深圳天龙大道dj
职务侵占罪量刑标准
最恐怖电影
蒙牛眉山工厂
土豆网七龙珠第三部
噪音性耳聋工伤鉴定
草榴
传奇私服发布网
火车时刻表
新疆暴徒被击毙图片
人到四十
申通快递
银龙鱼怎么辨别雌雄图
狼羊物语
喂奶姐无马赛克视频
内存卡修复工具
CF的游戏截图电脑没我的文档在哪里找
dnf
倾城之泪hd高清完整版
最红小说
爱单车网
总裁大叔你好色
大话3密保
俄罗斯最新核潜艇
内分泌失调
新疆队为什么裁掉马丁
www.ccb.com
人体艺术图片
ipad游戏推荐
新亮剑
网址导航
后宫甄嬛传全集1至76下载
土豆网七龙珠第三部
xx
个人简历
qq空间音乐克隆
动脉导管未闭X线检查哪项不正确
三角形全等典型练习题
真三国无双联合突袭2存档
baidu
www.baidu.com
火车时刻表
师傅搞电影
新开传奇私服发布网1.95
快播爽吧
关于远程学习者的特征分析
www.26uuu.com
新闻
fm2012
机动战士游戏下载
英超宝贝视频
你一定不知道我这样想过
人体艺术图片
古装电影下载
李文达
免费算命推算个人八字吉凶，今年流年吉凶，适合的职业、方向等等，邵长文老师
柳州特产网
幽幽谷
CF的游戏截图电脑没我的文档在哪里找
大话3密保卡免费领取
干露露
gay
快眼
dnf枪手帝国套改天2
动画奇观的作用
怎么让车子移库
毛泽东追悼大会是什么时间
个人简历
长沙万达电影城
妖香之剑
600863
土豆网七龙珠第三部
农民工子女共享一片天
双色球走势图
泰国清迈花博会
新开传奇私服发布网1.95
成都火车试机贩卖冰毒到南京
爱你九周半
土豆网
青春期2青春失乐园高清完整版
忘记支付宝账号怎么办
快播爽吧
新亮剑
寻仙吃仙丹的步骤
酒精性肝硬化症状
龙年贺词
www.70pao.com
刷图月赚1E
i9000报价
www.99193.com
EVE
你一定不知道我这样想过
胡笳
dnf盗号记事本广西2的
qq浪漫情侣分组
土豆网
新还珠格格搞笑花絮
七年级历史
优酷
年度总结报告
v880开swap
lol幸运转盘
劲舞团私服多开工具
俺去也
药师补肾汤谱
三级电影那里可以在线观看
PPT背景图片
www.81666.net
符号网名
广东2012春运火车票12月29号几点可以买到9号的票
草榴时光
桂林到阳朔的游船
girl
新亮剑
快播爽吧
气功附魔什么卡号
农民工子女共享一片天
炼狱天使
天堂电影
浙江台爱情婚姻保卫战
法证先锋3迅雷下载
重口味屎尿电影
流星花园
看电影
shit,fuck,kiss
妖香之剑
银龙鱼怎么辨别雌雄图
七龙珠三部全集土豆网
长春兼职招聘信息
杉杉羽绒服
laslivious.asiaslat
天地玄黄
王刚讲故事抱养的孩子
WWW、RRMMM、COM
上海情侣酒店团购
快播爽吧
蒙牛
至友网
应用心理学专业的介绍
黑老大服毒自杀
跑跑卡丁车小恶魔外挂
wwwganmmcom
之
带薪修假制度适用于哪些人
百度一下
重口味屎尿电影
//vote.wb.yunnan
免费小说下载网站
xx
v880开swap
浙江省财政厅
冬季毛线长裙
461466220
中国电信网上营业厅
mp3directcut
u880手机电视
人体艺术图片
猛鬼狐狸精林正英主演
噪音性耳聋听力图
www.21days.com)
叶玉卿
中国的对联
播放器下载排行榜2011
吸血鬼检察官
2011电影排行榜前十名
七龙珠三部全集土豆网
举起手来1
电脑便签软件
dnf力量叠加药剂
很纯很暧昧xt全集下载
天天盈
NBC北京残奥会开幕式
种子管理站部门个人工作总结
贴吧
cf迎新风暴
海口明珠附近酒店订房
四川眉山顺丰快递电话号码
房间风水
清宫生男生女表
七根胡小说全集下载
拳霸3
福特福克斯两厢优缺点
65jjj
www.26uuu.com
关于70年代参军的电视剧
火车票预售期
win7麦克风
carcony|汽车节油器生产厂家
百度一下
usb驱动下载
金枝玉叶全集在线观看
化工
xx
毛泽东追悼大会是什么时间
注册表
www.mfavzy.com
新疆暴徒被击毙图片
600863
爱你九周半
快播下载
杉杉羽绒服
前哨
分期付款买车
dnf2012年春节礼包
数学分式
dnf
倾城之泪高清在线观看
慈禧
全球免费视频随机聊天
ｗｗｗ．ａｎｑｕｙｅ．ｃｏｎ
劲舞团私服多开器
气功附魔什么卡号
青春乐园
新水浒
cctv1
节振国传奇
你一定不知道我这样想过
白人
东华软件
www.a67.com
永生
金瓶梅全集免费下载
飞飞世界
幽幽谷
星戒全文阅读
新亮剑主演
海口明珠附近酒店订房
新疆恐怖分子袭击武警图片
快播孙倩有声
狼羊物语
34aaa
七律
重生豪门贵女
男人电影网站
永生最新章节列表
四川眉山顺丰快递电话号码
看电影的网站
hao123.com
超浪漫的一对情侣分组
DOTA卖国贼是谁
计算器
百度一下
土豆网七龙珠第三部
百度
船震门
全球免费视频随机聊天
湖南工程学院美术分数线
心情短语
虫草乌鸡汤怎么炖
pps游戏大厅
CMOS
新亮剑
www.mfavzy.com
百度一下
美女图小说
药师补肾汤谱
大屏触屏手机java游戏
海口明珠附近酒店订房
qq管家5.0
4a电影
内分泌失调
幼儿园见习日记
前哨
pxl转ipa
怎么破解压缩文件的密码
5233的塞班论坛
妖香之剑
dnf盗号记事本下载
DOTA卖国贼是谁
表现领导关怀的音乐
干露露
uU影
123网址之家
百姓网
百度
西西外挂网
凰图腾
优酷
极品飞车15中文版下载
模拟驾驶飞机单机游戏
土豆网七龙珠第三部
i30
人体艺术网
另类重口味屎尿电影
我国东西部高校数量
小品连队速写背景音乐
佤族摸你黑视频
华同
天地玄黄
qq会员特权试用卡领取
优酷网
倾城之泪高清在线观看
关于远程学习者的特征分析
我的灿烂人生全集
色
冬季半身长裙搭配
500万
kazak
最新网页游戏
2012元旦精美图片
天上人间副总孙立霞
毛骗第1技
qq三国军团大练兵
爱你九周半
另类重口味屎尿电影
战气凌神全文阅读
冬天脸被玻璃刮伤了怎么办
SCH-i889
妖香之剑
超浪漫的一对情侣分组
狗狗影视
鹿鼎记好玩吗
胡莱三国小分队
qq三国军团大练兵
英文翻译器
电影飞虎神鹰
吴帅
南方周末
dj视频舞曲
蜜桃成熟时33d
去哪儿机票网
烽火儿女情全集快播
侠盗飞车下载
第四色
av伦理影视库
中天悬剑
党员带领群众致富情况
荷花棠
DOTA卖国贼
www.84aaa.com
怎么破解压缩文件的密码
道教最高神
杉杉羽绒服
宝格丽戒指
qq网名
劲舞团私服多开器
神剑问情2补丁
QQ2011q
52小游戏网
伤感日志
羽田夕夏
气功附魔什么卡号
林俊杰2011新专辑试听
香港奇案之强奷
电影夜盗珍妃墓
狙击精英
u880手机电视
生化危机5电影在线看
男同志影片
新疆暴徒被击毙图片
ribensanjipian
大屏触屏手机java游戏
i30
墨香
超浪漫的一对情侣分组
ｗｗｗ．８４ａａａ．ｃｏｍ
狗狗影视
laslivious.asiaslat
一一向前冲
英语在线翻译
血战到底
最新移动手机充值q币
白人
湖北
湖南7卡防御
玲珑塔
ditu
孙倩
95成都僵尸
电脑网速怎么变快
四川大学
qq飞车落日海港1.53
钟丽缇主演晚娘
cctv1
冬天脸被玻璃刮伤了怎么办
全球免费视频随机聊天
劲舞团私服多开器
U影
新亮剑
武侠小说全集免费下载
10万元的好车推荐
七根胡小说全集下载
461466220
银龙鱼怎么辨别雌雄图
百度
桂林到阳朔的游船
冬季半身长裙搭配
减肥药
医院
总裁大叔你好色
武汉同济医院泌尿科
百度
天龙九变
杭州马拉松2012
香奈儿美甲
就想赖着你
电影
黑街宝宝：首席爹地强制爱
天之翼
真三国无双联合突袭2中文版存档
电视剧
滕卡特
英超宝贝视频
凰图腾
天山网首页
2011年企业党员个人总结
土豆网
最好看的华语电影
起点
快播爽吧
全有影院
小三dj
大约在冬季
北京舞蹈学院中国舞考级
《好看的言情小说多部》(情节
迅雷
央视网
qq个性签名
湖南7卡防御
10万元的好车推荐
女教授的隐秘魅力
西南交大
内存卡修复工具
韩国第一乳神
男人电影网站
湖北
酒精性肝硬化症状
超浪漫的一对情侣分组
广州市国家税务局网
香港古惑仔电影全集
张柏芝演过什么三级
帝锦电视剧全集
云轩阁
2012元旦精美图片
男人帮
免费算命推算个人八字吉凶，今年流年吉凶，适合的职业、方向等等，邵长文老师
冬季半身长裙搭配
广西特产有哪些
麻仓优
t豆网
成都火车试机贩卖冰毒到南京
SCH-i889
血洗唐人街
新亮剑全集
qq好友印象
被错杀的15只股票
神剑问情2补丁
艳舞系列
总裁大叔你好色
123
网速测试
狗狗首页
11对战平台
劲舞团私服多开器
ribensanjipian
爱你九周半
黑街宝宝：首席爹地强制爱
美图秀秀
www.VVV17.com
weibo
奥特曼
461466220
3d走势图
fm2012
秀秀
mp4格式电影下载
u880手机电视
360
56女生视频
cf免费领取玫瑰斧头
英超宝贝视频
win7麦克风
克隆空间
大屏触屏手机java游戏
九阴真经官网
sodu
迷人的眼睛
pps游戏大厅
最新网页游戏
柳岩国剧盛典视频
全球免费视频随机聊天
周星驰电影全集
生化危机5电影在线看
www.8x9x.com
桃溪
血洗唐人街
600089
羽田夕夏
黑街宝宝：首席爹地强制爱
461466220
小孩子晚上耳朵老是疼
王刚讲故事抱养的孩子
鹿鼎记哪个职业好玩
邓小平追悼大会视频
猴头菇的功效
qq个性签名
cf免费领取玫瑰斧头
百度一下
四川眉山顺丰快递电话号码
情书
烽火儿女情全集快播
永不磨灭的番号1-34视频
soso.com
师傅搞电影
1993恐龙快打下载
nga魔兽世界
河南高考教育网
棺材年终奖
海口明珠附近酒店订房
杭州马拉松2012
潇湘情缘聊天室
新水浒传演员表熊乃瑾
G1
郑伊健电影全集国语
第四色
恨嫁ing
黑狐
很纯很暧昧完本
黑街宝宝：首席爹地强制爱
baidu
神话
lol复仇焰魂官方教学视频
mp3directcut下載
中国女
成都爱房网
彩票大赢家
2012元旦精美图片
中国ak47突击步枪
卢武铉
mp3directcut下載
大屏触屏手机java游戏
土豆网
梦幻西游转区查询
炼金术士
极品太子爷最新章节
狙击精英中文版下载
中国近代人文思想
党员带领群众致富情况
13ddd
我的军阀生涯
qq空间
金剑锋
超浪漫的一对情侣分组
2011最好看的动作片
伤感日志
baidu
百度一下
3d字谜太湖钓叟
被错杀的15只股票
360安全卫士下载
r人体艺术写真
www.mfavzy.com
福建夜生活
干露露
真田春香合集
qq空间音乐播放器
人体艺术图片
IIS7
关之琳
视频格式转换器怎么下载
耒阳天气
总裁大叔你好色
假体丰胸
百度一下
怎么换行会老大啊
e8-b终端设置
2011q
七根胡小说全集下载
朝鲜美女陪金正日睡觉视频
周星驰电影全集
金陵十三钗电影
qq头像
白羊座2012年1月整体运势
帝锦电视剧何时播出
迷人的眼睛
带薪修假制度适用于哪些人
广州市国家税务局网站
fm2012
生化危机5电影在线看
免费电影下载
忘记支付宝账号怎么办
13ddd
春暖花开性吧有你
温柔的背后
刘真大学时候长什么样子啊
59au
怎吗知道女性的MM
吞噬星空有声小说
速度与极限5高清下载
馨雨听书网
腾讯QQ欢乐送抽奖活动
高傲公主与变态王子
羽田夕夏
变形金刚2
恨嫁ing
fzl网名
人体艺术图片
金正日遗体告别仪式全过程
永远的免费论坛
黑街宝宝：首席爹地强制爱
免费算命推算个人八字吉凶，今年流年吉凶，适合的职业、方向
上海计算机一级成绩查询
刘真大学时候长什么样子啊
美图秀秀美女图片
金剑锋
快播凰图腾
ddr犬的性格
关于70年代参军的电视剧
农民工子女
网上订票官网
劲舞团私服多开器
素材
韩国第一乳神
逍遥社区
war3地图
dnf盗号记事本下载
太阳的新娘
腾讯QQ欢乐送抽奖活动
头像图片
七律
nga魔兽世界
石刑
黑龙江qq同城交友
youku
香港六彩开奖结果
长沙男同会所
张柏芝被多少人日过图
快播
电影
银龙鱼辨雌雄
穿越火线、
ｗｗｗ．ａｎｑｕｙｅ．ｃｏｎ
快播电影
小三dj
手机电视剧下载
mp3directcut下載
刘德华演唱会
肉蒲园
电影夜盗珍妃墓
recovery1.70
亮剑2铁血军魂
快播电影
dnf幻影手镯属性
电视剧遍地狼烟
博乒乓论坛
李湘女儿两周岁照片
梦幻西游转区查询
OfficeSuite
尼龙长裙
塞班智能手机论坛
3d字谜
中国ak47突击步枪
nobody版《元首的愤怒》
快播电影
湖南联通网上营业厅
我国东西部高校数量之比
百度一下
世界大学生戏剧大赛
dnf盗号记事本下载
体育个人总结
美图秀秀美女图片
新疆恐怖分子袭击武警图片
特侖蘇｀妳純不過姐
地上地下
逍遥社区
炼狱天使方强txt全集下载
fm2012
war3地图
血战到厎
恨嫁ing
韩寒博客
海贼王剧场版下载
帝国时代
暗夜骑士
后宫甄嬛传
recovery1.70
很纯很暧昧全txt免费下载
魔法老师第二季
中国ak47突击步枪
www.zhengfu123.com
温柔的背后
逍遥社区
岳阳市一中
潘神的迷宫
河南周口警察杀人案结果
美图秀秀美女图片
怎么用照片当QQ秀
奇迹世界官网
春暖花开
小三dj
国门英雄
征途2淮阳古道大地图
最新电影
a67手机电影下载
竹子
ting
梦幻西游转区查询
13ddd
mp3directcut下載
淮滨县
马和牛交配视频
城市猎人
无极限最新电影排行
qq名
QQ
www//881883com
DNF
www.anquye.com
有多少男人戴绿帽子
劲舞团私服多开器
河南周口警察杀人案结果
关之琳
成都的大学名单
真三国无双联合突袭2中文版存档
相机偏光镜
视频格式转换器怎么下载
找小说网
OfficeSuite
北川景子电影
欢子的所有歌曲
中考记叙文议论文说明文
免费小说下载网站
梦幻西游转区查询
艳舞系列
营养不良患儿的最初表现是
玲珑塔dj
师傅搞电影
太阳的新娘
qq三国军团大练兵
2012元旦精美图片
a67手机电影下载
金正日遗体告别仪式全过程
怎样给电脑做系统
优酷
俺去也
梦幻西游神剑问情2
ProBuild-fk0416-wk.rar
hao123.com
凰图腾结局
www.84aaa.com
劲舞团私服多开器
驾校一点通模拟考试
民族交响乐《乔家大院组曲》
CF
烽火儿女情全集快播
天地玄黄
永不磨灭的番号1-34视频
棉花糖舞蹈
www.anquye.com
qq2011q
太原足疗按摩店扫黄
僵尸全集国语版林正英
李孝利
广州渥格服装辅料有限公司
太阳的新娘
dnf视频
东风尖头车
溜吧”
www.d4se
qq2011q
帝国时代
lol官网
鸟巢锚索
金剑锋
www.kuulee，con
黑色流光字
灵魂战车2在线观看
稀饭辅助官网
三国之蜀汉我做主
人体艺术图片
中国节能服务产业现状
3d字谜总汇
梦幻西游转区查询
12DDD
中兴u880刷机
蓝钻免费领记牌器的网址
电影下载网站
三禁片
2010中国城市人均gdp排名
ps下载
张家界宏茂生态种苗有限公司
新亮剑全集1至35集
朝鲜金正日儿子金正恩简历
神话
灵魂战车2在线观看
ps下载
k隆qq空间
周公解梦
sgml
一公司董事长将企业的资金转移到另一公司注册成自己的公司，他犯了什么罪？
太原足疗按摩店扫黄
www.26uuu.com
北川景子电影
尼龙长裙
种子管理站部门个人工作总结
超龄子女审批缓慢原因
图片收藏
香妃刘丹车祸资料
大连理工大学
www.6642.com
民族交响乐《乔家大院组曲》
免费下载小说网
手上的横纹
freegate
黑龙江qq同城交友
唐人神集团有哪些劣势
2011款宝马320i豪华型评价
蓝钻免费领记牌器的网址
鸟巢锚索
很纯很暧昧全txt免费下载
涪风论坛
a67
总裁大叔你好色
电子商务
蚌埠租房信息
sgml
羽田夕夏
第八百六十二章
baidu
有多少男人戴绿帽子
天津北方创业小额贷款公司
警方击毙暴徒现场录像
线性代数
金剑锋
广州渥格服装辅料有限公司
武动乾坤
阳光的快乐生活5
干露露
三级电影那里可以在线观看
cf迎新风暴
权财
手机电影下载
qq好友印象魅力值人气值
www.987dy.com
梦幻西游转区查询
3p
夹江二手车市场
不忠诱罪完整版qvod
三集片
十大经典单机游戏
宫2
举起手来潘长江电影1
武当
人体艺术
武动乾坤
电子书下载txt免费下载
单机射击类游戏排名
快播
dnf幻影手镯属性
品色堂论坛
建设银行
www.84aaa.com
长春最新兼职招聘信息
超浪漫的一对情侣分组
相机偏光镜
百度
百姓网
河池同成游
gay
汉翻英在线翻译
freegate
SCH-i889
www.64aaa.com
qq好友印象魅力值人气值
人体艺术
总裁大叔你好色
兼职招聘
百度
四川大学
东莞清溪出租屋转让
生于望族
十大电影下载网站
怎吗知道女性的
侬本多情全集
麻仓优
裸婚时代
品色堂论坛
鸿蒙教尊
sgml
龙门飞甲完整电影播放
朝鲜美女陪金正日睡觉视频
nga
植物大战外星人下载
freegate
qidao
全球免费视频随机聊天
手上的横纹
皮草
申通快递
自然密码巨型狮子大战
性生活姿势
电影
大明龙权
守护光明圣域4.3密码
世纪大掌柜软件
男人电影网站
昵图网素材图库
杭州马拉松官方网站
延安毛泽东骂彭德怀
qq网名
url
品色堂论坛
青山绿水红日子视频
悬崖电视剧全集播放
猎国全文阅读
肉蒲园
nga
羽田夕夏
人体艺术
创建AAC版本
问道代金币
全国高校数量排名
东方艳遇
cf月影
qq空间
相机偏光镜
繁体字转换器
小说阅读网
品色堂论坛
OfficeSuite
www,tube8,com
sto
鸿蒙教尊
电视剧遍地狼烟
蓝钻免费领记牌器的网址
炼金术士
maui
现在最流行的发型
毛泽东被刘少奇架空
百度一下
剑祖
喂奶姐
劲舞团私服多开工具
14iii
关之琳
品色堂.永远的免费论坛
av伦理影视库
伦理片
5173游戏交易平台
伤感日志
东方艳遇
178源地址
胡笳
北京舞蹈学院地址
3p
香港六彩开奖结果
人体艺术
泰国拉拉电影
日语罗马拼音输入法
百度一下
刘真素颜
品色堂论坛
蓝钻免费领记牌器的网址
www.84aaa.com
新秀乔丹汉密尔顿潜力
pscs5序列号
伦理电影
免费下载小说网
春暖花开
断喉弩
诺基亚不行了
西西
www.35com
游戏人生
latex
www.ttt138
新商盟
东风尖头车
韩国师傅搞tv
新秀乔丹汉密尔顿潜力
总裁大叔你好色
2011款宝马320i豪华型评价
梦幻西游神剑问情2
凰图腾结局
吃完降压药尿频了
那个奇迹私服好
龙门飞甲
淮滨县淮滨小学
迅雷
铁岭传销
分手后的伤感日志
肉蒲园
我的女儿我的泪
游戏机生产厂家
钢的琴
2012调资
世纪大掌柜软件
日本比基尼MM玩的游戏
干露露
印度一集片
HTCG10手机系统自带软件怎么删除？
十大电影下载网站
太阳的新娘大结局全集
牛仔裤的夏天2
土豆
农场牧场偷匪
达人秀千年等一回舞蹈
我们追过的女孩qvod高清下载
男人遇上让她满足的女人
鸿蒙教尊
柳岩国剧盛典视频
google
qq三国军团大练兵
怎样画眼妆
japan
银龙鱼辨雌雄
天津北方创业小额贷款公司
白恋小说下载
秋叶原
新电影2011排行榜
大连开发区足疗按摩店
香港奇案之强奷
新版亮剑
dnf盗号记事本下载
go下载网
映画ady
腾讯QQ欢乐送抽奖活动
人体艺术
天上人间副总孙立霞
无线路由器设置
2012调资
情动上下九
大眾論壇
山西鸿德獒园
白恋小说下载
复旦大学研究生院
四川大学本科生在那个校区上课
淘宝商城
408
深入敌后
东京热种子
超浪漫的一对情侣分组
冯绍峰
无敌僵尸王
干露露
japan
关爱农民工子女志愿服务行动总结
相机偏光镜
暴徒
qq伤感网名大全
新三国演义全集
品色堂论坛
东方艳遇
av伦理影视库
qq好友印象
毛泽东被刘少奇架空
百度
mv下载
帝国时代
qq空间音乐链接地址
我们追过的女孩qvod高清下载
www.26uuu.com
森山杏菜
快播
abcdefghijklmnopqrstuvwxyz
四川大学本科生在那个校区上课
天地玄黄
www.84
满城挖
飞机驾驶单机游戏
吞噬星空最新章节列表
太阳的新娘大结局全集
latex
马洪秀
胡笳
乌鸦
qq蓝钻记牌器
www,tube8,com
中央戏剧学院
无敌僵尸王
抑制血管重构的药物
鞍山市育英中学
坏蛋是怎么炼成的2
qq三国大练兵
三集片
人体艺术
人体亿术
mv下载
www.jcard.cn
新闻
剑祖
森山杏菜
优酷
东方艳遇
凡人修仙传最新章节
龙门飞甲
音悦台
gay
qvod播放器下载
素材天下
qq空间克隆
宫2
00271.com
恐怖沸腾
北川景子电影
羽田夕夏
叶问1
qq蓝钻记牌器
春暖花开最新地址
男人遇上让她满足的女人
香奈儿美甲
支付宝
k隆qq空间
youku
三客优
马洪秀
天地玄黄
注册表
花好月圆酒
水资源现状及趋势论文
恐怖沸腾
东莞清溪出租屋转让
美军攻打伊朗中国的态度
www,tube8,com
百姓
赶集网
qq蓝钻记牌器
真田春香
qq九仙官网
邪恶力量第六季
那个奇迹私服好
优酷
wwwhhh258.con
三级电影那里可以在线观看
黑狐
凰图腾演员表图片
我们追过的女孩qvod高清下载
www.26uuu.com
latex
牛仔裤的夏天2
上海计算机一级成绩查询
游戏风云
3d字谜总汇
FM2012
混沌剑神
坏小子玩转黑道
玄幻小说网站大全
四川新津顺丰快递电话号码
火影忍者全集
www.84aaa.con
名犬
仙鸿路
一色导航
无锡尚德
坏蛋是怎么炼成的2
坏男人送上门
pingliwang
二手汽车
线性代数西南交大
凡人修仙传最新章节
广东学习网
电影大决战辽沈战役
新永不瞑目全集
qq三国大练兵视频
B加锁
女人的全体器官图
同步助手
李孝利
紫色代表什么
性是什么
线性代数西南交大
干露露
比思论坛
1993恐龙快打下载
香奈儿美甲
恐怖沸腾
年终工作总结范文
怎样画眼妆
美国移民
wwwhhh258.con
sohu
武当2全集
胸腔镜下右上肺叶切除术视频
羽田夕夏
新版亮剑
喂奶姐
dnf盗号记事本下载
杀人不分左右图解
宝来
3d字谜总汇
邓小平逝世各国反应
新亮剑23集在线观看
干露露
第四色
qq会员特权试用卡领取
娜娜游戏网
恐怖沸腾
latex
名犬
毒蛇
西瓜影院
x西西
13261192788
比思论坛
dnf
耽美小说
我是特种兵第二部30集
freegate
深喉
干露露
东风悦达起亚k2报价及图片
前哨
大连装备制造职业技术学院
播放器排行榜2011
3d飞机驾驶游戏
2012先进制造与工程
马洪秀
龙之战
nba
关爱农民工子女志愿服务行动总结
达人秀第一季总决赛
男机械刷图加点
广州西关建筑特点
古装电影下载
牛仔裤的夏天2
www.kuulee.com
freegate
3
居民外汇存款在建行中的比重
张柏芝电脑丢失图片
DSG
私服发布网
word
yto官网
全国高校数量排名
肉蒲园下载
人肉搜索
印度一集片
234fff
天地玄黄
788KK
谷歌手机
家园守卫战罗德港防守攻略
羽田夕夏
www.anquye.com
罗志祥演唱会
奉子成婚第一皇后
百度一下
dphn102
广州西关建筑特点
FM2012
黑狐
张柏芝被多少人日过图
qqq29
九韶
考驾照
金瓶梅
安徽移动网上营业厅
邓超
万卷书屋
百度一下
av伦理影视库
太极拳腰胯练习视频
武林外史全集
韩国师傅搞tv
zhibo8
